<?xml version="1.0" encoding="UTF-8"?>
<TestRun id="6c7308ec-b19d-4181-95b7-f0f3ad84e9ba" name="Michael@MICHAEL-PC 2012-06-13 10:55:26" runUser="Michael-PC\Michael" xmlns="http://microsoft.com/schemas/VisualStudio/TeamTest/2010">
  <TestSettings name="Local" id="397f7128-1790-459c-a965-4142d4897709">
    <Description>These are default test settings for a local test run.</Description>
    <Deployment enabled="false" runDeploymentRoot="Michael_MICHAEL-PC 2012-06-13 10_55_26">
      <DeploymentItem filename="C:\Users\Michael\_CODE\DitTO\packages\EntityFramework.4.3.1\lib\net40\EntityFramework.dll" />
      <DeploymentItem filename="C:\Users\Michael\_CODE\Ienablemuch.ToTheEfnhX\Ienablemuch.ToTheEfnhX.EntityFramework\bin\Release\Ienablemuch.ToTheEfnhX.EntityFramework.dll" />
      <DeploymentItem filename="C:\Users\Michael\_CODE\Ienablemuch.ToTheEfnhX\Ienablemuch.ToTheEfnhX.EntityFramework\bin\Release\Ienablemuch.ToTheEfnhX.dll" />
      <DeploymentItem filename="C:\Users\Michael\_CODE\DitTO\packages\Iesi.Collections.3.2.0.4000\lib\Net35\Iesi.Collections.dll" />
      <DeploymentItem filename="C:\Users\Michael\_CODE\DitTO\DitTO\bin\Release\Ienablemuch.DitTO.dll" />
      <DeploymentItem filename="C:\Users\Michael\_CODE\DitTO\packages\FluentNHibernate.1.3.0.727\lib\FluentNHibernate.dll" />
      <DeploymentItem filename="C:\Users\Michael\_CODE\DitTO\Ienablemuch.DitTO.EntityFramework.StubAssigner\bin\Release\Ienablemuch.DitTO.EntityFrameworkStubAssigner.dll" />
      <DeploymentItem filename="C:\Users\Michael\_CODE\Ienablemuch.ToTheEfnhX\Ienablemuch.ToTheEfnhX.NHibernate\bin\Release\Ienablemuch.ToTheEfnhX.NHibernate.dll" />
      <DeploymentItem filename="C:\Users\Michael\_CODE\Ienablemuch.ToTheEfnhX\Ienablemuch.ToTheEfnhX.EntityFramework\bin\Release\SystemLinqDynamic.dll" />
      <DeploymentItem filename="C:\Users\Michael\_CODE\DitTO\TheEntities\bin\Release\TheEntities.dll" />
      <DeploymentItem filename="C:\Users\Michael\_CODE\DitTO\packages\NHibernate.3.3.0.4000\lib\Net35\NHibernate.dll" />
    </Deployment>
    <Execution>
      <TestTypeSpecific />
      <AgentRule name="Execution Agents">
      </AgentRule>
    </Execution>
  </TestSettings>
  <Times creation="2012-06-13T10:55:26.2190000+08:00" queuing="2012-06-13T10:55:26.2690000+08:00" start="2012-06-13T10:55:26.2920000+08:00" finish="2012-06-13T10:55:31.6610000+08:00" />
  <ResultSummary outcome="Completed">
    <Counters total="19" executed="19" passed="19" error="0" failed="0" timeout="0" aborted="0" inconclusive="0" passedButRunAborted="0" notRunnable="0" notExecuted="0" disconnected="0" warning="0" completed="0" inProgress="0" pending="0" />
  </ResultSummary>
  <TestDefinitions>
    <UnitTest name="Test_Dto_To_Poco" storage="c:\users\michael\_code\ditto\testditto\bin\release\testditto.dll" id="6a9476f7-86f9-8504-595a-f2251f9be6bf">
      <Execution id="2eff0740-c46b-44f5-9979-afb17728a4c1" />
      <TestMethod codeBase="C:/Users/Michael/_CODE/DitTO/TestDitTO/bin/Release/TestDitTO.DLL" adapterTypeName="Microsoft.VisualStudio.TestTools.TestTypes.Unit.UnitTestAdapter, Microsoft.VisualStudio.QualityTools.Tips.UnitTest.Adapter, Version=10.0.0.0, Culture=neutral, PublicKeyToken=b03f5f7f11d50a3a" className="TestDitTO.Tests, TestDitTO, Version=1.0.0.0, Culture=neutral, PublicKeyToken=null" name="Test_Dto_To_Poco" />
    </UnitTest>
    <UnitTest name="Test_Strongly_typed_mapper_for_Dto_To_Poco" storage="c:\users\michael\_code\ditto\testditto\bin\release\testditto.dll" id="4794794d-9fdd-7db6-103b-b405f98bc982">
      <Execution id="020ac32d-7be2-4a17-b960-2dcd0430e230" />
      <TestMethod codeBase="C:/Users/Michael/_CODE/DitTO/TestDitTO/bin/Release/TestDitTO.DLL" adapterTypeName="Microsoft.VisualStudio.TestTools.TestTypes.Unit.UnitTestAdapter, Microsoft.VisualStudio.QualityTools.Tips.UnitTest.Adapter, Version=10.0.0.0, Culture=neutral, PublicKeyToken=b03f5f7f11d50a3a" className="TestDitTO.Tests, TestDitTO, Version=1.0.0.0, Culture=neutral, PublicKeyToken=null" name="Test_Strongly_typed_mapper_for_Dto_To_Poco" />
    </UnitTest>
    <UnitTest name="Test_Live_Ef_Language_Country" storage="c:\users\michael\_code\ditto\testditto\bin\release\testditto.dll" id="868724cd-ee1a-d8c7-130f-18d9892c04d2">
      <Execution id="0cf3a397-875b-47d6-ba69-5b79d3d33a5c" />
      <TestMethod codeBase="C:/Users/Michael/_CODE/DitTO/TestDitTO/bin/Release/TestDitTO.DLL" adapterTypeName="Microsoft.VisualStudio.TestTools.TestTypes.Unit.UnitTestAdapter, Microsoft.VisualStudio.QualityTools.Tips.UnitTest.Adapter, Version=10.0.0.0, Culture=neutral, PublicKeyToken=b03f5f7f11d50a3a" className="TestDitTO.Tests, TestDitTO, Version=1.0.0.0, Culture=neutral, PublicKeyToken=null" name="Test_Live_Ef_Language_Country" />
    </UnitTest>
    <UnitTest name="Test_Mapping_Corner_Cases" storage="c:\users\michael\_code\ditto\testditto\bin\release\testditto.dll" id="03a43309-9383-a197-5846-15498a856f10">
      <Execution id="8dfd34a7-482f-4b84-92c5-c52b5762239a" />
      <TestMethod codeBase="C:/Users/Michael/_CODE/DitTO/TestDitTO/bin/Release/TestDitTO.DLL" adapterTypeName="Microsoft.VisualStudio.TestTools.TestTypes.Unit.UnitTestAdapter, Microsoft.VisualStudio.QualityTools.Tips.UnitTest.Adapter, Version=10.0.0.0, Culture=neutral, PublicKeyToken=b03f5f7f11d50a3a" className="TestDitTO.Tests, TestDitTO, Version=1.0.0.0, Culture=neutral, PublicKeyToken=null" name="Test_Mapping_Corner_Cases" />
    </UnitTest>
    <UnitTest name="Test_Live_Ef_Language_Country_Poco_to_Dto_NullableCountry" storage="c:\users\michael\_code\ditto\testditto\bin\release\testditto.dll" id="0ba62294-c0c5-2415-33e0-915234705ac7">
      <Execution id="814ffd41-6058-458e-a243-4ca755ad7cdf" />
      <TestMethod codeBase="C:/Users/Michael/_CODE/DitTO/TestDitTO/bin/Release/TestDitTO.DLL" adapterTypeName="Microsoft.VisualStudio.TestTools.TestTypes.Unit.UnitTestAdapter, Microsoft.VisualStudio.QualityTools.Tips.UnitTest.Adapter, Version=10.0.0.0, Culture=neutral, PublicKeyToken=b03f5f7f11d50a3a" className="TestDitTO.Tests, TestDitTO, Version=1.0.0.0, Culture=neutral, PublicKeyToken=null" name="Test_Live_Ef_Language_Country_Poco_to_Dto_NullableCountry" />
    </UnitTest>
    <UnitTest name="Test_Live_EF_Poco_To_Dto" storage="c:\users\michael\_code\ditto\testditto\bin\release\testditto.dll" id="e79dc9e1-ed55-95b0-8016-10df46076ea1">
      <Execution id="413ce8b6-af28-4182-b9b2-a140e66798bb" />
      <TestMethod codeBase="C:/Users/Michael/_CODE/DitTO/TestDitTO/bin/Release/TestDitTO.DLL" adapterTypeName="Microsoft.VisualStudio.TestTools.TestTypes.Unit.UnitTestAdapter, Microsoft.VisualStudio.QualityTools.Tips.UnitTest.Adapter, Version=10.0.0.0, Culture=neutral, PublicKeyToken=b03f5f7f11d50a3a" className="TestDitTO.Tests, TestDitTO, Version=1.0.0.0, Culture=neutral, PublicKeyToken=null" name="Test_Live_EF_Poco_To_Dto" />
    </UnitTest>
    <UnitTest name="Test_nested_Live_Ef_Dto_to_Poco" storage="c:\users\michael\_code\ditto\testditto\bin\release\testditto.dll" id="71c37fa7-eb5a-3ce4-535c-1616d2d1517e">
      <Execution id="79249b6d-5d69-46ac-bd64-7ab67fa948c0" />
      <TestMethod codeBase="C:/Users/Michael/_CODE/DitTO/TestDitTO/bin/Release/TestDitTO.DLL" adapterTypeName="Microsoft.VisualStudio.TestTools.TestTypes.Unit.UnitTestAdapter, Microsoft.VisualStudio.QualityTools.Tips.UnitTest.Adapter, Version=10.0.0.0, Culture=neutral, PublicKeyToken=b03f5f7f11d50a3a" className="TestDitTO.Tests, TestDitTO, Version=1.0.0.0, Culture=neutral, PublicKeyToken=null" name="Test_nested_Live_Ef_Dto_to_Poco" />
    </UnitTest>
    <UnitTest name="Test_Live_Nh_Language_Country_Poco_to_Dto" storage="c:\users\michael\_code\ditto\testditto\bin\release\testditto.dll" id="1d6a957a-0b27-6297-ca14-3404fd6b8366">
      <Execution id="b4120829-9fb2-4e69-b820-1ccee083d9d9" />
      <TestMethod codeBase="C:/Users/Michael/_CODE/DitTO/TestDitTO/bin/Release/TestDitTO.DLL" adapterTypeName="Microsoft.VisualStudio.TestTools.TestTypes.Unit.UnitTestAdapter, Microsoft.VisualStudio.QualityTools.Tips.UnitTest.Adapter, Version=10.0.0.0, Culture=neutral, PublicKeyToken=b03f5f7f11d50a3a" className="TestDitTO.Tests, TestDitTO, Version=1.0.0.0, Culture=neutral, PublicKeyToken=null" name="Test_Live_Nh_Language_Country_Poco_to_Dto" />
    </UnitTest>
    <UnitTest name="Test_nested_Live_Ef_SaveGraph_Two_Times" storage="c:\users\michael\_code\ditto\testditto\bin\release\testditto.dll" id="91c6b9f0-c6a1-0c52-f7f2-7d0fe3a1e82d">
      <Execution id="a97bc5b5-b3e9-4149-b172-313510d43391" />
      <TestMethod codeBase="C:/Users/Michael/_CODE/DitTO/TestDitTO/bin/Release/TestDitTO.DLL" adapterTypeName="Microsoft.VisualStudio.TestTools.TestTypes.Unit.UnitTestAdapter, Microsoft.VisualStudio.QualityTools.Tips.UnitTest.Adapter, Version=10.0.0.0, Culture=neutral, PublicKeyToken=b03f5f7f11d50a3a" className="TestDitTO.Tests, TestDitTO, Version=1.0.0.0, Culture=neutral, PublicKeyToken=null" name="Test_nested_Live_Ef_SaveGraph_Two_Times" />
    </UnitTest>
    <UnitTest name="Test_Dto_To_Live_Nh_Poco" storage="c:\users\michael\_code\ditto\testditto\bin\release\testditto.dll" id="5cba631f-b350-c9fc-48ed-945bf7159979">
      <Execution id="4b66caf9-1e03-4998-825c-7883a6ac262f" />
      <TestMethod codeBase="C:/Users/Michael/_CODE/DitTO/TestDitTO/bin/Release/TestDitTO.DLL" adapterTypeName="Microsoft.VisualStudio.TestTools.TestTypes.Unit.UnitTestAdapter, Microsoft.VisualStudio.QualityTools.Tips.UnitTest.Adapter, Version=10.0.0.0, Culture=neutral, PublicKeyToken=b03f5f7f11d50a3a" className="TestDitTO.Tests, TestDitTO, Version=1.0.0.0, Culture=neutral, PublicKeyToken=null" name="Test_Dto_To_Live_Nh_Poco" />
    </UnitTest>
    <UnitTest name="Test_Live_Ef_Language_Country_Poco_to_Dto" storage="c:\users\michael\_code\ditto\testditto\bin\release\testditto.dll" id="6032bfcb-ead9-6f8b-54e1-1894c4fa55ab">
      <Execution id="87561a54-229f-4cef-89bc-475d07977bf9" />
      <TestMethod codeBase="C:/Users/Michael/_CODE/DitTO/TestDitTO/bin/Release/TestDitTO.DLL" adapterTypeName="Microsoft.VisualStudio.TestTools.TestTypes.Unit.UnitTestAdapter, Microsoft.VisualStudio.QualityTools.Tips.UnitTest.Adapter, Version=10.0.0.0, Culture=neutral, PublicKeyToken=b03f5f7f11d50a3a" className="TestDitTO.Tests, TestDitTO, Version=1.0.0.0, Culture=neutral, PublicKeyToken=null" name="Test_Live_Ef_Language_Country_Poco_to_Dto" />
    </UnitTest>
    <UnitTest name="Test_Corner_Cases_on_Live_Ef_to_Poco" storage="c:\users\michael\_code\ditto\testditto\bin\release\testditto.dll" id="c28ecea9-2bbb-9a85-15e6-7e296cbbdb71">
      <Execution id="f09123b5-4890-4f92-b8bf-0c7481f651c3" />
      <TestMethod codeBase="C:/Users/Michael/_CODE/DitTO/TestDitTO/bin/Release/TestDitTO.DLL" adapterTypeName="Microsoft.VisualStudio.TestTools.TestTypes.Unit.UnitTestAdapter, Microsoft.VisualStudio.QualityTools.Tips.UnitTest.Adapter, Version=10.0.0.0, Culture=neutral, PublicKeyToken=b03f5f7f11d50a3a" className="TestDitTO.Tests, TestDitTO, Version=1.0.0.0, Culture=neutral, PublicKeyToken=null" name="Test_Corner_Cases_on_Live_Ef_to_Poco" />
    </UnitTest>
    <UnitTest name="Test_Live_NH_Language_Country" storage="c:\users\michael\_code\ditto\testditto\bin\release\testditto.dll" id="0fbef700-03bb-52e7-7fa3-3fe06f980c30">
      <Execution id="75e2afc3-17f7-4344-b3da-7dccc7bf6dea" />
      <TestMethod codeBase="C:/Users/Michael/_CODE/DitTO/TestDitTO/bin/Release/TestDitTO.DLL" adapterTypeName="Microsoft.VisualStudio.TestTools.TestTypes.Unit.UnitTestAdapter, Microsoft.VisualStudio.QualityTools.Tips.UnitTest.Adapter, Version=10.0.0.0, Culture=neutral, PublicKeyToken=b03f5f7f11d50a3a" className="TestDitTO.Tests, TestDitTO, Version=1.0.0.0, Culture=neutral, PublicKeyToken=null" name="Test_Live_NH_Language_Country" />
    </UnitTest>
    <UnitTest name="Test_Live_NH_Poco_To_Dto" storage="c:\users\michael\_code\ditto\testditto\bin\release\testditto.dll" id="504ce877-e083-b887-b5e8-a14e1c067a2c">
      <Execution id="de8a7c1a-2743-4c63-8f8d-9d7666d8bdb8" />
      <TestMethod codeBase="C:/Users/Michael/_CODE/DitTO/TestDitTO/bin/Release/TestDitTO.DLL" adapterTypeName="Microsoft.VisualStudio.TestTools.TestTypes.Unit.UnitTestAdapter, Microsoft.VisualStudio.QualityTools.Tips.UnitTest.Adapter, Version=10.0.0.0, Culture=neutral, PublicKeyToken=b03f5f7f11d50a3a" className="TestDitTO.Tests, TestDitTO, Version=1.0.0.0, Culture=neutral, PublicKeyToken=null" name="Test_Live_NH_Poco_To_Dto" />
    </UnitTest>
    <UnitTest name="Test_Dto_To_Live_Ef_Poco" storage="c:\users\michael\_code\ditto\testditto\bin\release\testditto.dll" id="03a77bf7-0d03-4582-234d-239776031b7e">
      <Execution id="b710dd8d-baa0-4325-8034-d7a6f1408f88" />
      <TestMethod codeBase="C:/Users/Michael/_CODE/DitTO/TestDitTO/bin/Release/TestDitTO.DLL" adapterTypeName="Microsoft.VisualStudio.TestTools.TestTypes.Unit.UnitTestAdapter, Microsoft.VisualStudio.QualityTools.Tips.UnitTest.Adapter, Version=10.0.0.0, Culture=neutral, PublicKeyToken=b03f5f7f11d50a3a" className="TestDitTO.Tests, TestDitTO, Version=1.0.0.0, Culture=neutral, PublicKeyToken=null" name="Test_Dto_To_Live_Ef_Poco" />
    </UnitTest>
    <UnitTest name="Test_Poco_To_Dto" storage="c:\users\michael\_code\ditto\testditto\bin\release\testditto.dll" id="e39ac0b9-7f42-f290-17ef-e8b3037f8a38">
      <Execution id="deee9c97-9229-4758-8527-3d15c04d0698" />
      <TestMethod codeBase="C:/Users/Michael/_CODE/DitTO/TestDitTO/bin/Release/TestDitTO.DLL" adapterTypeName="Microsoft.VisualStudio.TestTools.TestTypes.Unit.UnitTestAdapter, Microsoft.VisualStudio.QualityTools.Tips.UnitTest.Adapter, Version=10.0.0.0, Culture=neutral, PublicKeyToken=b03f5f7f11d50a3a" className="TestDitTO.Tests, TestDitTO, Version=1.0.0.0, Culture=neutral, PublicKeyToken=null" name="Test_Poco_To_Dto" />
    </UnitTest>
    <UnitTest name="Test_nested" storage="c:\users\michael\_code\ditto\testditto\bin\release\testditto.dll" id="a7d2cb75-a038-21d3-5a24-3d064aab4870">
      <Execution id="55944171-78c0-4400-bf04-1c8cebd46489" />
      <TestMethod codeBase="C:/Users/Michael/_CODE/DitTO/TestDitTO/bin/Release/TestDitTO.DLL" adapterTypeName="Microsoft.VisualStudio.TestTools.TestTypes.Unit.UnitTestAdapter, Microsoft.VisualStudio.QualityTools.Tips.UnitTest.Adapter, Version=10.0.0.0, Culture=neutral, PublicKeyToken=b03f5f7f11d50a3a" className="TestDitTO.Tests, TestDitTO, Version=1.0.0.0, Culture=neutral, PublicKeyToken=null" name="Test_nested" />
    </UnitTest>
    <UnitTest name="Test_Strongly_typed_Mapper_for_Poco_to_Dto" storage="c:\users\michael\_code\ditto\testditto\bin\release\testditto.dll" id="54a8c533-17fa-1b67-b0e4-80569fa46822">
      <Execution id="1060f2a9-2a7c-4a6d-b96d-311e5cc733e5" />
      <TestMethod codeBase="C:/Users/Michael/_CODE/DitTO/TestDitTO/bin/Release/TestDitTO.DLL" adapterTypeName="Microsoft.VisualStudio.TestTools.TestTypes.Unit.UnitTestAdapter, Microsoft.VisualStudio.QualityTools.Tips.UnitTest.Adapter, Version=10.0.0.0, Culture=neutral, PublicKeyToken=b03f5f7f11d50a3a" className="TestDitTO.Tests, TestDitTO, Version=1.0.0.0, Culture=neutral, PublicKeyToken=null" name="Test_Strongly_typed_Mapper_for_Poco_to_Dto" />
    </UnitTest>
    <UnitTest name="Test_nested_Live_Nh_Dto_to_Poco" storage="c:\users\michael\_code\ditto\testditto\bin\release\testditto.dll" id="0d685c04-58ea-a98b-23f0-951633879e8a">
      <Execution id="49769bed-dc7c-472b-8840-25d66410e108" />
      <TestMethod codeBase="C:/Users/Michael/_CODE/DitTO/TestDitTO/bin/Release/TestDitTO.DLL" adapterTypeName="Microsoft.VisualStudio.TestTools.TestTypes.Unit.UnitTestAdapter, Microsoft.VisualStudio.QualityTools.Tips.UnitTest.Adapter, Version=10.0.0.0, Culture=neutral, PublicKeyToken=b03f5f7f11d50a3a" className="TestDitTO.Tests, TestDitTO, Version=1.0.0.0, Culture=neutral, PublicKeyToken=null" name="Test_nested_Live_Nh_Dto_to_Poco" />
    </UnitTest>
  </TestDefinitions>
  <TestLists>
    <TestList name="Results Not in a List" id="8c84fa94-04c1-424b-9868-57a2d4851a1d" />
    <TestList name="All Loaded Results" id="19431567-8539-422a-85d7-44ee4e166bda" />
  </TestLists>
  <TestEntries>
    <TestEntry testId="03a43309-9383-a197-5846-15498a856f10" executionId="8dfd34a7-482f-4b84-92c5-c52b5762239a" testListId="8c84fa94-04c1-424b-9868-57a2d4851a1d" />
    <TestEntry testId="03a77bf7-0d03-4582-234d-239776031b7e" executionId="b710dd8d-baa0-4325-8034-d7a6f1408f88" testListId="8c84fa94-04c1-424b-9868-57a2d4851a1d" />
    <TestEntry testId="0ba62294-c0c5-2415-33e0-915234705ac7" executionId="814ffd41-6058-458e-a243-4ca755ad7cdf" testListId="8c84fa94-04c1-424b-9868-57a2d4851a1d" />
    <TestEntry testId="0d685c04-58ea-a98b-23f0-951633879e8a" executionId="49769bed-dc7c-472b-8840-25d66410e108" testListId="8c84fa94-04c1-424b-9868-57a2d4851a1d" />
    <TestEntry testId="0fbef700-03bb-52e7-7fa3-3fe06f980c30" executionId="75e2afc3-17f7-4344-b3da-7dccc7bf6dea" testListId="8c84fa94-04c1-424b-9868-57a2d4851a1d" />
    <TestEntry testId="1d6a957a-0b27-6297-ca14-3404fd6b8366" executionId="b4120829-9fb2-4e69-b820-1ccee083d9d9" testListId="8c84fa94-04c1-424b-9868-57a2d4851a1d" />
    <TestEntry testId="4794794d-9fdd-7db6-103b-b405f98bc982" executionId="020ac32d-7be2-4a17-b960-2dcd0430e230" testListId="8c84fa94-04c1-424b-9868-57a2d4851a1d" />
    <TestEntry testId="504ce877-e083-b887-b5e8-a14e1c067a2c" executionId="de8a7c1a-2743-4c63-8f8d-9d7666d8bdb8" testListId="8c84fa94-04c1-424b-9868-57a2d4851a1d" />
    <TestEntry testId="54a8c533-17fa-1b67-b0e4-80569fa46822" executionId="1060f2a9-2a7c-4a6d-b96d-311e5cc733e5" testListId="8c84fa94-04c1-424b-9868-57a2d4851a1d" />
    <TestEntry testId="5cba631f-b350-c9fc-48ed-945bf7159979" executionId="4b66caf9-1e03-4998-825c-7883a6ac262f" testListId="8c84fa94-04c1-424b-9868-57a2d4851a1d" />
    <TestEntry testId="6032bfcb-ead9-6f8b-54e1-1894c4fa55ab" executionId="87561a54-229f-4cef-89bc-475d07977bf9" testListId="8c84fa94-04c1-424b-9868-57a2d4851a1d" />
    <TestEntry testId="6a9476f7-86f9-8504-595a-f2251f9be6bf" executionId="2eff0740-c46b-44f5-9979-afb17728a4c1" testListId="8c84fa94-04c1-424b-9868-57a2d4851a1d" />
    <TestEntry testId="71c37fa7-eb5a-3ce4-535c-1616d2d1517e" executionId="79249b6d-5d69-46ac-bd64-7ab67fa948c0" testListId="8c84fa94-04c1-424b-9868-57a2d4851a1d" />
    <TestEntry testId="868724cd-ee1a-d8c7-130f-18d9892c04d2" executionId="0cf3a397-875b-47d6-ba69-5b79d3d33a5c" testListId="8c84fa94-04c1-424b-9868-57a2d4851a1d" />
    <TestEntry testId="91c6b9f0-c6a1-0c52-f7f2-7d0fe3a1e82d" executionId="a97bc5b5-b3e9-4149-b172-313510d43391" testListId="8c84fa94-04c1-424b-9868-57a2d4851a1d" />
    <TestEntry testId="a7d2cb75-a038-21d3-5a24-3d064aab4870" executionId="55944171-78c0-4400-bf04-1c8cebd46489" testListId="8c84fa94-04c1-424b-9868-57a2d4851a1d" />
    <TestEntry testId="c28ecea9-2bbb-9a85-15e6-7e296cbbdb71" executionId="f09123b5-4890-4f92-b8bf-0c7481f651c3" testListId="8c84fa94-04c1-424b-9868-57a2d4851a1d" />
    <TestEntry testId="e39ac0b9-7f42-f290-17ef-e8b3037f8a38" executionId="deee9c97-9229-4758-8527-3d15c04d0698" testListId="8c84fa94-04c1-424b-9868-57a2d4851a1d" />
    <TestEntry testId="e79dc9e1-ed55-95b0-8016-10df46076ea1" executionId="413ce8b6-af28-4182-b9b2-a140e66798bb" testListId="8c84fa94-04c1-424b-9868-57a2d4851a1d" />
  </TestEntries>
  <Results>
    <UnitTestResult executionId="8dfd34a7-482f-4b84-92c5-c52b5762239a" testId="03a43309-9383-a197-5846-15498a856f10" testName="Test_Mapping_Corner_Cases" computerName="MICHAEL-PC" duration="00:00:00.0509250" startTime="2012-06-13T10:55:26.3240000+08:00" endTime="2012-06-13T10:55:26.6370000+08:00" testType="13cdc9d9-ddb5-4fa4-a97d-d965ccfc6d4b" outcome="Passed" testListId="8c84fa94-04c1-424b-9868-57a2d4851a1d" relativeResultsDirectory="8dfd34a7-482f-4b84-92c5-c52b5762239a">
    </UnitTestResult>
    <UnitTestResult executionId="b710dd8d-baa0-4325-8034-d7a6f1408f88" testId="03a77bf7-0d03-4582-234d-239776031b7e" testName="Test_Dto_To_Live_Ef_Poco" computerName="MICHAEL-PC" duration="00:00:01.2577904" startTime="2012-06-13T10:55:26.6410000+08:00" endTime="2012-06-13T10:55:27.9020000+08:00" testType="13cdc9d9-ddb5-4fa4-a97d-d965ccfc6d4b" outcome="Passed" testListId="8c84fa94-04c1-424b-9868-57a2d4851a1d" relativeResultsDirectory="b710dd8d-baa0-4325-8034-d7a6f1408f88">
    </UnitTestResult>
    <UnitTestResult executionId="814ffd41-6058-458e-a243-4ca755ad7cdf" testId="0ba62294-c0c5-2415-33e0-915234705ac7" testName="Test_Live_Ef_Language_Country_Poco_to_Dto_NullableCountry" computerName="MICHAEL-PC" duration="00:00:00.0864969" startTime="2012-06-13T10:55:27.9090000+08:00" endTime="2012-06-13T10:55:27.9990000+08:00" testType="13cdc9d9-ddb5-4fa4-a97d-d965ccfc6d4b" outcome="Passed" testListId="8c84fa94-04c1-424b-9868-57a2d4851a1d" relativeResultsDirectory="814ffd41-6058-458e-a243-4ca755ad7cdf">
    </UnitTestResult>
    <UnitTestResult executionId="49769bed-dc7c-472b-8840-25d66410e108" testId="0d685c04-58ea-a98b-23f0-951633879e8a" testName="Test_nested_Live_Nh_Dto_to_Poco" computerName="MICHAEL-PC" duration="00:00:02.1101411" startTime="2012-06-13T10:55:28.0020000+08:00" endTime="2012-06-13T10:55:30.1180000+08:00" testType="13cdc9d9-ddb5-4fa4-a97d-d965ccfc6d4b" outcome="Passed" testListId="8c84fa94-04c1-424b-9868-57a2d4851a1d" relativeResultsDirectory="49769bed-dc7c-472b-8840-25d66410e108">
    </UnitTestResult>
    <UnitTestResult executionId="75e2afc3-17f7-4344-b3da-7dccc7bf6dea" testId="0fbef700-03bb-52e7-7fa3-3fe06f980c30" testName="Test_Live_NH_Language_Country" computerName="MICHAEL-PC" duration="00:00:00.7802108" startTime="2012-06-13T10:55:30.1240000+08:00" endTime="2012-06-13T10:55:30.9080000+08:00" testType="13cdc9d9-ddb5-4fa4-a97d-d965ccfc6d4b" outcome="Passed" testListId="8c84fa94-04c1-424b-9868-57a2d4851a1d" relativeResultsDirectory="75e2afc3-17f7-4344-b3da-7dccc7bf6dea">
    </UnitTestResult>
    <UnitTestResult executionId="b4120829-9fb2-4e69-b820-1ccee083d9d9" testId="1d6a957a-0b27-6297-ca14-3404fd6b8366" testName="Test_Live_Nh_Language_Country_Poco_to_Dto" computerName="MICHAEL-PC" duration="00:00:00.0497714" startTime="2012-06-13T10:55:30.9130000+08:00" endTime="2012-06-13T10:55:30.9660000+08:00" testType="13cdc9d9-ddb5-4fa4-a97d-d965ccfc6d4b" outcome="Passed" testListId="8c84fa94-04c1-424b-9868-57a2d4851a1d" relativeResultsDirectory="b4120829-9fb2-4e69-b820-1ccee083d9d9">
    </UnitTestResult>
    <UnitTestResult executionId="020ac32d-7be2-4a17-b960-2dcd0430e230" testId="4794794d-9fdd-7db6-103b-b405f98bc982" testName="Test_Strongly_typed_mapper_for_Dto_To_Poco" computerName="MICHAEL-PC" duration="00:00:00.0054178" startTime="2012-06-13T10:55:30.9710000+08:00" endTime="2012-06-13T10:55:30.9810000+08:00" testType="13cdc9d9-ddb5-4fa4-a97d-d965ccfc6d4b" outcome="Passed" testListId="8c84fa94-04c1-424b-9868-57a2d4851a1d" relativeResultsDirectory="020ac32d-7be2-4a17-b960-2dcd0430e230">
    </UnitTestResult>
    <UnitTestResult executionId="de8a7c1a-2743-4c63-8f8d-9d7666d8bdb8" testId="504ce877-e083-b887-b5e8-a14e1c067a2c" testName="Test_Live_NH_Poco_To_Dto" computerName="MICHAEL-PC" duration="00:00:00.0191575" startTime="2012-06-13T10:55:30.9840000+08:00" endTime="2012-06-13T10:55:31.0080000+08:00" testType="13cdc9d9-ddb5-4fa4-a97d-d965ccfc6d4b" outcome="Passed" testListId="8c84fa94-04c1-424b-9868-57a2d4851a1d" relativeResultsDirectory="de8a7c1a-2743-4c63-8f8d-9d7666d8bdb8">
    </UnitTestResult>
    <UnitTestResult executionId="1060f2a9-2a7c-4a6d-b96d-311e5cc733e5" testId="54a8c533-17fa-1b67-b0e4-80569fa46822" testName="Test_Strongly_typed_Mapper_for_Poco_to_Dto" computerName="MICHAEL-PC" duration="00:00:00.0052217" startTime="2012-06-13T10:55:31.0140000+08:00" endTime="2012-06-13T10:55:31.0230000+08:00" testType="13cdc9d9-ddb5-4fa4-a97d-d965ccfc6d4b" outcome="Passed" testListId="8c84fa94-04c1-424b-9868-57a2d4851a1d" relativeResultsDirectory="1060f2a9-2a7c-4a6d-b96d-311e5cc733e5">
    </UnitTestResult>
    <UnitTestResult executionId="4b66caf9-1e03-4998-825c-7883a6ac262f" testId="5cba631f-b350-c9fc-48ed-945bf7159979" testName="Test_Dto_To_Live_Nh_Poco" computerName="MICHAEL-PC" duration="00:00:00.0418359" startTime="2012-06-13T10:55:31.0270000+08:00" endTime="2012-06-13T10:55:31.0730000+08:00" testType="13cdc9d9-ddb5-4fa4-a97d-d965ccfc6d4b" outcome="Passed" testListId="8c84fa94-04c1-424b-9868-57a2d4851a1d" relativeResultsDirectory="4b66caf9-1e03-4998-825c-7883a6ac262f">
    </UnitTestResult>
    <UnitTestResult executionId="87561a54-229f-4cef-89bc-475d07977bf9" testId="6032bfcb-ead9-6f8b-54e1-1894c4fa55ab" testName="Test_Live_Ef_Language_Country_Poco_to_Dto" computerName="MICHAEL-PC" duration="00:00:00.1383627" startTime="2012-06-13T10:55:31.0760000+08:00" endTime="2012-06-13T10:55:31.2190000+08:00" testType="13cdc9d9-ddb5-4fa4-a97d-d965ccfc6d4b" outcome="Passed" testListId="8c84fa94-04c1-424b-9868-57a2d4851a1d" relativeResultsDirectory="87561a54-229f-4cef-89bc-475d07977bf9">
    </UnitTestResult>
    <UnitTestResult executionId="2eff0740-c46b-44f5-9979-afb17728a4c1" testId="6a9476f7-86f9-8504-595a-f2251f9be6bf" testName="Test_Dto_To_Poco" computerName="MICHAEL-PC" duration="00:00:00.0051204" startTime="2012-06-13T10:55:31.2260000+08:00" endTime="2012-06-13T10:55:31.2350000+08:00" testType="13cdc9d9-ddb5-4fa4-a97d-d965ccfc6d4b" outcome="Passed" testListId="8c84fa94-04c1-424b-9868-57a2d4851a1d" relativeResultsDirectory="2eff0740-c46b-44f5-9979-afb17728a4c1">
    </UnitTestResult>
    <UnitTestResult executionId="79249b6d-5d69-46ac-bd64-7ab67fa948c0" testId="71c37fa7-eb5a-3ce4-535c-1616d2d1517e" testName="Test_nested_Live_Ef_Dto_to_Poco" computerName="MICHAEL-PC" duration="00:00:00.0776611" startTime="2012-06-13T10:55:31.2390000+08:00" endTime="2012-06-13T10:55:31.3210000+08:00" testType="13cdc9d9-ddb5-4fa4-a97d-d965ccfc6d4b" outcome="Passed" testListId="8c84fa94-04c1-424b-9868-57a2d4851a1d" relativeResultsDirectory="79249b6d-5d69-46ac-bd64-7ab67fa948c0">
    </UnitTestResult>
    <UnitTestResult executionId="0cf3a397-875b-47d6-ba69-5b79d3d33a5c" testId="868724cd-ee1a-d8c7-130f-18d9892c04d2" testName="Test_Live_Ef_Language_Country" computerName="MICHAEL-PC" duration="00:00:00.0146935" startTime="2012-06-13T10:55:31.3240000+08:00" endTime="2012-06-13T10:55:31.3430000+08:00" testType="13cdc9d9-ddb5-4fa4-a97d-d965ccfc6d4b" outcome="Passed" testListId="8c84fa94-04c1-424b-9868-57a2d4851a1d" relativeResultsDirectory="0cf3a397-875b-47d6-ba69-5b79d3d33a5c">
    </UnitTestResult>
    <UnitTestResult executionId="a97bc5b5-b3e9-4149-b172-313510d43391" testId="91c6b9f0-c6a1-0c52-f7f2-7d0fe3a1e82d" testName="Test_nested_Live_Ef_SaveGraph_Two_Times" computerName="MICHAEL-PC" duration="00:00:00.1017325" startTime="2012-06-13T10:55:31.3470000+08:00" endTime="2012-06-13T10:55:31.4530000+08:00" testType="13cdc9d9-ddb5-4fa4-a97d-d965ccfc6d4b" outcome="Passed" testListId="8c84fa94-04c1-424b-9868-57a2d4851a1d" relativeResultsDirectory="a97bc5b5-b3e9-4149-b172-313510d43391">
    </UnitTestResult>
    <UnitTestResult executionId="55944171-78c0-4400-bf04-1c8cebd46489" testId="a7d2cb75-a038-21d3-5a24-3d064aab4870" testName="Test_nested" computerName="MICHAEL-PC" duration="00:00:00.0006937" startTime="2012-06-13T10:55:31.4570000+08:00" endTime="2012-06-13T10:55:31.4610000+08:00" testType="13cdc9d9-ddb5-4fa4-a97d-d965ccfc6d4b" outcome="Passed" testListId="8c84fa94-04c1-424b-9868-57a2d4851a1d" relativeResultsDirectory="55944171-78c0-4400-bf04-1c8cebd46489">
    </UnitTestResult>
    <UnitTestResult executionId="f09123b5-4890-4f92-b8bf-0c7481f651c3" testId="c28ecea9-2bbb-9a85-15e6-7e296cbbdb71" testName="Test_Corner_Cases_on_Live_Ef_to_Poco" computerName="MICHAEL-PC" duration="00:00:00.0314688" startTime="2012-06-13T10:55:31.4640000+08:00" endTime="2012-06-13T10:55:31.4990000+08:00" testType="13cdc9d9-ddb5-4fa4-a97d-d965ccfc6d4b" outcome="Passed" testListId="8c84fa94-04c1-424b-9868-57a2d4851a1d" relativeResultsDirectory="f09123b5-4890-4f92-b8bf-0c7481f651c3">
    </UnitTestResult>
    <UnitTestResult executionId="deee9c97-9229-4758-8527-3d15c04d0698" testId="e39ac0b9-7f42-f290-17ef-e8b3037f8a38" testName="Test_Poco_To_Dto" computerName="MICHAEL-PC" duration="00:00:00.0040585" startTime="2012-06-13T10:55:31.5080000+08:00" endTime="2012-06-13T10:55:31.5150000+08:00" testType="13cdc9d9-ddb5-4fa4-a97d-d965ccfc6d4b" outcome="Passed" testListId="8c84fa94-04c1-424b-9868-57a2d4851a1d" relativeResultsDirectory="deee9c97-9229-4758-8527-3d15c04d0698">
    </UnitTestResult>
    <UnitTestResult executionId="413ce8b6-af28-4182-b9b2-a140e66798bb" testId="e79dc9e1-ed55-95b0-8016-10df46076ea1" testName="Test_Live_EF_Poco_To_Dto" computerName="MICHAEL-PC" duration="00:00:00.0867820" startTime="2012-06-13T10:55:31.5180000+08:00" endTime="2012-06-13T10:55:31.6090000+08:00" testType="13cdc9d9-ddb5-4fa4-a97d-d965ccfc6d4b" outcome="Passed" testListId="8c84fa94-04c1-424b-9868-57a2d4851a1d" relativeResultsDirectory="413ce8b6-af28-4182-b9b2-a140e66798bb">
    </UnitTestResult>
  </Results>
</TestRun>