<?xml version="1.0" encoding="UTF-8"?>
<TestRun id="56eb9a14-9877-43b1-9b86-113ba342da71" name="Michael@MICHAEL-PC 2012-06-09 10:12:04" runUser="Michael-PC\Michael" xmlns="http://microsoft.com/schemas/VisualStudio/TeamTest/2010">
  <TestSettings name="Local" id="397f7128-1790-459c-a965-4142d4897709">
    <Description>These are default test settings for a local test run.</Description>
    <Deployment userDeploymentRoot="C:\Users\Michael\_CODE\DitTO\TestResults" useDefaultDeploymentRoot="false" enabled="false" runDeploymentRoot="Michael_MICHAEL-PC 2012-06-09 10_12_04">
      <DeploymentItem filename="C:\Users\Michael\_CODE\DitTO\packages\EntityFramework.4.3.1\lib\net40\EntityFramework.dll" />
      <DeploymentItem filename="C:\Users\Michael\_CODE\Ienablemuch.ToTheEfnhX\Ienablemuch.ToTheEfnhX.EntityFramework\bin\Release\Ienablemuch.ToTheEfnhX.EntityFramework.dll" />
      <DeploymentItem filename="C:\Users\Michael\_CODE\DitTO\packages\Iesi.Collections.3.2.0.4000\lib\Net35\Iesi.Collections.dll" />
      <DeploymentItem filename="C:\Users\Michael\_CODE\DitTO\DitTO\bin\Debug\Ienablemuch.DitTO.dll" />
      <DeploymentItem filename="C:\Users\Michael\_CODE\DitTO\packages\FluentNHibernate.1.3.0.727\lib\FluentNHibernate.dll" />
      <DeploymentItem filename="C:\Users\Michael\_CODE\DitTO\packages\NHibernate.3.3.0.4000\lib\Net35\NHibernate.dll" />
      <DeploymentItem filename="C:\Users\Michael\_CODE\Ienablemuch.ToTheEfnhX\Ienablemuch.ToTheEfnhX.EntityFramework\bin\Release\SystemLinqDynamic.dll" />
      <DeploymentItem filename="C:\Users\Michael\_CODE\DitTO\TheEntities\bin\Debug\TheEntities.dll" />
      <DeploymentItem filename="C:\Users\Michael\_CODE\Ienablemuch.ToTheEfnhX\Ienablemuch.ToTheEfnhX.EntityFramework\bin\Release\Ienablemuch.ToTheEfnhX.dll" />
      <DeploymentItem filename="C:\Users\Michael\_CODE\DitTO\Ienablemuch.DitTO.EntityFrameworkStubMaker\bin\Debug\Ienablemuch.DitTO.EntityFrameworkStubAssigner.dll" />
    </Deployment>
    <Execution>
      <TestTypeSpecific />
      <AgentRule name="Execution Agents">
      </AgentRule>
    </Execution>
  </TestSettings>
  <Times creation="2012-06-09T10:12:04.4410000+08:00" queuing="2012-06-09T10:12:04.4850000+08:00" start="2012-06-09T10:12:04.5310000+08:00" finish="2012-06-09T10:12:06.1010000+08:00" />
  <ResultSummary outcome="Failed">
    <Counters total="1" executed="1" error="0" failed="1" timeout="0" aborted="0" inconclusive="0" passedButRunAborted="0" notRunnable="0" notExecuted="0" disconnected="0" warning="0" passed="0" completed="0" inProgress="0" pending="0" />
  </ResultSummary>
  <TestDefinitions>
    <UnitTest name="Test_Live_Ef_to_Poco_Get" storage="c:\users\michael\_code\ditto\testditto\bin\debug\testditto.dll" id="b6cff934-6c1b-acff-abf7-abfad91f450a">
      <Execution id="6c258088-41ab-405b-a8d1-f88c8c644029" />
      <TestMethod codeBase="C:/Users/Michael/_CODE/DitTO/TestDitTO/bin/Debug/TestDitTO.DLL" adapterTypeName="Microsoft.VisualStudio.TestTools.TestTypes.Unit.UnitTestAdapter, Microsoft.VisualStudio.QualityTools.Tips.UnitTest.Adapter, Version=10.0.0.0, Culture=neutral, PublicKeyToken=b03f5f7f11d50a3a" className="TestDitTO.Tests, TestDitTO, Version=1.0.0.0, Culture=neutral, PublicKeyToken=null" name="Test_Live_Ef_to_Poco_Get" />
    </UnitTest>
  </TestDefinitions>
  <TestLists>
    <TestList name="Results Not in a List" id="8c84fa94-04c1-424b-9868-57a2d4851a1d" />
    <TestList name="All Loaded Results" id="19431567-8539-422a-85d7-44ee4e166bda" />
  </TestLists>
  <TestEntries>
    <TestEntry testId="b6cff934-6c1b-acff-abf7-abfad91f450a" executionId="6c258088-41ab-405b-a8d1-f88c8c644029" testListId="8c84fa94-04c1-424b-9868-57a2d4851a1d" />
  </TestEntries>
  <Results>
    <UnitTestResult executionId="6c258088-41ab-405b-a8d1-f88c8c644029" testId="b6cff934-6c1b-acff-abf7-abfad91f450a" testName="Test_Live_Ef_to_Poco_Get" computerName="MICHAEL-PC" duration="00:00:01.2694004" startTime="2012-06-09T10:12:04.5650000+08:00" endTime="2012-06-09T10:12:06.0760000+08:00" testType="13cdc9d9-ddb5-4fa4-a97d-d965ccfc6d4b" outcome="Failed" testListId="8c84fa94-04c1-424b-9868-57a2d4851a1d" relativeResultsDirectory="6c258088-41ab-405b-a8d1-f88c8c644029">
      <Output>
        <DebugTrace>Customer
-x-
Countries ok 
source type System.Collections.Generic.IList`1[TheEntities.Poco.Language]
collection elem type TheEntities.Poco.Country
Countries
</DebugTrace>
        <ErrorInfo>
          <Message>Test method TestDitTO.Tests.Test_Live_Ef_to_Poco_Get threw exception: 
System.Reflection.TargetInvocationException: Exception has been thrown by the target of an invocation. ---&gt; System.InvalidOperationException: When an object is returned with a NoTracking merge option, Load can only be called when the EntityCollection or EntityReference does not contain objects.</Message>
          <StackTrace>    at System.Data.Objects.DataClasses.RelatedEnd.ValidateLoad[TEntity](MergeOption mergeOption, String relatedEndName, Boolean&amp; hasResults)
   at System.Data.Objects.DataClasses.EntityCollection`1.Load(List`1 collection, MergeOption mergeOption)
   at System.Data.Objects.DataClasses.EntityCollection`1.Load(MergeOption mergeOption)
   at System.Data.Objects.DataClasses.RelatedEnd.Load()
   at System.Data.Objects.DataClasses.RelatedEnd.DeferredLoad()
   at System.Data.Objects.Internal.LazyLoadBehavior.LoadProperty[TItem](TItem propertyValue, String relationshipName, String targetRoleName, Boolean mustBeNull, Object wrapperObject)
   at System.Data.Objects.Internal.LazyLoadBehavior.&lt;&gt;c__DisplayClass7`2.&lt;GetInterceptorDelegate&gt;b__1(TProxy proxy, TItem item)
   at System.Data.Entity.DynamicProxies.Language_1211E5CABC23B19D17565377CF9845929A5D5890DA108E104874A7493F48573E.get_Countries()
 --- End of inner exception stack trace ---
    at System.RuntimeMethodHandle._InvokeMethodFast(IRuntimeMethodInfo method, Object target, Object[] arguments, SignatureStruct&amp; sig, MethodAttributes methodAttributes, RuntimeType typeOwner)
   at System.RuntimeMethodHandle.InvokeMethodFast(IRuntimeMethodInfo method, Object target, Object[] arguments, Signature sig, MethodAttributes methodAttributes, RuntimeType typeOwner)
   at System.Reflection.RuntimeMethodInfo.Invoke(Object obj, BindingFlags invokeAttr, Binder binder, Object[] parameters, CultureInfo culture, Boolean skipVisibilityChecks)
   at System.Reflection.RuntimeMethodInfo.Invoke(Object obj, BindingFlags invokeAttr, Binder binder, Object[] parameters, CultureInfo culture)
   at System.RuntimeType.InvokeMember(String name, BindingFlags bindingFlags, Binder binder, Object target, Object[] providedArgs, ParameterModifier[] modifiers, CultureInfo culture, String[] namedParams)
   at System.Type.InvokeMember(String name, BindingFlags invokeAttr, Binder binder, Object target, Object[] args)
   at Ienablemuch.DitTO.Helper.ToDto(Object poco, Object dto, Type sourceType) in C:\Users\Michael\_CODE\DitTO\DitTO\ObjectMapper.cs:line 338
   at Ienablemuch.DitTO.Helper.ToDto(Object poco, Object dto, Type sourceType) in C:\Users\Michael\_CODE\DitTO\DitTO\ObjectMapper.cs:line 488
   at Ienablemuch.DitTO.Mapper.ToDto[TPoco,TDto](TPoco poco) in C:\Users\Michael\_CODE\DitTO\DitTO\ObjectMapper.cs:line 554
   at TestDitTO.Tests.Test_Live_Ef_to_Poco_Get() in C:\Users\Michael\_CODE\DitTO\TestDitTO\Tests.cs:line 836
</StackTrace>
        </ErrorInfo>
      </Output>
    </UnitTestResult>
  </Results>
</TestRun>