<?xml version="1.0" encoding="UTF-8"?>
<TestRun id="e5e5122e-7012-4394-83fc-d111e4680911" name="Michael@MICHAEL-PC 2012-06-03 14:42:16" runUser="Michael-PC\Michael" xmlns="http://microsoft.com/schemas/VisualStudio/TeamTest/2010">
  <TestSettings name="Local" id="397f7128-1790-459c-a965-4142d4897709">
    <Description>These are default test settings for a local test run.</Description>
    <Deployment enabled="false" runDeploymentRoot="Michael_MICHAEL-PC 2012-06-03 14_42_16">
      <DeploymentItem filename="C:\Users\Michael\_CODE\DitTO\packages\EntityFramework.4.3.1\lib\net40\EntityFramework.dll" />
      <DeploymentItem filename="C:\Users\Michael\_CODE\Ienablemuch.ToTheEfnhX\Ienablemuch.ToTheEfnhX.EntityFramework\bin\Release\Ienablemuch.ToTheEfnhX.EntityFramework.dll" />
      <DeploymentItem filename="C:\Users\Michael\_CODE\DitTO\packages\Iesi.Collections.3.2.0.4000\lib\Net35\Iesi.Collections.dll" />
      <DeploymentItem filename="C:\Users\Michael\_CODE\DitTO\DitTO\bin\Debug\Ienablemuch.DitTO.dll" />
      <DeploymentItem filename="C:\Users\Michael\_CODE\DitTO\packages\FluentNHibernate.1.3.0.727\lib\FluentNHibernate.dll" />
      <DeploymentItem filename="C:\Users\Michael\_CODE\DitTO\packages\NHibernate.3.3.0.4000\lib\Net35\NHibernate.dll" />
      <DeploymentItem filename="C:\Users\Michael\_CODE\Ienablemuch.ToTheEfnhX\Ienablemuch.ToTheEfnhX.EntityFramework\bin\Release\SystemLinqDynamic.dll" />
      <DeploymentItem filename="C:\Users\Michael\_CODE\DitTO\TheEntities\bin\Debug\TheEntities.dll" />
      <DeploymentItem filename="C:\Users\Michael\_CODE\Ienablemuch.ToTheEfnhX\Ienablemuch.ToTheEfnhX.EntityFramework\bin\Release\Ienablemuch.ToTheEfnhX.dll" />
      <DeploymentItem filename="C:\Users\Michael\_CODE\DitTO\Ienablemuch.DitTO.EntityFrameworkStubMaker\bin\Debug\Ienablemuch.DitTO.EntityFrameworkStubAssigner.dll" />
    </Deployment>
    <Execution>
      <TestTypeSpecific />
      <AgentRule name="Execution Agents">
      </AgentRule>
    </Execution>
  </TestSettings>
  <Times creation="2012-06-03T14:42:16.4860000+08:00" queuing="2012-06-03T14:42:16.9370000+08:00" start="2012-06-03T14:42:17.0910000+08:00" finish="2012-06-03T14:42:21.9150000+08:00" />
  <ResultSummary outcome="Failed">
    <Counters total="6" executed="6" passed="4" error="0" failed="2" timeout="0" aborted="0" inconclusive="0" passedButRunAborted="0" notRunnable="0" notExecuted="0" disconnected="0" warning="0" completed="0" inProgress="0" pending="0" />
  </ResultSummary>
  <TestDefinitions>
    <UnitTest name="Test_Dto_To_Poco" storage="c:\users\michael\_code\ditto\testditto\bin\debug\testditto.dll" id="6a9476f7-86f9-8504-595a-f2251f9be6bf">
      <Execution id="11d3857a-a74e-4d3e-aece-3ef1e7f9e22e" />
      <TestMethod codeBase="C:/Users/Michael/_CODE/DitTO/TestDitTO/bin/Debug/TestDitTO.DLL" adapterTypeName="Microsoft.VisualStudio.TestTools.TestTypes.Unit.UnitTestAdapter, Microsoft.VisualStudio.QualityTools.Tips.UnitTest.Adapter, Version=10.0.0.0, Culture=neutral, PublicKeyToken=b03f5f7f11d50a3a" className="TestDitTO.Tests, TestDitTO, Version=1.0.0.0, Culture=neutral, PublicKeyToken=null" name="Test_Dto_To_Poco" />
    </UnitTest>
    <UnitTest name="Test_Poco_To_Dto" storage="c:\users\michael\_code\ditto\testditto\bin\debug\testditto.dll" id="e39ac0b9-7f42-f290-17ef-e8b3037f8a38">
      <Execution id="b85b6cf9-3af1-4227-8097-5170de4db444" />
      <TestMethod codeBase="C:/Users/Michael/_CODE/DitTO/TestDitTO/bin/Debug/TestDitTO.DLL" adapterTypeName="Microsoft.VisualStudio.TestTools.TestTypes.Unit.UnitTestAdapter, Microsoft.VisualStudio.QualityTools.Tips.UnitTest.Adapter, Version=10.0.0.0, Culture=neutral, PublicKeyToken=b03f5f7f11d50a3a" className="TestDitTO.Tests, TestDitTO, Version=1.0.0.0, Culture=neutral, PublicKeyToken=null" name="Test_Poco_To_Dto" />
    </UnitTest>
    <UnitTest name="Test_Dto_To_Live_Ef_Poco" storage="c:\users\michael\_code\ditto\testditto\bin\debug\testditto.dll" id="03a77bf7-0d03-4582-234d-239776031b7e">
      <Execution id="df39f9f2-dd7c-4b27-811b-c519ae73e625" />
      <TestMethod codeBase="C:/Users/Michael/_CODE/DitTO/TestDitTO/bin/Debug/TestDitTO.DLL" adapterTypeName="Microsoft.VisualStudio.TestTools.TestTypes.Unit.UnitTestAdapter, Microsoft.VisualStudio.QualityTools.Tips.UnitTest.Adapter, Version=10.0.0.0, Culture=neutral, PublicKeyToken=b03f5f7f11d50a3a" className="TestDitTO.Tests, TestDitTO, Version=1.0.0.0, Culture=neutral, PublicKeyToken=null" name="Test_Dto_To_Live_Ef_Poco" />
    </UnitTest>
    <UnitTest name="Test_Live_Poco_To_Dto" storage="c:\users\michael\_code\ditto\testditto\bin\debug\testditto.dll" id="3f20ef7e-c5dc-c97c-b968-9597f0c16966">
      <Execution id="a6f3cb05-00b4-4b4b-8c7f-cf78840d4297" />
      <TestMethod codeBase="C:/Users/Michael/_CODE/DitTO/TestDitTO/bin/Debug/TestDitTO.DLL" adapterTypeName="Microsoft.VisualStudio.TestTools.TestTypes.Unit.UnitTestAdapter, Microsoft.VisualStudio.QualityTools.Tips.UnitTest.Adapter, Version=10.0.0.0, Culture=neutral, PublicKeyToken=b03f5f7f11d50a3a" className="TestDitTO.Tests, TestDitTO, Version=1.0.0.0, Culture=neutral, PublicKeyToken=null" name="Test_Live_Poco_To_Dto" />
    </UnitTest>
    <UnitTest name="Test_Live_Poco_To_Dto_via_EF" storage="c:\users\michael\_code\ditto\testditto\bin\debug\testditto.dll" id="4dd358f2-0250-7828-3dd7-fe61e75c6d73">
      <Execution id="a14617dc-d498-428e-a825-cb495a4dab99" />
      <TestMethod codeBase="C:/Users/Michael/_CODE/DitTO/TestDitTO/bin/Debug/TestDitTO.DLL" adapterTypeName="Microsoft.VisualStudio.TestTools.TestTypes.Unit.UnitTestAdapter, Microsoft.VisualStudio.QualityTools.Tips.UnitTest.Adapter, Version=10.0.0.0, Culture=neutral, PublicKeyToken=b03f5f7f11d50a3a" className="TestDitTO.Tests, TestDitTO, Version=1.0.0.0, Culture=neutral, PublicKeyToken=null" name="Test_Live_Poco_To_Dto_via_EF" />
    </UnitTest>
    <UnitTest name="Test_Dto_To_Live_Nh_Poco" storage="c:\users\michael\_code\ditto\testditto\bin\debug\testditto.dll" id="5cba631f-b350-c9fc-48ed-945bf7159979">
      <Execution id="7662bbbc-80d5-4553-a1c4-9e981e402ef5" />
      <TestMethod codeBase="C:/Users/Michael/_CODE/DitTO/TestDitTO/bin/Debug/TestDitTO.DLL" adapterTypeName="Microsoft.VisualStudio.TestTools.TestTypes.Unit.UnitTestAdapter, Microsoft.VisualStudio.QualityTools.Tips.UnitTest.Adapter, Version=10.0.0.0, Culture=neutral, PublicKeyToken=b03f5f7f11d50a3a" className="TestDitTO.Tests, TestDitTO, Version=1.0.0.0, Culture=neutral, PublicKeyToken=null" name="Test_Dto_To_Live_Nh_Poco" />
    </UnitTest>
  </TestDefinitions>
  <TestLists>
    <TestList name="Results Not in a List" id="8c84fa94-04c1-424b-9868-57a2d4851a1d" />
    <TestList name="All Loaded Results" id="19431567-8539-422a-85d7-44ee4e166bda" />
  </TestLists>
  <TestEntries>
    <TestEntry testId="03a77bf7-0d03-4582-234d-239776031b7e" executionId="df39f9f2-dd7c-4b27-811b-c519ae73e625" testListId="8c84fa94-04c1-424b-9868-57a2d4851a1d" />
    <TestEntry testId="3f20ef7e-c5dc-c97c-b968-9597f0c16966" executionId="a6f3cb05-00b4-4b4b-8c7f-cf78840d4297" testListId="8c84fa94-04c1-424b-9868-57a2d4851a1d" />
    <TestEntry testId="4dd358f2-0250-7828-3dd7-fe61e75c6d73" executionId="a14617dc-d498-428e-a825-cb495a4dab99" testListId="8c84fa94-04c1-424b-9868-57a2d4851a1d" />
    <TestEntry testId="5cba631f-b350-c9fc-48ed-945bf7159979" executionId="7662bbbc-80d5-4553-a1c4-9e981e402ef5" testListId="8c84fa94-04c1-424b-9868-57a2d4851a1d" />
    <TestEntry testId="6a9476f7-86f9-8504-595a-f2251f9be6bf" executionId="11d3857a-a74e-4d3e-aece-3ef1e7f9e22e" testListId="8c84fa94-04c1-424b-9868-57a2d4851a1d" />
    <TestEntry testId="e39ac0b9-7f42-f290-17ef-e8b3037f8a38" executionId="b85b6cf9-3af1-4227-8097-5170de4db444" testListId="8c84fa94-04c1-424b-9868-57a2d4851a1d" />
  </TestEntries>
  <Results>
    <UnitTestResult executionId="df39f9f2-dd7c-4b27-811b-c519ae73e625" testId="03a77bf7-0d03-4582-234d-239776031b7e" testName="Test_Dto_To_Live_Ef_Poco" computerName="MICHAEL-PC" duration="00:00:01.4638970" startTime="2012-06-03T14:42:17.1510000+08:00" endTime="2012-06-03T14:42:19.0030000+08:00" testType="13cdc9d9-ddb5-4fa4-a97d-d965ccfc6d4b" outcome="Passed" testListId="8c84fa94-04c1-424b-9868-57a2d4851a1d" relativeResultsDirectory="df39f9f2-dd7c-4b27-811b-c519ae73e625">
    </UnitTestResult>
    <UnitTestResult executionId="a6f3cb05-00b4-4b4b-8c7f-cf78840d4297" testId="3f20ef7e-c5dc-c97c-b968-9597f0c16966" testName="Test_Live_Poco_To_Dto" computerName="MICHAEL-PC" duration="00:00:01.1445608" startTime="2012-06-03T14:42:19.0080000+08:00" endTime="2012-06-03T14:42:20.1620000+08:00" testType="13cdc9d9-ddb5-4fa4-a97d-d965ccfc6d4b" outcome="Failed" testListId="8c84fa94-04c1-424b-9868-57a2d4851a1d" relativeResultsDirectory="a6f3cb05-00b4-4b4b-8c7f-cf78840d4297">
      <Output>
        <ErrorInfo>
          <Message>Test method TestDitTO.Tests.Test_Live_Poco_To_Dto threw exception: 
FluentNHibernate.Cfg.FluentConfigurationException: An invalid or incomplete configuration was used while creating a SessionFactory. Check PotentialReasons collection, and InnerException for more detail.

 ---&gt; FluentNHibernate.Cfg.FluentConfigurationException: An invalid or incomplete configuration was used while creating a SessionFactory. Check PotentialReasons collection, and InnerException for more detail.

 ---&gt; System.NullReferenceException: Object reference not set to an instance of an object.</Message>
          <StackTrace>    at TestDitTO.NhDbMapper.CustomForeignKeyConvention.GetKeyName(Member property, Type type) in C:\Users\Michael\_CODE\DitTO\TestDitTO\NhDbMapper.cs:line 133
   at FluentNHibernate.Conventions.ForeignKeyConvention.Apply(ICollectionInstance instance)
   at FluentNHibernate.Visitors.ConventionVisitor.Apply[TInspector,TInstance](IEnumerable conventions, TInstance instance)
   at FluentNHibernate.Visitors.ConventionVisitor.ProcessCollection(CollectionMapping mapping)
   at FluentNHibernate.MappingModel.Collections.CollectionMapping.AcceptVisitor(IMappingModelVisitor visitor)
   at FluentNHibernate.Visitors.DefaultMappingModelVisitor.Visit(CollectionMapping collectionMapping)
   at FluentNHibernate.MappingModel.MappedMembers.AcceptVisitor(IMappingModelVisitor visitor)
   at FluentNHibernate.MappingModel.ClassBased.ClassMappingBase.AcceptVisitor(IMappingModelVisitor visitor)
   at FluentNHibernate.MappingModel.ClassBased.ClassMapping.AcceptVisitor(IMappingModelVisitor visitor)
   at FluentNHibernate.Visitors.DefaultMappingModelVisitor.Visit(ClassMapping classMapping)
   at FluentNHibernate.MappingModel.HibernateMapping.AcceptVisitor(IMappingModelVisitor visitor)
   at FluentNHibernate.Visitors.DefaultMappingModelVisitor.&lt;Visit&gt;b__0(HibernateMapping x)
   at FluentNHibernate.Utils.CollectionExtensions.Each[T](IEnumerable`1 enumerable, Action`1 each)
   at FluentNHibernate.Visitors.DefaultMappingModelVisitor.Visit(IEnumerable`1 mappings)
   at FluentNHibernate.PersistenceModel.ApplyVisitors(IEnumerable`1 mappings)
   at FluentNHibernate.PersistenceModel.BuildMappings()
   at FluentNHibernate.Automapping.AutoPersistenceModel.BuildMappings()
   at FluentNHibernate.PersistenceModel.EnsureMappingsBuilt()
   at FluentNHibernate.PersistenceModel.Configure(Configuration cfg)
   at FluentNHibernate.Automapping.AutoPersistenceModel.Configure(Configuration configuration)
   at FluentNHibernate.Cfg.AutoMappingsContainer.Apply(Configuration cfg, PersistenceModel model)
   at FluentNHibernate.Cfg.MappingConfiguration.Apply(Configuration cfg)
   at FluentNHibernate.Cfg.FluentConfiguration.BuildConfiguration()
 --- End of inner exception stack trace ---
    at FluentNHibernate.Cfg.FluentConfiguration.BuildConfiguration()
   at FluentNHibernate.Cfg.FluentConfiguration.BuildSessionFactory()
 --- End of inner exception stack trace ---
    at FluentNHibernate.Cfg.FluentConfiguration.BuildSessionFactory()
   at TestDitTO.NhDbMapper.GetSessionFactory(String connectionString) in C:\Users\Michael\_CODE\DitTO\TestDitTO\NhDbMapper.cs:line 98
   at TestDitTO.NhDbMapper.GetSession(String connectionString) in C:\Users\Michael\_CODE\DitTO\TestDitTO\NhDbMapper.cs:line 24
   at TestDitTO.Tests.Test_Live_Poco_To_Dto() in C:\Users\Michael\_CODE\DitTO\TestDitTO\Tests.cs:line 150
</StackTrace>
        </ErrorInfo>
      </Output>
    </UnitTestResult>
    <UnitTestResult executionId="a14617dc-d498-428e-a825-cb495a4dab99" testId="4dd358f2-0250-7828-3dd7-fe61e75c6d73" testName="Test_Live_Poco_To_Dto_via_EF" computerName="MICHAEL-PC" duration="00:00:00.1362753" startTime="2012-06-03T14:42:20.1650000+08:00" endTime="2012-06-03T14:42:20.3150000+08:00" testType="13cdc9d9-ddb5-4fa4-a97d-d965ccfc6d4b" outcome="Passed" testListId="8c84fa94-04c1-424b-9868-57a2d4851a1d" relativeResultsDirectory="a14617dc-d498-428e-a825-cb495a4dab99">
    </UnitTestResult>
    <UnitTestResult executionId="7662bbbc-80d5-4553-a1c4-9e981e402ef5" testId="5cba631f-b350-c9fc-48ed-945bf7159979" testName="Test_Dto_To_Live_Nh_Poco" computerName="MICHAEL-PC" duration="00:00:00.0110432" startTime="2012-06-03T14:42:20.3180000+08:00" endTime="2012-06-03T14:42:20.3330000+08:00" testType="13cdc9d9-ddb5-4fa4-a97d-d965ccfc6d4b" outcome="Failed" testListId="8c84fa94-04c1-424b-9868-57a2d4851a1d" relativeResultsDirectory="7662bbbc-80d5-4553-a1c4-9e981e402ef5">
      <Output>
        <ErrorInfo>
          <Message>Test method TestDitTO.Tests.Test_Dto_To_Live_Nh_Poco threw exception: 
FluentNHibernate.Cfg.FluentConfigurationException: An invalid or incomplete configuration was used while creating a SessionFactory. Check PotentialReasons collection, and InnerException for more detail.

 ---&gt; FluentNHibernate.Cfg.FluentConfigurationException: An invalid or incomplete configuration was used while creating a SessionFactory. Check PotentialReasons collection, and InnerException for more detail.

 ---&gt; System.NullReferenceException: Object reference not set to an instance of an object.</Message>
          <StackTrace>    at TestDitTO.NhDbMapper.CustomForeignKeyConvention.GetKeyName(Member property, Type type) in C:\Users\Michael\_CODE\DitTO\TestDitTO\NhDbMapper.cs:line 133
   at FluentNHibernate.Conventions.ForeignKeyConvention.Apply(ICollectionInstance instance)
   at FluentNHibernate.Visitors.ConventionVisitor.Apply[TInspector,TInstance](IEnumerable conventions, TInstance instance)
   at FluentNHibernate.Visitors.ConventionVisitor.ProcessCollection(CollectionMapping mapping)
   at FluentNHibernate.MappingModel.Collections.CollectionMapping.AcceptVisitor(IMappingModelVisitor visitor)
   at FluentNHibernate.Visitors.DefaultMappingModelVisitor.Visit(CollectionMapping collectionMapping)
   at FluentNHibernate.MappingModel.MappedMembers.AcceptVisitor(IMappingModelVisitor visitor)
   at FluentNHibernate.MappingModel.ClassBased.ClassMappingBase.AcceptVisitor(IMappingModelVisitor visitor)
   at FluentNHibernate.MappingModel.ClassBased.ClassMapping.AcceptVisitor(IMappingModelVisitor visitor)
   at FluentNHibernate.Visitors.DefaultMappingModelVisitor.Visit(ClassMapping classMapping)
   at FluentNHibernate.MappingModel.HibernateMapping.AcceptVisitor(IMappingModelVisitor visitor)
   at FluentNHibernate.Visitors.DefaultMappingModelVisitor.&lt;Visit&gt;b__0(HibernateMapping x)
   at FluentNHibernate.Utils.CollectionExtensions.Each[T](IEnumerable`1 enumerable, Action`1 each)
   at FluentNHibernate.Visitors.DefaultMappingModelVisitor.Visit(IEnumerable`1 mappings)
   at FluentNHibernate.PersistenceModel.ApplyVisitors(IEnumerable`1 mappings)
   at FluentNHibernate.PersistenceModel.BuildMappings()
   at FluentNHibernate.Automapping.AutoPersistenceModel.BuildMappings()
   at FluentNHibernate.PersistenceModel.EnsureMappingsBuilt()
   at FluentNHibernate.PersistenceModel.Configure(Configuration cfg)
   at FluentNHibernate.Automapping.AutoPersistenceModel.Configure(Configuration configuration)
   at FluentNHibernate.Cfg.AutoMappingsContainer.Apply(Configuration cfg, PersistenceModel model)
   at FluentNHibernate.Cfg.MappingConfiguration.Apply(Configuration cfg)
   at FluentNHibernate.Cfg.FluentConfiguration.BuildConfiguration()
 --- End of inner exception stack trace ---
    at FluentNHibernate.Cfg.FluentConfiguration.BuildConfiguration()
   at FluentNHibernate.Cfg.FluentConfiguration.BuildSessionFactory()
 --- End of inner exception stack trace ---
    at FluentNHibernate.Cfg.FluentConfiguration.BuildSessionFactory()
   at TestDitTO.NhDbMapper.GetSessionFactory(String connectionString) in C:\Users\Michael\_CODE\DitTO\TestDitTO\NhDbMapper.cs:line 98
   at TestDitTO.NhDbMapper.GetSession(String connectionString) in C:\Users\Michael\_CODE\DitTO\TestDitTO\NhDbMapper.cs:line 24
   at TestDitTO.Tests.Test_Dto_To_Live_Nh_Poco() in C:\Users\Michael\_CODE\DitTO\TestDitTO\Tests.cs:line 257
</StackTrace>
        </ErrorInfo>
      </Output>
    </UnitTestResult>
    <UnitTestResult executionId="11d3857a-a74e-4d3e-aece-3ef1e7f9e22e" testId="6a9476f7-86f9-8504-595a-f2251f9be6bf" testName="Test_Dto_To_Poco" computerName="MICHAEL-PC" duration="00:00:00.0060548" startTime="2012-06-03T14:42:20.3360000+08:00" endTime="2012-06-03T14:42:20.3470000+08:00" testType="13cdc9d9-ddb5-4fa4-a97d-d965ccfc6d4b" outcome="Passed" testListId="8c84fa94-04c1-424b-9868-57a2d4851a1d" relativeResultsDirectory="11d3857a-a74e-4d3e-aece-3ef1e7f9e22e">
    </UnitTestResult>
    <UnitTestResult executionId="b85b6cf9-3af1-4227-8097-5170de4db444" testId="e39ac0b9-7f42-f290-17ef-e8b3037f8a38" testName="Test_Poco_To_Dto" computerName="MICHAEL-PC" duration="00:00:00.0032294" startTime="2012-06-03T14:42:20.3510000+08:00" endTime="2012-06-03T14:42:20.3580000+08:00" testType="13cdc9d9-ddb5-4fa4-a97d-d965ccfc6d4b" outcome="Passed" testListId="8c84fa94-04c1-424b-9868-57a2d4851a1d" relativeResultsDirectory="b85b6cf9-3af1-4227-8097-5170de4db444">
    </UnitTestResult>
  </Results>
</TestRun>