<?xml version="1.0" encoding="UTF-8"?>
<TestRun id="75b98260-8038-4016-bdfe-d007439b6684" name="Michael@MICHAEL-PC 2012-06-12 06:59:12" runUser="Michael-PC\Michael" xmlns="http://microsoft.com/schemas/VisualStudio/TeamTest/2010">
  <TestSettings name="Local" id="397f7128-1790-459c-a965-4142d4897709">
    <Description>These are default test settings for a local test run.</Description>
    <Deployment enabled="false" runDeploymentRoot="Michael_MICHAEL-PC 2012-06-12 06_59_12">
      <DeploymentItem filename="C:\Users\Michael\_CODE\DitTO\packages\EntityFramework.4.3.1\lib\net40\EntityFramework.dll" />
      <DeploymentItem filename="C:\Users\Michael\_CODE\Ienablemuch.ToTheEfnhX\Ienablemuch.ToTheEfnhX.EntityFramework\bin\Release\Ienablemuch.ToTheEfnhX.EntityFramework.dll" />
      <DeploymentItem filename="C:\Users\Michael\_CODE\DitTO\packages\Iesi.Collections.3.2.0.4000\lib\Net35\Iesi.Collections.dll" />
      <DeploymentItem filename="C:\Users\Michael\_CODE\DitTO\DitTO\bin\Debug\Ienablemuch.DitTO.dll" />
      <DeploymentItem filename="C:\Users\Michael\_CODE\DitTO\packages\FluentNHibernate.1.3.0.727\lib\FluentNHibernate.dll" />
      <DeploymentItem filename="C:\Users\Michael\_CODE\Ienablemuch.ToTheEfnhX\Ienablemuch.ToTheEfnhX.NHibernate\bin\Release\Ienablemuch.ToTheEfnhX.NHibernate.dll" />
      <DeploymentItem filename="C:\Users\Michael\_CODE\Ienablemuch.ToTheEfnhX\Ienablemuch.ToTheEfnhX.EntityFramework\bin\Release\SystemLinqDynamic.dll" />
      <DeploymentItem filename="C:\Users\Michael\_CODE\DitTO\TheEntities\bin\Debug\TheEntities.dll" />
      <DeploymentItem filename="C:\Users\Michael\_CODE\Ienablemuch.ToTheEfnhX\Ienablemuch.ToTheEfnhX.EntityFramework\bin\Release\Ienablemuch.ToTheEfnhX.dll" />
      <DeploymentItem filename="C:\Users\Michael\_CODE\DitTO\packages\NHibernate.3.3.0.4000\lib\Net35\NHibernate.dll" />
      <DeploymentItem filename="C:\Users\Michael\_CODE\DitTO\Ienablemuch.DitTO.EntityFrameworkStubMaker\bin\Debug\Ienablemuch.DitTO.EntityFrameworkStubAssigner.dll" />
    </Deployment>
    <Execution>
      <TestTypeSpecific />
      <AgentRule name="Execution Agents">
      </AgentRule>
    </Execution>
  </TestSettings>
  <Times creation="2012-06-12T06:59:12.2070000+08:00" queuing="2012-06-12T06:59:12.7140000+08:00" start="2012-06-12T06:59:12.8860000+08:00" finish="2012-06-12T06:59:26.8410000+08:00" />
  <ResultSummary outcome="Completed">
    <Counters total="18" executed="18" passed="18" error="0" failed="0" timeout="0" aborted="0" inconclusive="0" passedButRunAborted="0" notRunnable="0" notExecuted="0" disconnected="0" warning="0" completed="0" inProgress="0" pending="0" />
  </ResultSummary>
  <TestDefinitions>
    <UnitTest name="Test_Dto_To_Poco" storage="c:\users\michael\_code\ditto\testditto\bin\debug\testditto.dll" id="6a9476f7-86f9-8504-595a-f2251f9be6bf">
      <Execution id="2b797b7f-d17b-4299-a6ad-46e7c9c39000" />
      <TestMethod codeBase="C:/Users/Michael/_CODE/DitTO/TestDitTO/bin/Debug/TestDitTO.DLL" adapterTypeName="Microsoft.VisualStudio.TestTools.TestTypes.Unit.UnitTestAdapter, Microsoft.VisualStudio.QualityTools.Tips.UnitTest.Adapter, Version=10.0.0.0, Culture=neutral, PublicKeyToken=b03f5f7f11d50a3a" className="TestDitTO.Tests, TestDitTO, Version=1.0.0.0, Culture=neutral, PublicKeyToken=null" name="Test_Dto_To_Poco" />
    </UnitTest>
    <UnitTest name="Test_Strongly_typed_mapper_for_Dto_To_Poco" storage="c:\users\michael\_code\ditto\testditto\bin\debug\testditto.dll" id="4794794d-9fdd-7db6-103b-b405f98bc982">
      <Execution id="93be0ac7-10d0-4ee7-bf59-cd98bb57b381" />
      <TestMethod codeBase="C:/Users/Michael/_CODE/DitTO/TestDitTO/bin/Debug/TestDitTO.DLL" adapterTypeName="Microsoft.VisualStudio.TestTools.TestTypes.Unit.UnitTestAdapter, Microsoft.VisualStudio.QualityTools.Tips.UnitTest.Adapter, Version=10.0.0.0, Culture=neutral, PublicKeyToken=b03f5f7f11d50a3a" className="TestDitTO.Tests, TestDitTO, Version=1.0.0.0, Culture=neutral, PublicKeyToken=null" name="Test_Strongly_typed_mapper_for_Dto_To_Poco" />
    </UnitTest>
    <UnitTest name="Test_Live_Ef_Language_Country" storage="c:\users\michael\_code\ditto\testditto\bin\debug\testditto.dll" id="868724cd-ee1a-d8c7-130f-18d9892c04d2">
      <Execution id="f6db3b5b-fdb7-4ecc-a76d-7272ce34aefb" />
      <TestMethod codeBase="C:/Users/Michael/_CODE/DitTO/TestDitTO/bin/Debug/TestDitTO.DLL" adapterTypeName="Microsoft.VisualStudio.TestTools.TestTypes.Unit.UnitTestAdapter, Microsoft.VisualStudio.QualityTools.Tips.UnitTest.Adapter, Version=10.0.0.0, Culture=neutral, PublicKeyToken=b03f5f7f11d50a3a" className="TestDitTO.Tests, TestDitTO, Version=1.0.0.0, Culture=neutral, PublicKeyToken=null" name="Test_Live_Ef_Language_Country" />
    </UnitTest>
    <UnitTest name="Test_Mapping_Corner_Cases" storage="c:\users\michael\_code\ditto\testditto\bin\debug\testditto.dll" id="03a43309-9383-a197-5846-15498a856f10">
      <Execution id="fa94c7bd-a6f7-4d71-811f-52a62f3febba" />
      <TestMethod codeBase="C:/Users/Michael/_CODE/DitTO/TestDitTO/bin/Debug/TestDitTO.DLL" adapterTypeName="Microsoft.VisualStudio.TestTools.TestTypes.Unit.UnitTestAdapter, Microsoft.VisualStudio.QualityTools.Tips.UnitTest.Adapter, Version=10.0.0.0, Culture=neutral, PublicKeyToken=b03f5f7f11d50a3a" className="TestDitTO.Tests, TestDitTO, Version=1.0.0.0, Culture=neutral, PublicKeyToken=null" name="Test_Mapping_Corner_Cases" />
    </UnitTest>
    <UnitTest name="Test_Live_Ef_Language_Country_Poco_to_Dto_NullableCountry" storage="c:\users\michael\_code\ditto\testditto\bin\debug\testditto.dll" id="0ba62294-c0c5-2415-33e0-915234705ac7">
      <Execution id="694d9baa-d64f-40b0-beed-8f64441fa55f" />
      <TestMethod codeBase="C:/Users/Michael/_CODE/DitTO/TestDitTO/bin/Debug/TestDitTO.DLL" adapterTypeName="Microsoft.VisualStudio.TestTools.TestTypes.Unit.UnitTestAdapter, Microsoft.VisualStudio.QualityTools.Tips.UnitTest.Adapter, Version=10.0.0.0, Culture=neutral, PublicKeyToken=b03f5f7f11d50a3a" className="TestDitTO.Tests, TestDitTO, Version=1.0.0.0, Culture=neutral, PublicKeyToken=null" name="Test_Live_Ef_Language_Country_Poco_to_Dto_NullableCountry" />
    </UnitTest>
    <UnitTest name="Test_Live_EF_Poco_To_Dto" storage="c:\users\michael\_code\ditto\testditto\bin\debug\testditto.dll" id="e79dc9e1-ed55-95b0-8016-10df46076ea1">
      <Execution id="772e7c1f-231b-4b5e-898b-a11812b93a22" />
      <TestMethod codeBase="C:/Users/Michael/_CODE/DitTO/TestDitTO/bin/Debug/TestDitTO.DLL" adapterTypeName="Microsoft.VisualStudio.TestTools.TestTypes.Unit.UnitTestAdapter, Microsoft.VisualStudio.QualityTools.Tips.UnitTest.Adapter, Version=10.0.0.0, Culture=neutral, PublicKeyToken=b03f5f7f11d50a3a" className="TestDitTO.Tests, TestDitTO, Version=1.0.0.0, Culture=neutral, PublicKeyToken=null" name="Test_Live_EF_Poco_To_Dto" />
    </UnitTest>
    <UnitTest name="Test_nested_Live_Ef_Dto_to_Poco" storage="c:\users\michael\_code\ditto\testditto\bin\debug\testditto.dll" id="71c37fa7-eb5a-3ce4-535c-1616d2d1517e">
      <Execution id="a2f3e236-0cad-48c1-a923-8fe85dcf3a54" />
      <TestMethod codeBase="C:/Users/Michael/_CODE/DitTO/TestDitTO/bin/Debug/TestDitTO.DLL" adapterTypeName="Microsoft.VisualStudio.TestTools.TestTypes.Unit.UnitTestAdapter, Microsoft.VisualStudio.QualityTools.Tips.UnitTest.Adapter, Version=10.0.0.0, Culture=neutral, PublicKeyToken=b03f5f7f11d50a3a" className="TestDitTO.Tests, TestDitTO, Version=1.0.0.0, Culture=neutral, PublicKeyToken=null" name="Test_nested_Live_Ef_Dto_to_Poco" />
    </UnitTest>
    <UnitTest name="Test_Live_Nh_Language_Country_Poco_to_Dto" storage="c:\users\michael\_code\ditto\testditto\bin\debug\testditto.dll" id="1d6a957a-0b27-6297-ca14-3404fd6b8366">
      <Execution id="e25adfea-9e96-45d2-8573-231f88b508bc" />
      <TestMethod codeBase="C:/Users/Michael/_CODE/DitTO/TestDitTO/bin/Debug/TestDitTO.DLL" adapterTypeName="Microsoft.VisualStudio.TestTools.TestTypes.Unit.UnitTestAdapter, Microsoft.VisualStudio.QualityTools.Tips.UnitTest.Adapter, Version=10.0.0.0, Culture=neutral, PublicKeyToken=b03f5f7f11d50a3a" className="TestDitTO.Tests, TestDitTO, Version=1.0.0.0, Culture=neutral, PublicKeyToken=null" name="Test_Live_Nh_Language_Country_Poco_to_Dto" />
    </UnitTest>
    <UnitTest name="Test_Dto_To_Live_Nh_Poco" storage="c:\users\michael\_code\ditto\testditto\bin\debug\testditto.dll" id="5cba631f-b350-c9fc-48ed-945bf7159979">
      <Execution id="2435c47c-3eeb-4823-9add-23cecb03a08c" />
      <TestMethod codeBase="C:/Users/Michael/_CODE/DitTO/TestDitTO/bin/Debug/TestDitTO.DLL" adapterTypeName="Microsoft.VisualStudio.TestTools.TestTypes.Unit.UnitTestAdapter, Microsoft.VisualStudio.QualityTools.Tips.UnitTest.Adapter, Version=10.0.0.0, Culture=neutral, PublicKeyToken=b03f5f7f11d50a3a" className="TestDitTO.Tests, TestDitTO, Version=1.0.0.0, Culture=neutral, PublicKeyToken=null" name="Test_Dto_To_Live_Nh_Poco" />
    </UnitTest>
    <UnitTest name="Test_Live_Ef_Language_Country_Poco_to_Dto" storage="c:\users\michael\_code\ditto\testditto\bin\debug\testditto.dll" id="6032bfcb-ead9-6f8b-54e1-1894c4fa55ab">
      <Execution id="c447361d-60d5-4ed7-9c2c-62a8f0a21691" />
      <TestMethod codeBase="C:/Users/Michael/_CODE/DitTO/TestDitTO/bin/Debug/TestDitTO.DLL" adapterTypeName="Microsoft.VisualStudio.TestTools.TestTypes.Unit.UnitTestAdapter, Microsoft.VisualStudio.QualityTools.Tips.UnitTest.Adapter, Version=10.0.0.0, Culture=neutral, PublicKeyToken=b03f5f7f11d50a3a" className="TestDitTO.Tests, TestDitTO, Version=1.0.0.0, Culture=neutral, PublicKeyToken=null" name="Test_Live_Ef_Language_Country_Poco_to_Dto" />
    </UnitTest>
    <UnitTest name="Test_Corner_Cases_on_Live_Ef_to_Poco" storage="c:\users\michael\_code\ditto\testditto\bin\debug\testditto.dll" id="c28ecea9-2bbb-9a85-15e6-7e296cbbdb71">
      <Execution id="adb6cf17-6589-43e6-b4bd-be950ef635e2" />
      <TestMethod codeBase="C:/Users/Michael/_CODE/DitTO/TestDitTO/bin/Debug/TestDitTO.DLL" adapterTypeName="Microsoft.VisualStudio.TestTools.TestTypes.Unit.UnitTestAdapter, Microsoft.VisualStudio.QualityTools.Tips.UnitTest.Adapter, Version=10.0.0.0, Culture=neutral, PublicKeyToken=b03f5f7f11d50a3a" className="TestDitTO.Tests, TestDitTO, Version=1.0.0.0, Culture=neutral, PublicKeyToken=null" name="Test_Corner_Cases_on_Live_Ef_to_Poco" />
    </UnitTest>
    <UnitTest name="Test_Live_NH_Language_Country" storage="c:\users\michael\_code\ditto\testditto\bin\debug\testditto.dll" id="0fbef700-03bb-52e7-7fa3-3fe06f980c30">
      <Execution id="18341d60-a1d0-4df0-9d63-4351c5a4e7e3" />
      <TestMethod codeBase="C:/Users/Michael/_CODE/DitTO/TestDitTO/bin/Debug/TestDitTO.DLL" adapterTypeName="Microsoft.VisualStudio.TestTools.TestTypes.Unit.UnitTestAdapter, Microsoft.VisualStudio.QualityTools.Tips.UnitTest.Adapter, Version=10.0.0.0, Culture=neutral, PublicKeyToken=b03f5f7f11d50a3a" className="TestDitTO.Tests, TestDitTO, Version=1.0.0.0, Culture=neutral, PublicKeyToken=null" name="Test_Live_NH_Language_Country" />
    </UnitTest>
    <UnitTest name="Test_Live_NH_Poco_To_Dto" storage="c:\users\michael\_code\ditto\testditto\bin\debug\testditto.dll" id="504ce877-e083-b887-b5e8-a14e1c067a2c">
      <Execution id="8a6992a6-eb1e-45b2-be07-61e959ddb26a" />
      <TestMethod codeBase="C:/Users/Michael/_CODE/DitTO/TestDitTO/bin/Debug/TestDitTO.DLL" adapterTypeName="Microsoft.VisualStudio.TestTools.TestTypes.Unit.UnitTestAdapter, Microsoft.VisualStudio.QualityTools.Tips.UnitTest.Adapter, Version=10.0.0.0, Culture=neutral, PublicKeyToken=b03f5f7f11d50a3a" className="TestDitTO.Tests, TestDitTO, Version=1.0.0.0, Culture=neutral, PublicKeyToken=null" name="Test_Live_NH_Poco_To_Dto" />
    </UnitTest>
    <UnitTest name="Test_Dto_To_Live_Ef_Poco" storage="c:\users\michael\_code\ditto\testditto\bin\debug\testditto.dll" id="03a77bf7-0d03-4582-234d-239776031b7e">
      <Execution id="3fc4a211-358e-4f0e-b6ea-77669cd70939" />
      <TestMethod codeBase="C:/Users/Michael/_CODE/DitTO/TestDitTO/bin/Debug/TestDitTO.DLL" adapterTypeName="Microsoft.VisualStudio.TestTools.TestTypes.Unit.UnitTestAdapter, Microsoft.VisualStudio.QualityTools.Tips.UnitTest.Adapter, Version=10.0.0.0, Culture=neutral, PublicKeyToken=b03f5f7f11d50a3a" className="TestDitTO.Tests, TestDitTO, Version=1.0.0.0, Culture=neutral, PublicKeyToken=null" name="Test_Dto_To_Live_Ef_Poco" />
    </UnitTest>
    <UnitTest name="Test_Poco_To_Dto" storage="c:\users\michael\_code\ditto\testditto\bin\debug\testditto.dll" id="e39ac0b9-7f42-f290-17ef-e8b3037f8a38">
      <Execution id="adcd9989-4be9-44da-8753-a174b961554d" />
      <TestMethod codeBase="C:/Users/Michael/_CODE/DitTO/TestDitTO/bin/Debug/TestDitTO.DLL" adapterTypeName="Microsoft.VisualStudio.TestTools.TestTypes.Unit.UnitTestAdapter, Microsoft.VisualStudio.QualityTools.Tips.UnitTest.Adapter, Version=10.0.0.0, Culture=neutral, PublicKeyToken=b03f5f7f11d50a3a" className="TestDitTO.Tests, TestDitTO, Version=1.0.0.0, Culture=neutral, PublicKeyToken=null" name="Test_Poco_To_Dto" />
    </UnitTest>
    <UnitTest name="Test_nested" storage="c:\users\michael\_code\ditto\testditto\bin\debug\testditto.dll" id="a7d2cb75-a038-21d3-5a24-3d064aab4870">
      <Execution id="c36a5f61-d03a-4669-9c3f-b5ab83a20694" />
      <TestMethod codeBase="C:/Users/Michael/_CODE/DitTO/TestDitTO/bin/Debug/TestDitTO.DLL" adapterTypeName="Microsoft.VisualStudio.TestTools.TestTypes.Unit.UnitTestAdapter, Microsoft.VisualStudio.QualityTools.Tips.UnitTest.Adapter, Version=10.0.0.0, Culture=neutral, PublicKeyToken=b03f5f7f11d50a3a" className="TestDitTO.Tests, TestDitTO, Version=1.0.0.0, Culture=neutral, PublicKeyToken=null" name="Test_nested" />
    </UnitTest>
    <UnitTest name="Test_Strongly_typed_Mapper_for_Poco_to_Dto" storage="c:\users\michael\_code\ditto\testditto\bin\debug\testditto.dll" id="54a8c533-17fa-1b67-b0e4-80569fa46822">
      <Execution id="a8b9f2c5-ad61-407f-b082-3cc6af18b027" />
      <TestMethod codeBase="C:/Users/Michael/_CODE/DitTO/TestDitTO/bin/Debug/TestDitTO.DLL" adapterTypeName="Microsoft.VisualStudio.TestTools.TestTypes.Unit.UnitTestAdapter, Microsoft.VisualStudio.QualityTools.Tips.UnitTest.Adapter, Version=10.0.0.0, Culture=neutral, PublicKeyToken=b03f5f7f11d50a3a" className="TestDitTO.Tests, TestDitTO, Version=1.0.0.0, Culture=neutral, PublicKeyToken=null" name="Test_Strongly_typed_Mapper_for_Poco_to_Dto" />
    </UnitTest>
    <UnitTest name="Test_nested_Live_Nh_Dto_to_Poco" storage="c:\users\michael\_code\ditto\testditto\bin\debug\testditto.dll" id="0d685c04-58ea-a98b-23f0-951633879e8a">
      <Execution id="d138d7c8-c24f-4509-bf28-6f81ab0c45d8" />
      <TestMethod codeBase="C:/Users/Michael/_CODE/DitTO/TestDitTO/bin/Debug/TestDitTO.DLL" adapterTypeName="Microsoft.VisualStudio.TestTools.TestTypes.Unit.UnitTestAdapter, Microsoft.VisualStudio.QualityTools.Tips.UnitTest.Adapter, Version=10.0.0.0, Culture=neutral, PublicKeyToken=b03f5f7f11d50a3a" className="TestDitTO.Tests, TestDitTO, Version=1.0.0.0, Culture=neutral, PublicKeyToken=null" name="Test_nested_Live_Nh_Dto_to_Poco" />
    </UnitTest>
  </TestDefinitions>
  <TestLists>
    <TestList name="Results Not in a List" id="8c84fa94-04c1-424b-9868-57a2d4851a1d" />
    <TestList name="All Loaded Results" id="19431567-8539-422a-85d7-44ee4e166bda" />
  </TestLists>
  <TestEntries>
    <TestEntry testId="03a43309-9383-a197-5846-15498a856f10" executionId="fa94c7bd-a6f7-4d71-811f-52a62f3febba" testListId="8c84fa94-04c1-424b-9868-57a2d4851a1d" />
    <TestEntry testId="03a77bf7-0d03-4582-234d-239776031b7e" executionId="3fc4a211-358e-4f0e-b6ea-77669cd70939" testListId="8c84fa94-04c1-424b-9868-57a2d4851a1d" />
    <TestEntry testId="0ba62294-c0c5-2415-33e0-915234705ac7" executionId="694d9baa-d64f-40b0-beed-8f64441fa55f" testListId="8c84fa94-04c1-424b-9868-57a2d4851a1d" />
    <TestEntry testId="0d685c04-58ea-a98b-23f0-951633879e8a" executionId="d138d7c8-c24f-4509-bf28-6f81ab0c45d8" testListId="8c84fa94-04c1-424b-9868-57a2d4851a1d" />
    <TestEntry testId="0fbef700-03bb-52e7-7fa3-3fe06f980c30" executionId="18341d60-a1d0-4df0-9d63-4351c5a4e7e3" testListId="8c84fa94-04c1-424b-9868-57a2d4851a1d" />
    <TestEntry testId="1d6a957a-0b27-6297-ca14-3404fd6b8366" executionId="e25adfea-9e96-45d2-8573-231f88b508bc" testListId="8c84fa94-04c1-424b-9868-57a2d4851a1d" />
    <TestEntry testId="4794794d-9fdd-7db6-103b-b405f98bc982" executionId="93be0ac7-10d0-4ee7-bf59-cd98bb57b381" testListId="8c84fa94-04c1-424b-9868-57a2d4851a1d" />
    <TestEntry testId="504ce877-e083-b887-b5e8-a14e1c067a2c" executionId="8a6992a6-eb1e-45b2-be07-61e959ddb26a" testListId="8c84fa94-04c1-424b-9868-57a2d4851a1d" />
    <TestEntry testId="54a8c533-17fa-1b67-b0e4-80569fa46822" executionId="a8b9f2c5-ad61-407f-b082-3cc6af18b027" testListId="8c84fa94-04c1-424b-9868-57a2d4851a1d" />
    <TestEntry testId="5cba631f-b350-c9fc-48ed-945bf7159979" executionId="2435c47c-3eeb-4823-9add-23cecb03a08c" testListId="8c84fa94-04c1-424b-9868-57a2d4851a1d" />
    <TestEntry testId="6032bfcb-ead9-6f8b-54e1-1894c4fa55ab" executionId="c447361d-60d5-4ed7-9c2c-62a8f0a21691" testListId="8c84fa94-04c1-424b-9868-57a2d4851a1d" />
    <TestEntry testId="6a9476f7-86f9-8504-595a-f2251f9be6bf" executionId="2b797b7f-d17b-4299-a6ad-46e7c9c39000" testListId="8c84fa94-04c1-424b-9868-57a2d4851a1d" />
    <TestEntry testId="71c37fa7-eb5a-3ce4-535c-1616d2d1517e" executionId="a2f3e236-0cad-48c1-a923-8fe85dcf3a54" testListId="8c84fa94-04c1-424b-9868-57a2d4851a1d" />
    <TestEntry testId="868724cd-ee1a-d8c7-130f-18d9892c04d2" executionId="f6db3b5b-fdb7-4ecc-a76d-7272ce34aefb" testListId="8c84fa94-04c1-424b-9868-57a2d4851a1d" />
    <TestEntry testId="a7d2cb75-a038-21d3-5a24-3d064aab4870" executionId="c36a5f61-d03a-4669-9c3f-b5ab83a20694" testListId="8c84fa94-04c1-424b-9868-57a2d4851a1d" />
    <TestEntry testId="c28ecea9-2bbb-9a85-15e6-7e296cbbdb71" executionId="adb6cf17-6589-43e6-b4bd-be950ef635e2" testListId="8c84fa94-04c1-424b-9868-57a2d4851a1d" />
    <TestEntry testId="e39ac0b9-7f42-f290-17ef-e8b3037f8a38" executionId="adcd9989-4be9-44da-8753-a174b961554d" testListId="8c84fa94-04c1-424b-9868-57a2d4851a1d" />
    <TestEntry testId="e79dc9e1-ed55-95b0-8016-10df46076ea1" executionId="772e7c1f-231b-4b5e-898b-a11812b93a22" testListId="8c84fa94-04c1-424b-9868-57a2d4851a1d" />
  </TestEntries>
  <Results>
    <UnitTestResult executionId="fa94c7bd-a6f7-4d71-811f-52a62f3febba" testId="03a43309-9383-a197-5846-15498a856f10" testName="Test_Mapping_Corner_Cases" computerName="MICHAEL-PC" duration="00:00:00.0770940" startTime="2012-06-12T06:59:12.9920000+08:00" endTime="2012-06-12T06:59:13.6070000+08:00" testType="13cdc9d9-ddb5-4fa4-a97d-d965ccfc6d4b" outcome="Passed" testListId="8c84fa94-04c1-424b-9868-57a2d4851a1d" relativeResultsDirectory="fa94c7bd-a6f7-4d71-811f-52a62f3febba">
    </UnitTestResult>
    <UnitTestResult executionId="3fc4a211-358e-4f0e-b6ea-77669cd70939" testId="03a77bf7-0d03-4582-234d-239776031b7e" testName="Test_Dto_To_Live_Ef_Poco" computerName="MICHAEL-PC" duration="00:00:06.9625279" startTime="2012-06-12T06:59:13.6180000+08:00" endTime="2012-06-12T06:59:20.6010000+08:00" testType="13cdc9d9-ddb5-4fa4-a97d-d965ccfc6d4b" outcome="Passed" testListId="8c84fa94-04c1-424b-9868-57a2d4851a1d" relativeResultsDirectory="3fc4a211-358e-4f0e-b6ea-77669cd70939">
    </UnitTestResult>
    <UnitTestResult executionId="694d9baa-d64f-40b0-beed-8f64441fa55f" testId="0ba62294-c0c5-2415-33e0-915234705ac7" testName="Test_Live_Ef_Language_Country_Poco_to_Dto_NullableCountry" computerName="MICHAEL-PC" duration="00:00:00.1086814" startTime="2012-06-12T06:59:20.6090000+08:00" endTime="2012-06-12T06:59:20.7220000+08:00" testType="13cdc9d9-ddb5-4fa4-a97d-d965ccfc6d4b" outcome="Passed" testListId="8c84fa94-04c1-424b-9868-57a2d4851a1d" relativeResultsDirectory="694d9baa-d64f-40b0-beed-8f64441fa55f">
    </UnitTestResult>
    <UnitTestResult executionId="d138d7c8-c24f-4509-bf28-6f81ab0c45d8" testId="0d685c04-58ea-a98b-23f0-951633879e8a" testName="Test_nested_Live_Nh_Dto_to_Poco" computerName="MICHAEL-PC" duration="00:00:02.7448553" startTime="2012-06-12T06:59:20.7250000+08:00" endTime="2012-06-12T06:59:23.4760000+08:00" testType="13cdc9d9-ddb5-4fa4-a97d-d965ccfc6d4b" outcome="Passed" testListId="8c84fa94-04c1-424b-9868-57a2d4851a1d" relativeResultsDirectory="d138d7c8-c24f-4509-bf28-6f81ab0c45d8">
    </UnitTestResult>
    <UnitTestResult executionId="18341d60-a1d0-4df0-9d63-4351c5a4e7e3" testId="0fbef700-03bb-52e7-7fa3-3fe06f980c30" testName="Test_Live_NH_Language_Country" computerName="MICHAEL-PC" duration="00:00:00.8799447" startTime="2012-06-12T06:59:23.4820000+08:00" endTime="2012-06-12T06:59:24.3770000+08:00" testType="13cdc9d9-ddb5-4fa4-a97d-d965ccfc6d4b" outcome="Passed" testListId="8c84fa94-04c1-424b-9868-57a2d4851a1d" relativeResultsDirectory="18341d60-a1d0-4df0-9d63-4351c5a4e7e3">
    </UnitTestResult>
    <UnitTestResult executionId="e25adfea-9e96-45d2-8573-231f88b508bc" testId="1d6a957a-0b27-6297-ca14-3404fd6b8366" testName="Test_Live_Nh_Language_Country_Poco_to_Dto" computerName="MICHAEL-PC" duration="00:00:00.0528526" startTime="2012-06-12T06:59:24.3820000+08:00" endTime="2012-06-12T06:59:24.4380000+08:00" testType="13cdc9d9-ddb5-4fa4-a97d-d965ccfc6d4b" outcome="Passed" testListId="8c84fa94-04c1-424b-9868-57a2d4851a1d" relativeResultsDirectory="e25adfea-9e96-45d2-8573-231f88b508bc">
    </UnitTestResult>
    <UnitTestResult executionId="93be0ac7-10d0-4ee7-bf59-cd98bb57b381" testId="4794794d-9fdd-7db6-103b-b405f98bc982" testName="Test_Strongly_typed_mapper_for_Dto_To_Poco" computerName="MICHAEL-PC" duration="00:00:00.0052771" startTime="2012-06-12T06:59:24.4420000+08:00" endTime="2012-06-12T06:59:24.4570000+08:00" testType="13cdc9d9-ddb5-4fa4-a97d-d965ccfc6d4b" outcome="Passed" testListId="8c84fa94-04c1-424b-9868-57a2d4851a1d" relativeResultsDirectory="93be0ac7-10d0-4ee7-bf59-cd98bb57b381">
    </UnitTestResult>
    <UnitTestResult executionId="8a6992a6-eb1e-45b2-be07-61e959ddb26a" testId="504ce877-e083-b887-b5e8-a14e1c067a2c" testName="Test_Live_NH_Poco_To_Dto" computerName="MICHAEL-PC" duration="00:00:00.0298812" startTime="2012-06-12T06:59:24.4620000+08:00" endTime="2012-06-12T06:59:24.5090000+08:00" testType="13cdc9d9-ddb5-4fa4-a97d-d965ccfc6d4b" outcome="Passed" testListId="8c84fa94-04c1-424b-9868-57a2d4851a1d" relativeResultsDirectory="8a6992a6-eb1e-45b2-be07-61e959ddb26a">
    </UnitTestResult>
    <UnitTestResult executionId="a8b9f2c5-ad61-407f-b082-3cc6af18b027" testId="54a8c533-17fa-1b67-b0e4-80569fa46822" testName="Test_Strongly_typed_Mapper_for_Poco_to_Dto" computerName="MICHAEL-PC" duration="00:00:00.0090364" startTime="2012-06-12T06:59:24.5130000+08:00" endTime="2012-06-12T06:59:24.5440000+08:00" testType="13cdc9d9-ddb5-4fa4-a97d-d965ccfc6d4b" outcome="Passed" testListId="8c84fa94-04c1-424b-9868-57a2d4851a1d" relativeResultsDirectory="a8b9f2c5-ad61-407f-b082-3cc6af18b027">
    </UnitTestResult>
    <UnitTestResult executionId="2435c47c-3eeb-4823-9add-23cecb03a08c" testId="5cba631f-b350-c9fc-48ed-945bf7159979" testName="Test_Dto_To_Live_Nh_Poco" computerName="MICHAEL-PC" duration="00:00:00.0571441" startTime="2012-06-12T06:59:24.5480000+08:00" endTime="2012-06-12T06:59:24.6300000+08:00" testType="13cdc9d9-ddb5-4fa4-a97d-d965ccfc6d4b" outcome="Passed" testListId="8c84fa94-04c1-424b-9868-57a2d4851a1d" relativeResultsDirectory="2435c47c-3eeb-4823-9add-23cecb03a08c">
    </UnitTestResult>
    <UnitTestResult executionId="c447361d-60d5-4ed7-9c2c-62a8f0a21691" testId="6032bfcb-ead9-6f8b-54e1-1894c4fa55ab" testName="Test_Live_Ef_Language_Country_Poco_to_Dto" computerName="MICHAEL-PC" duration="00:00:00.1697551" startTime="2012-06-12T06:59:24.6330000+08:00" endTime="2012-06-12T06:59:24.8170000+08:00" testType="13cdc9d9-ddb5-4fa4-a97d-d965ccfc6d4b" outcome="Passed" testListId="8c84fa94-04c1-424b-9868-57a2d4851a1d" relativeResultsDirectory="c447361d-60d5-4ed7-9c2c-62a8f0a21691">
    </UnitTestResult>
    <UnitTestResult executionId="2b797b7f-d17b-4299-a6ad-46e7c9c39000" testId="6a9476f7-86f9-8504-595a-f2251f9be6bf" testName="Test_Dto_To_Poco" computerName="MICHAEL-PC" duration="00:00:00.0030701" startTime="2012-06-12T06:59:24.8210000+08:00" endTime="2012-06-12T06:59:24.8290000+08:00" testType="13cdc9d9-ddb5-4fa4-a97d-d965ccfc6d4b" outcome="Passed" testListId="8c84fa94-04c1-424b-9868-57a2d4851a1d" relativeResultsDirectory="2b797b7f-d17b-4299-a6ad-46e7c9c39000">
    </UnitTestResult>
    <UnitTestResult executionId="a2f3e236-0cad-48c1-a923-8fe85dcf3a54" testId="71c37fa7-eb5a-3ce4-535c-1616d2d1517e" testName="Test_nested_Live_Ef_Dto_to_Poco" computerName="MICHAEL-PC" duration="00:00:00.0796111" startTime="2012-06-12T06:59:24.8320000+08:00" endTime="2012-06-12T06:59:24.9150000+08:00" testType="13cdc9d9-ddb5-4fa4-a97d-d965ccfc6d4b" outcome="Passed" testListId="8c84fa94-04c1-424b-9868-57a2d4851a1d" relativeResultsDirectory="a2f3e236-0cad-48c1-a923-8fe85dcf3a54">
    </UnitTestResult>
    <UnitTestResult executionId="f6db3b5b-fdb7-4ecc-a76d-7272ce34aefb" testId="868724cd-ee1a-d8c7-130f-18d9892c04d2" testName="Test_Live_Ef_Language_Country" computerName="MICHAEL-PC" duration="00:00:00.0137914" startTime="2012-06-12T06:59:24.9190000+08:00" endTime="2012-06-12T06:59:24.9450000+08:00" testType="13cdc9d9-ddb5-4fa4-a97d-d965ccfc6d4b" outcome="Passed" testListId="8c84fa94-04c1-424b-9868-57a2d4851a1d" relativeResultsDirectory="f6db3b5b-fdb7-4ecc-a76d-7272ce34aefb">
    </UnitTestResult>
    <UnitTestResult executionId="c36a5f61-d03a-4669-9c3f-b5ab83a20694" testId="a7d2cb75-a038-21d3-5a24-3d064aab4870" testName="Test_nested" computerName="MICHAEL-PC" duration="00:00:00.0005194" startTime="2012-06-12T06:59:24.9480000+08:00" endTime="2012-06-12T06:59:24.9540000+08:00" testType="13cdc9d9-ddb5-4fa4-a97d-d965ccfc6d4b" outcome="Passed" testListId="8c84fa94-04c1-424b-9868-57a2d4851a1d" relativeResultsDirectory="c36a5f61-d03a-4669-9c3f-b5ab83a20694">
    </UnitTestResult>
    <UnitTestResult executionId="adb6cf17-6589-43e6-b4bd-be950ef635e2" testId="c28ecea9-2bbb-9a85-15e6-7e296cbbdb71" testName="Test_Corner_Cases_on_Live_Ef_to_Poco" computerName="MICHAEL-PC" duration="00:00:00.0965671" startTime="2012-06-12T06:59:24.9580000+08:00" endTime="2012-06-12T06:59:25.0580000+08:00" testType="13cdc9d9-ddb5-4fa4-a97d-d965ccfc6d4b" outcome="Passed" testListId="8c84fa94-04c1-424b-9868-57a2d4851a1d" relativeResultsDirectory="adb6cf17-6589-43e6-b4bd-be950ef635e2">
    </UnitTestResult>
    <UnitTestResult executionId="adcd9989-4be9-44da-8753-a174b961554d" testId="e39ac0b9-7f42-f290-17ef-e8b3037f8a38" testName="Test_Poco_To_Dto" computerName="MICHAEL-PC" duration="00:00:00.0026401" startTime="2012-06-12T06:59:25.0620000+08:00" endTime="2012-06-12T06:59:25.0760000+08:00" testType="13cdc9d9-ddb5-4fa4-a97d-d965ccfc6d4b" outcome="Passed" testListId="8c84fa94-04c1-424b-9868-57a2d4851a1d" relativeResultsDirectory="adcd9989-4be9-44da-8753-a174b961554d">
    </UnitTestResult>
    <UnitTestResult executionId="772e7c1f-231b-4b5e-898b-a11812b93a22" testId="e79dc9e1-ed55-95b0-8016-10df46076ea1" testName="Test_Live_EF_Poco_To_Dto" computerName="MICHAEL-PC" duration="00:00:00.1623418" startTime="2012-06-12T06:59:25.0800000+08:00" endTime="2012-06-12T06:59:25.2530000+08:00" testType="13cdc9d9-ddb5-4fa4-a97d-d965ccfc6d4b" outcome="Passed" testListId="8c84fa94-04c1-424b-9868-57a2d4851a1d" relativeResultsDirectory="772e7c1f-231b-4b5e-898b-a11812b93a22">
    </UnitTestResult>
  </Results>
</TestRun>