<?xml version="1.0" encoding="UTF-8"?>
<TestRun id="68b1003b-9072-4b3e-a5f3-e3baf36fc336" name="Michael@MICHAEL-PC 2012-06-09 10:44:49" runUser="Michael-PC\Michael" xmlns="http://microsoft.com/schemas/VisualStudio/TeamTest/2010">
  <TestSettings name="Local" id="397f7128-1790-459c-a965-4142d4897709">
    <Description>These are default test settings for a local test run.</Description>
    <Deployment enabled="false" runDeploymentRoot="Michael_MICHAEL-PC 2012-06-09 10_44_49">
      <DeploymentItem filename="C:\Users\Michael\_CODE\DitTO\packages\EntityFramework.4.3.1\lib\net40\EntityFramework.dll" />
      <DeploymentItem filename="C:\Users\Michael\_CODE\Ienablemuch.ToTheEfnhX\Ienablemuch.ToTheEfnhX.EntityFramework\bin\Release\Ienablemuch.ToTheEfnhX.EntityFramework.dll" />
      <DeploymentItem filename="C:\Users\Michael\_CODE\DitTO\packages\Iesi.Collections.3.2.0.4000\lib\Net35\Iesi.Collections.dll" />
      <DeploymentItem filename="C:\Users\Michael\_CODE\DitTO\DitTO\bin\Debug\Ienablemuch.DitTO.dll" />
      <DeploymentItem filename="C:\Users\Michael\_CODE\DitTO\packages\FluentNHibernate.1.3.0.727\lib\FluentNHibernate.dll" />
      <DeploymentItem filename="C:\Users\Michael\_CODE\DitTO\packages\NHibernate.3.3.0.4000\lib\Net35\NHibernate.dll" />
      <DeploymentItem filename="C:\Users\Michael\_CODE\Ienablemuch.ToTheEfnhX\Ienablemuch.ToTheEfnhX.EntityFramework\bin\Release\SystemLinqDynamic.dll" />
      <DeploymentItem filename="C:\Users\Michael\_CODE\DitTO\TheEntities\bin\Debug\TheEntities.dll" />
      <DeploymentItem filename="C:\Users\Michael\_CODE\Ienablemuch.ToTheEfnhX\Ienablemuch.ToTheEfnhX.EntityFramework\bin\Release\Ienablemuch.ToTheEfnhX.dll" />
      <DeploymentItem filename="C:\Users\Michael\_CODE\DitTO\Ienablemuch.DitTO.EntityFrameworkStubMaker\bin\Debug\Ienablemuch.DitTO.EntityFrameworkStubAssigner.dll" />
    </Deployment>
    <Execution>
      <TestTypeSpecific />
      <AgentRule name="Execution Agents">
      </AgentRule>
    </Execution>
  </TestSettings>
  <Times creation="2012-06-09T10:44:49.3440000+08:00" queuing="2012-06-09T10:44:49.4060000+08:00" start="2012-06-09T10:44:49.4340000+08:00" finish="2012-06-09T10:44:51.3450000+08:00" />
  <ResultSummary outcome="Failed">
    <Counters total="1" executed="1" error="0" failed="1" timeout="0" aborted="0" inconclusive="0" passedButRunAborted="0" notRunnable="0" notExecuted="0" disconnected="0" warning="0" passed="0" completed="0" inProgress="0" pending="0" />
  </ResultSummary>
  <TestDefinitions>
    <UnitTest name="Test_Corner_Cases_on_Live_Ef_to_Poco" storage="c:\users\michael\_code\ditto\testditto\bin\debug\testditto.dll" id="c28ecea9-2bbb-9a85-15e6-7e296cbbdb71">
      <Execution id="46f87271-07bd-44e9-81a5-911e5d293847" />
      <TestMethod codeBase="C:/Users/Michael/_CODE/DitTO/TestDitTO/bin/Debug/TestDitTO.DLL" adapterTypeName="Microsoft.VisualStudio.TestTools.TestTypes.Unit.UnitTestAdapter, Microsoft.VisualStudio.QualityTools.Tips.UnitTest.Adapter, Version=10.0.0.0, Culture=neutral, PublicKeyToken=b03f5f7f11d50a3a" className="TestDitTO.Tests, TestDitTO, Version=1.0.0.0, Culture=neutral, PublicKeyToken=null" name="Test_Corner_Cases_on_Live_Ef_to_Poco" />
    </UnitTest>
  </TestDefinitions>
  <TestLists>
    <TestList name="Results Not in a List" id="8c84fa94-04c1-424b-9868-57a2d4851a1d" />
    <TestList name="All Loaded Results" id="19431567-8539-422a-85d7-44ee4e166bda" />
  </TestLists>
  <TestEntries>
    <TestEntry testId="c28ecea9-2bbb-9a85-15e6-7e296cbbdb71" executionId="46f87271-07bd-44e9-81a5-911e5d293847" testListId="8c84fa94-04c1-424b-9868-57a2d4851a1d" />
  </TestEntries>
  <Results>
    <UnitTestResult executionId="46f87271-07bd-44e9-81a5-911e5d293847" testId="c28ecea9-2bbb-9a85-15e6-7e296cbbdb71" testName="Test_Corner_Cases_on_Live_Ef_to_Poco" computerName="MICHAEL-PC" duration="00:00:01.2693855" startTime="2012-06-09T10:44:49.4660000+08:00" endTime="2012-06-09T10:44:50.9760000+08:00" testType="13cdc9d9-ddb5-4fa4-a97d-d965ccfc6d4b" outcome="Failed" testListId="8c84fa94-04c1-424b-9868-57a2d4851a1d" relativeResultsDirectory="46f87271-07bd-44e9-81a5-911e5d293847">
      <Output>
        <DebugTrace>Customer
Countries
</DebugTrace>
        <ErrorInfo>
          <Message>Test method TestDitTO.Tests.Test_Corner_Cases_on_Live_Ef_to_Poco threw exception: 
System.Reflection.TargetInvocationException: Exception has been thrown by the target of an invocation. ---&gt; System.InvalidOperationException: When an object is returned with a NoTracking merge option, Load can only be called when the EntityCollection or EntityReference does not contain objects.</Message>
          <StackTrace>    at System.Data.Objects.DataClasses.RelatedEnd.ValidateLoad[TEntity](MergeOption mergeOption, String relatedEndName, Boolean&amp; hasResults)
   at System.Data.Objects.DataClasses.EntityCollection`1.Load(List`1 collection, MergeOption mergeOption)
   at System.Data.Objects.DataClasses.EntityCollection`1.Load(MergeOption mergeOption)
   at System.Data.Objects.DataClasses.RelatedEnd.Load()
   at System.Data.Objects.DataClasses.RelatedEnd.DeferredLoad()
   at System.Data.Objects.Internal.LazyLoadBehavior.LoadProperty[TItem](TItem propertyValue, String relationshipName, String targetRoleName, Boolean mustBeNull, Object wrapperObject)
   at System.Data.Objects.Internal.LazyLoadBehavior.&lt;&gt;c__DisplayClass7`2.&lt;GetInterceptorDelegate&gt;b__1(TProxy proxy, TItem item)
   at System.Data.Entity.DynamicProxies.Language_1211E5CABC23B19D17565377CF9845929A5D5890DA108E104874A7493F48573E.get_Countries()
 --- End of inner exception stack trace ---
    at System.RuntimeMethodHandle._InvokeMethodFast(IRuntimeMethodInfo method, Object target, Object[] arguments, SignatureStruct&amp; sig, MethodAttributes methodAttributes, RuntimeType typeOwner)
   at System.RuntimeMethodHandle.InvokeMethodFast(IRuntimeMethodInfo method, Object target, Object[] arguments, Signature sig, MethodAttributes methodAttributes, RuntimeType typeOwner)
   at System.Reflection.RuntimeMethodInfo.Invoke(Object obj, BindingFlags invokeAttr, Binder binder, Object[] parameters, CultureInfo culture, Boolean skipVisibilityChecks)
   at System.Reflection.RuntimeMethodInfo.Invoke(Object obj, BindingFlags invokeAttr, Binder binder, Object[] parameters, CultureInfo culture)
   at System.Reflection.RuntimePropertyInfo.GetValue(Object obj, BindingFlags invokeAttr, Binder binder, Object[] index, CultureInfo culture)
   at System.Reflection.RuntimePropertyInfo.GetValue(Object obj, Object[] index)
   at Ienablemuch.DitTO.Helper.ToDto(Object poco, Object dto, Type sourceType) in C:\Users\Michael\_CODE\DitTO\DitTO\ObjectMapper.cs:line 337
   at Ienablemuch.DitTO.Helper.ToDto(Object poco, Object dto, Type sourceType) in C:\Users\Michael\_CODE\DitTO\DitTO\ObjectMapper.cs:line 475
   at Ienablemuch.DitTO.Helper.ToDto(Object poco, Object dto) in C:\Users\Michael\_CODE\DitTO\DitTO\ObjectMapper.cs:line 306
   at Ienablemuch.DitTO.Mapper.ToDto[TPoco,TDto](TPoco poco) in C:\Users\Michael\_CODE\DitTO\DitTO\ObjectMapper.cs:line 541
   at TestDitTO.Tests.Test_Corner_Cases_on_Live_Ef_to_Poco() in C:\Users\Michael\_CODE\DitTO\TestDitTO\Tests.cs:line 829
</StackTrace>
        </ErrorInfo>
      </Output>
    </UnitTestResult>
  </Results>
</TestRun>