<?xml version="1.0" encoding="UTF-8"?>
<TestRun id="dcff6a4e-d01f-4f26-9c62-1e4338a76b48" name="Michael@MICHAEL-PC 2012-06-10 22:52:04" runUser="Michael-PC\Michael" xmlns="http://microsoft.com/schemas/VisualStudio/TeamTest/2010">
  <TestSettings name="Local" id="397f7128-1790-459c-a965-4142d4897709">
    <Description>These are default test settings for a local test run.</Description>
    <Deployment enabled="false" runDeploymentRoot="Michael_MICHAEL-PC 2012-06-10 22_52_04">
      <DeploymentItem filename="C:\Users\Michael\_CODE\DitTO\packages\EntityFramework.4.3.1\lib\net40\EntityFramework.dll" />
      <DeploymentItem filename="C:\Users\Michael\_CODE\Ienablemuch.ToTheEfnhX\Ienablemuch.ToTheEfnhX.EntityFramework\bin\Release\Ienablemuch.ToTheEfnhX.EntityFramework.dll" />
      <DeploymentItem filename="C:\Users\Michael\_CODE\DitTO\packages\Iesi.Collections.3.2.0.4000\lib\Net35\Iesi.Collections.dll" />
      <DeploymentItem filename="C:\Users\Michael\_CODE\DitTO\DitTO\bin\Debug\Ienablemuch.DitTO.dll" />
      <DeploymentItem filename="C:\Users\Michael\_CODE\DitTO\packages\FluentNHibernate.1.3.0.727\lib\FluentNHibernate.dll" />
      <DeploymentItem filename="C:\Users\Michael\_CODE\Ienablemuch.ToTheEfnhX\Ienablemuch.ToTheEfnhX.NHibernate\bin\Release\Ienablemuch.ToTheEfnhX.NHibernate.dll" />
      <DeploymentItem filename="C:\Users\Michael\_CODE\Ienablemuch.ToTheEfnhX\Ienablemuch.ToTheEfnhX.EntityFramework\bin\Release\SystemLinqDynamic.dll" />
      <DeploymentItem filename="C:\Users\Michael\_CODE\DitTO\TheEntities\bin\Debug\TheEntities.dll" />
      <DeploymentItem filename="C:\Users\Michael\_CODE\Ienablemuch.ToTheEfnhX\Ienablemuch.ToTheEfnhX.EntityFramework\bin\Release\Ienablemuch.ToTheEfnhX.dll" />
      <DeploymentItem filename="C:\Users\Michael\_CODE\DitTO\packages\NHibernate.3.3.0.4000\lib\Net35\NHibernate.dll" />
      <DeploymentItem filename="C:\Users\Michael\_CODE\DitTO\Ienablemuch.DitTO.EntityFrameworkStubMaker\bin\Debug\Ienablemuch.DitTO.EntityFrameworkStubAssigner.dll" />
    </Deployment>
    <Execution>
      <TestTypeSpecific />
      <AgentRule name="Execution Agents">
      </AgentRule>
    </Execution>
  </TestSettings>
  <Times creation="2012-06-10T22:52:04.3260000+08:00" queuing="2012-06-10T22:52:04.3990000+08:00" start="2012-06-10T22:52:04.4600000+08:00" finish="2012-06-10T22:52:10.0270000+08:00" />
  <ResultSummary outcome="Failed">
    <Counters total="18" executed="18" passed="17" error="0" failed="1" timeout="0" aborted="0" inconclusive="0" passedButRunAborted="0" notRunnable="0" notExecuted="0" disconnected="0" warning="0" completed="0" inProgress="0" pending="0" />
  </ResultSummary>
  <TestDefinitions>
    <UnitTest name="Test_Dto_To_Poco" storage="c:\users\michael\_code\ditto\testditto\bin\debug\testditto.dll" id="6a9476f7-86f9-8504-595a-f2251f9be6bf">
      <Execution id="1e95e072-7dc0-4dea-8209-52ea6b909712" />
      <TestMethod codeBase="C:/Users/Michael/_CODE/DitTO/TestDitTO/bin/Debug/TestDitTO.DLL" adapterTypeName="Microsoft.VisualStudio.TestTools.TestTypes.Unit.UnitTestAdapter, Microsoft.VisualStudio.QualityTools.Tips.UnitTest.Adapter, Version=10.0.0.0, Culture=neutral, PublicKeyToken=b03f5f7f11d50a3a" className="TestDitTO.Tests, TestDitTO, Version=1.0.0.0, Culture=neutral, PublicKeyToken=null" name="Test_Dto_To_Poco" />
    </UnitTest>
    <UnitTest name="Test_Strongly_typed_mapper_for_Dto_To_Poco" storage="c:\users\michael\_code\ditto\testditto\bin\debug\testditto.dll" id="4794794d-9fdd-7db6-103b-b405f98bc982">
      <Execution id="5f3abb4a-8184-479f-a3d3-626fdee54508" />
      <TestMethod codeBase="C:/Users/Michael/_CODE/DitTO/TestDitTO/bin/Debug/TestDitTO.DLL" adapterTypeName="Microsoft.VisualStudio.TestTools.TestTypes.Unit.UnitTestAdapter, Microsoft.VisualStudio.QualityTools.Tips.UnitTest.Adapter, Version=10.0.0.0, Culture=neutral, PublicKeyToken=b03f5f7f11d50a3a" className="TestDitTO.Tests, TestDitTO, Version=1.0.0.0, Culture=neutral, PublicKeyToken=null" name="Test_Strongly_typed_mapper_for_Dto_To_Poco" />
    </UnitTest>
    <UnitTest name="Test_Live_Ef_Language_Country" storage="c:\users\michael\_code\ditto\testditto\bin\debug\testditto.dll" id="868724cd-ee1a-d8c7-130f-18d9892c04d2">
      <Execution id="88aa4ae0-d215-44fd-83a3-ca047b86491e" />
      <TestMethod codeBase="C:/Users/Michael/_CODE/DitTO/TestDitTO/bin/Debug/TestDitTO.DLL" adapterTypeName="Microsoft.VisualStudio.TestTools.TestTypes.Unit.UnitTestAdapter, Microsoft.VisualStudio.QualityTools.Tips.UnitTest.Adapter, Version=10.0.0.0, Culture=neutral, PublicKeyToken=b03f5f7f11d50a3a" className="TestDitTO.Tests, TestDitTO, Version=1.0.0.0, Culture=neutral, PublicKeyToken=null" name="Test_Live_Ef_Language_Country" />
    </UnitTest>
    <UnitTest name="Test_Mapping_Corner_Cases" storage="c:\users\michael\_code\ditto\testditto\bin\debug\testditto.dll" id="03a43309-9383-a197-5846-15498a856f10">
      <Execution id="f19e4be1-b9e8-4653-bf9e-6f5616d7ae1b" />
      <TestMethod codeBase="C:/Users/Michael/_CODE/DitTO/TestDitTO/bin/Debug/TestDitTO.DLL" adapterTypeName="Microsoft.VisualStudio.TestTools.TestTypes.Unit.UnitTestAdapter, Microsoft.VisualStudio.QualityTools.Tips.UnitTest.Adapter, Version=10.0.0.0, Culture=neutral, PublicKeyToken=b03f5f7f11d50a3a" className="TestDitTO.Tests, TestDitTO, Version=1.0.0.0, Culture=neutral, PublicKeyToken=null" name="Test_Mapping_Corner_Cases" />
    </UnitTest>
    <UnitTest name="Test_Live_Ef_Language_Country_Poco_to_Dto_NullableCountry" storage="c:\users\michael\_code\ditto\testditto\bin\debug\testditto.dll" id="0ba62294-c0c5-2415-33e0-915234705ac7">
      <Execution id="8906c6f3-4a2a-4fe3-8f40-ecc4fbde533b" />
      <TestMethod codeBase="C:/Users/Michael/_CODE/DitTO/TestDitTO/bin/Debug/TestDitTO.DLL" adapterTypeName="Microsoft.VisualStudio.TestTools.TestTypes.Unit.UnitTestAdapter, Microsoft.VisualStudio.QualityTools.Tips.UnitTest.Adapter, Version=10.0.0.0, Culture=neutral, PublicKeyToken=b03f5f7f11d50a3a" className="TestDitTO.Tests, TestDitTO, Version=1.0.0.0, Culture=neutral, PublicKeyToken=null" name="Test_Live_Ef_Language_Country_Poco_to_Dto_NullableCountry" />
    </UnitTest>
    <UnitTest name="Test_Live_EF_Poco_To_Dto" storage="c:\users\michael\_code\ditto\testditto\bin\debug\testditto.dll" id="e79dc9e1-ed55-95b0-8016-10df46076ea1">
      <Execution id="bb70a1db-fa96-4faf-af35-74c649a849ef" />
      <TestMethod codeBase="C:/Users/Michael/_CODE/DitTO/TestDitTO/bin/Debug/TestDitTO.DLL" adapterTypeName="Microsoft.VisualStudio.TestTools.TestTypes.Unit.UnitTestAdapter, Microsoft.VisualStudio.QualityTools.Tips.UnitTest.Adapter, Version=10.0.0.0, Culture=neutral, PublicKeyToken=b03f5f7f11d50a3a" className="TestDitTO.Tests, TestDitTO, Version=1.0.0.0, Culture=neutral, PublicKeyToken=null" name="Test_Live_EF_Poco_To_Dto" />
    </UnitTest>
    <UnitTest name="Test_nested_Live_Ef_Dto_to_Poco" storage="c:\users\michael\_code\ditto\testditto\bin\debug\testditto.dll" id="71c37fa7-eb5a-3ce4-535c-1616d2d1517e">
      <Execution id="7111d42e-973e-4644-884c-47e4ee904e9f" />
      <TestMethod codeBase="C:/Users/Michael/_CODE/DitTO/TestDitTO/bin/Debug/TestDitTO.DLL" adapterTypeName="Microsoft.VisualStudio.TestTools.TestTypes.Unit.UnitTestAdapter, Microsoft.VisualStudio.QualityTools.Tips.UnitTest.Adapter, Version=10.0.0.0, Culture=neutral, PublicKeyToken=b03f5f7f11d50a3a" className="TestDitTO.Tests, TestDitTO, Version=1.0.0.0, Culture=neutral, PublicKeyToken=null" name="Test_nested_Live_Ef_Dto_to_Poco" />
    </UnitTest>
    <UnitTest name="Test_Live_Nh_Language_Country_Poco_to_Dto" storage="c:\users\michael\_code\ditto\testditto\bin\debug\testditto.dll" id="1d6a957a-0b27-6297-ca14-3404fd6b8366">
      <Execution id="59084912-ff93-4375-bd7e-20f3d4855eb8" />
      <TestMethod codeBase="C:/Users/Michael/_CODE/DitTO/TestDitTO/bin/Debug/TestDitTO.DLL" adapterTypeName="Microsoft.VisualStudio.TestTools.TestTypes.Unit.UnitTestAdapter, Microsoft.VisualStudio.QualityTools.Tips.UnitTest.Adapter, Version=10.0.0.0, Culture=neutral, PublicKeyToken=b03f5f7f11d50a3a" className="TestDitTO.Tests, TestDitTO, Version=1.0.0.0, Culture=neutral, PublicKeyToken=null" name="Test_Live_Nh_Language_Country_Poco_to_Dto" />
    </UnitTest>
    <UnitTest name="Test_Dto_To_Live_Nh_Poco" storage="c:\users\michael\_code\ditto\testditto\bin\debug\testditto.dll" id="5cba631f-b350-c9fc-48ed-945bf7159979">
      <Execution id="1790df76-e412-4e5a-af19-54bf00dab1ea" />
      <TestMethod codeBase="C:/Users/Michael/_CODE/DitTO/TestDitTO/bin/Debug/TestDitTO.DLL" adapterTypeName="Microsoft.VisualStudio.TestTools.TestTypes.Unit.UnitTestAdapter, Microsoft.VisualStudio.QualityTools.Tips.UnitTest.Adapter, Version=10.0.0.0, Culture=neutral, PublicKeyToken=b03f5f7f11d50a3a" className="TestDitTO.Tests, TestDitTO, Version=1.0.0.0, Culture=neutral, PublicKeyToken=null" name="Test_Dto_To_Live_Nh_Poco" />
    </UnitTest>
    <UnitTest name="Test_Live_Ef_Language_Country_Poco_to_Dto" storage="c:\users\michael\_code\ditto\testditto\bin\debug\testditto.dll" id="6032bfcb-ead9-6f8b-54e1-1894c4fa55ab">
      <Execution id="4c83c64a-8107-4b42-bc7f-8ca0a1450572" />
      <TestMethod codeBase="C:/Users/Michael/_CODE/DitTO/TestDitTO/bin/Debug/TestDitTO.DLL" adapterTypeName="Microsoft.VisualStudio.TestTools.TestTypes.Unit.UnitTestAdapter, Microsoft.VisualStudio.QualityTools.Tips.UnitTest.Adapter, Version=10.0.0.0, Culture=neutral, PublicKeyToken=b03f5f7f11d50a3a" className="TestDitTO.Tests, TestDitTO, Version=1.0.0.0, Culture=neutral, PublicKeyToken=null" name="Test_Live_Ef_Language_Country_Poco_to_Dto" />
    </UnitTest>
    <UnitTest name="Test_Corner_Cases_on_Live_Ef_to_Poco" storage="c:\users\michael\_code\ditto\testditto\bin\debug\testditto.dll" id="c28ecea9-2bbb-9a85-15e6-7e296cbbdb71">
      <Execution id="9cd43e8c-e291-4665-a159-d535146c65fc" />
      <TestMethod codeBase="C:/Users/Michael/_CODE/DitTO/TestDitTO/bin/Debug/TestDitTO.DLL" adapterTypeName="Microsoft.VisualStudio.TestTools.TestTypes.Unit.UnitTestAdapter, Microsoft.VisualStudio.QualityTools.Tips.UnitTest.Adapter, Version=10.0.0.0, Culture=neutral, PublicKeyToken=b03f5f7f11d50a3a" className="TestDitTO.Tests, TestDitTO, Version=1.0.0.0, Culture=neutral, PublicKeyToken=null" name="Test_Corner_Cases_on_Live_Ef_to_Poco" />
    </UnitTest>
    <UnitTest name="Test_Live_NH_Language_Country" storage="c:\users\michael\_code\ditto\testditto\bin\debug\testditto.dll" id="0fbef700-03bb-52e7-7fa3-3fe06f980c30">
      <Execution id="88184999-d01d-404a-8452-ace221952fb4" />
      <TestMethod codeBase="C:/Users/Michael/_CODE/DitTO/TestDitTO/bin/Debug/TestDitTO.DLL" adapterTypeName="Microsoft.VisualStudio.TestTools.TestTypes.Unit.UnitTestAdapter, Microsoft.VisualStudio.QualityTools.Tips.UnitTest.Adapter, Version=10.0.0.0, Culture=neutral, PublicKeyToken=b03f5f7f11d50a3a" className="TestDitTO.Tests, TestDitTO, Version=1.0.0.0, Culture=neutral, PublicKeyToken=null" name="Test_Live_NH_Language_Country" />
    </UnitTest>
    <UnitTest name="Test_Live_NH_Poco_To_Dto" storage="c:\users\michael\_code\ditto\testditto\bin\debug\testditto.dll" id="504ce877-e083-b887-b5e8-a14e1c067a2c">
      <Execution id="67130305-57c1-4d52-b8ba-0b7a36fca157" />
      <TestMethod codeBase="C:/Users/Michael/_CODE/DitTO/TestDitTO/bin/Debug/TestDitTO.DLL" adapterTypeName="Microsoft.VisualStudio.TestTools.TestTypes.Unit.UnitTestAdapter, Microsoft.VisualStudio.QualityTools.Tips.UnitTest.Adapter, Version=10.0.0.0, Culture=neutral, PublicKeyToken=b03f5f7f11d50a3a" className="TestDitTO.Tests, TestDitTO, Version=1.0.0.0, Culture=neutral, PublicKeyToken=null" name="Test_Live_NH_Poco_To_Dto" />
    </UnitTest>
    <UnitTest name="Test_Dto_To_Live_Ef_Poco" storage="c:\users\michael\_code\ditto\testditto\bin\debug\testditto.dll" id="03a77bf7-0d03-4582-234d-239776031b7e">
      <Execution id="929ebf24-5170-4e4a-8e88-dcb033587c06" />
      <TestMethod codeBase="C:/Users/Michael/_CODE/DitTO/TestDitTO/bin/Debug/TestDitTO.DLL" adapterTypeName="Microsoft.VisualStudio.TestTools.TestTypes.Unit.UnitTestAdapter, Microsoft.VisualStudio.QualityTools.Tips.UnitTest.Adapter, Version=10.0.0.0, Culture=neutral, PublicKeyToken=b03f5f7f11d50a3a" className="TestDitTO.Tests, TestDitTO, Version=1.0.0.0, Culture=neutral, PublicKeyToken=null" name="Test_Dto_To_Live_Ef_Poco" />
    </UnitTest>
    <UnitTest name="Test_Poco_To_Dto" storage="c:\users\michael\_code\ditto\testditto\bin\debug\testditto.dll" id="e39ac0b9-7f42-f290-17ef-e8b3037f8a38">
      <Execution id="e25f5068-3da8-4a94-aff1-31daf5b0e4d1" />
      <TestMethod codeBase="C:/Users/Michael/_CODE/DitTO/TestDitTO/bin/Debug/TestDitTO.DLL" adapterTypeName="Microsoft.VisualStudio.TestTools.TestTypes.Unit.UnitTestAdapter, Microsoft.VisualStudio.QualityTools.Tips.UnitTest.Adapter, Version=10.0.0.0, Culture=neutral, PublicKeyToken=b03f5f7f11d50a3a" className="TestDitTO.Tests, TestDitTO, Version=1.0.0.0, Culture=neutral, PublicKeyToken=null" name="Test_Poco_To_Dto" />
    </UnitTest>
    <UnitTest name="Test_nested" storage="c:\users\michael\_code\ditto\testditto\bin\debug\testditto.dll" id="a7d2cb75-a038-21d3-5a24-3d064aab4870">
      <Execution id="f0dc7847-9b91-47e4-a35b-e4e926390f58" />
      <TestMethod codeBase="C:/Users/Michael/_CODE/DitTO/TestDitTO/bin/Debug/TestDitTO.DLL" adapterTypeName="Microsoft.VisualStudio.TestTools.TestTypes.Unit.UnitTestAdapter, Microsoft.VisualStudio.QualityTools.Tips.UnitTest.Adapter, Version=10.0.0.0, Culture=neutral, PublicKeyToken=b03f5f7f11d50a3a" className="TestDitTO.Tests, TestDitTO, Version=1.0.0.0, Culture=neutral, PublicKeyToken=null" name="Test_nested" />
    </UnitTest>
    <UnitTest name="Test_Strongly_typed_Mapper_for_Poco_to_Dto" storage="c:\users\michael\_code\ditto\testditto\bin\debug\testditto.dll" id="54a8c533-17fa-1b67-b0e4-80569fa46822">
      <Execution id="a8cd2895-e7b5-45e3-bb11-53f26984b40b" />
      <TestMethod codeBase="C:/Users/Michael/_CODE/DitTO/TestDitTO/bin/Debug/TestDitTO.DLL" adapterTypeName="Microsoft.VisualStudio.TestTools.TestTypes.Unit.UnitTestAdapter, Microsoft.VisualStudio.QualityTools.Tips.UnitTest.Adapter, Version=10.0.0.0, Culture=neutral, PublicKeyToken=b03f5f7f11d50a3a" className="TestDitTO.Tests, TestDitTO, Version=1.0.0.0, Culture=neutral, PublicKeyToken=null" name="Test_Strongly_typed_Mapper_for_Poco_to_Dto" />
    </UnitTest>
    <UnitTest name="Test_nested_Live_Nh_Dto_to_Poco" storage="c:\users\michael\_code\ditto\testditto\bin\debug\testditto.dll" id="0d685c04-58ea-a98b-23f0-951633879e8a">
      <Execution id="a96fe658-108f-4cee-9095-821a74731ea4" />
      <TestMethod codeBase="C:/Users/Michael/_CODE/DitTO/TestDitTO/bin/Debug/TestDitTO.DLL" adapterTypeName="Microsoft.VisualStudio.TestTools.TestTypes.Unit.UnitTestAdapter, Microsoft.VisualStudio.QualityTools.Tips.UnitTest.Adapter, Version=10.0.0.0, Culture=neutral, PublicKeyToken=b03f5f7f11d50a3a" className="TestDitTO.Tests, TestDitTO, Version=1.0.0.0, Culture=neutral, PublicKeyToken=null" name="Test_nested_Live_Nh_Dto_to_Poco" />
    </UnitTest>
  </TestDefinitions>
  <TestLists>
    <TestList name="Results Not in a List" id="8c84fa94-04c1-424b-9868-57a2d4851a1d" />
    <TestList name="All Loaded Results" id="19431567-8539-422a-85d7-44ee4e166bda" />
  </TestLists>
  <TestEntries>
    <TestEntry testId="03a43309-9383-a197-5846-15498a856f10" executionId="f19e4be1-b9e8-4653-bf9e-6f5616d7ae1b" testListId="8c84fa94-04c1-424b-9868-57a2d4851a1d" />
    <TestEntry testId="03a77bf7-0d03-4582-234d-239776031b7e" executionId="929ebf24-5170-4e4a-8e88-dcb033587c06" testListId="8c84fa94-04c1-424b-9868-57a2d4851a1d" />
    <TestEntry testId="0ba62294-c0c5-2415-33e0-915234705ac7" executionId="8906c6f3-4a2a-4fe3-8f40-ecc4fbde533b" testListId="8c84fa94-04c1-424b-9868-57a2d4851a1d" />
    <TestEntry testId="0d685c04-58ea-a98b-23f0-951633879e8a" executionId="a96fe658-108f-4cee-9095-821a74731ea4" testListId="8c84fa94-04c1-424b-9868-57a2d4851a1d" />
    <TestEntry testId="0fbef700-03bb-52e7-7fa3-3fe06f980c30" executionId="88184999-d01d-404a-8452-ace221952fb4" testListId="8c84fa94-04c1-424b-9868-57a2d4851a1d" />
    <TestEntry testId="1d6a957a-0b27-6297-ca14-3404fd6b8366" executionId="59084912-ff93-4375-bd7e-20f3d4855eb8" testListId="8c84fa94-04c1-424b-9868-57a2d4851a1d" />
    <TestEntry testId="4794794d-9fdd-7db6-103b-b405f98bc982" executionId="5f3abb4a-8184-479f-a3d3-626fdee54508" testListId="8c84fa94-04c1-424b-9868-57a2d4851a1d" />
    <TestEntry testId="504ce877-e083-b887-b5e8-a14e1c067a2c" executionId="67130305-57c1-4d52-b8ba-0b7a36fca157" testListId="8c84fa94-04c1-424b-9868-57a2d4851a1d" />
    <TestEntry testId="54a8c533-17fa-1b67-b0e4-80569fa46822" executionId="a8cd2895-e7b5-45e3-bb11-53f26984b40b" testListId="8c84fa94-04c1-424b-9868-57a2d4851a1d" />
    <TestEntry testId="5cba631f-b350-c9fc-48ed-945bf7159979" executionId="1790df76-e412-4e5a-af19-54bf00dab1ea" testListId="8c84fa94-04c1-424b-9868-57a2d4851a1d" />
    <TestEntry testId="6032bfcb-ead9-6f8b-54e1-1894c4fa55ab" executionId="4c83c64a-8107-4b42-bc7f-8ca0a1450572" testListId="8c84fa94-04c1-424b-9868-57a2d4851a1d" />
    <TestEntry testId="6a9476f7-86f9-8504-595a-f2251f9be6bf" executionId="1e95e072-7dc0-4dea-8209-52ea6b909712" testListId="8c84fa94-04c1-424b-9868-57a2d4851a1d" />
    <TestEntry testId="71c37fa7-eb5a-3ce4-535c-1616d2d1517e" executionId="7111d42e-973e-4644-884c-47e4ee904e9f" testListId="8c84fa94-04c1-424b-9868-57a2d4851a1d" />
    <TestEntry testId="868724cd-ee1a-d8c7-130f-18d9892c04d2" executionId="88aa4ae0-d215-44fd-83a3-ca047b86491e" testListId="8c84fa94-04c1-424b-9868-57a2d4851a1d" />
    <TestEntry testId="a7d2cb75-a038-21d3-5a24-3d064aab4870" executionId="f0dc7847-9b91-47e4-a35b-e4e926390f58" testListId="8c84fa94-04c1-424b-9868-57a2d4851a1d" />
    <TestEntry testId="c28ecea9-2bbb-9a85-15e6-7e296cbbdb71" executionId="9cd43e8c-e291-4665-a159-d535146c65fc" testListId="8c84fa94-04c1-424b-9868-57a2d4851a1d" />
    <TestEntry testId="e39ac0b9-7f42-f290-17ef-e8b3037f8a38" executionId="e25f5068-3da8-4a94-aff1-31daf5b0e4d1" testListId="8c84fa94-04c1-424b-9868-57a2d4851a1d" />
    <TestEntry testId="e79dc9e1-ed55-95b0-8016-10df46076ea1" executionId="bb70a1db-fa96-4faf-af35-74c649a849ef" testListId="8c84fa94-04c1-424b-9868-57a2d4851a1d" />
  </TestEntries>
  <Results>
    <UnitTestResult executionId="f19e4be1-b9e8-4653-bf9e-6f5616d7ae1b" testId="03a43309-9383-a197-5846-15498a856f10" testName="Test_Mapping_Corner_Cases" computerName="MICHAEL-PC" duration="00:00:00.0457112" startTime="2012-06-10T22:52:04.4820000+08:00" endTime="2012-06-10T22:52:04.7890000+08:00" testType="13cdc9d9-ddb5-4fa4-a97d-d965ccfc6d4b" outcome="Passed" testListId="8c84fa94-04c1-424b-9868-57a2d4851a1d" relativeResultsDirectory="f19e4be1-b9e8-4653-bf9e-6f5616d7ae1b">
    </UnitTestResult>
    <UnitTestResult executionId="929ebf24-5170-4e4a-8e88-dcb033587c06" testId="03a77bf7-0d03-4582-234d-239776031b7e" testName="Test_Dto_To_Live_Ef_Poco" computerName="MICHAEL-PC" duration="00:00:01.3228040" startTime="2012-06-10T22:52:04.8070000+08:00" endTime="2012-06-10T22:52:06.1380000+08:00" testType="13cdc9d9-ddb5-4fa4-a97d-d965ccfc6d4b" outcome="Failed" testListId="8c84fa94-04c1-424b-9868-57a2d4851a1d" relativeResultsDirectory="929ebf24-5170-4e4a-8e88-dcb033587c06">
      <Output>
        <ErrorInfo>
          <Message>Assert.IsNotNull failed. </Message>
          <StackTrace>   at TestDitTO.Tests.Test_Dto_To_Live_Ef_Poco() in C:\Users\Michael\_CODE\DitTO\TestDitTO\Tests.cs:line 342
</StackTrace>
        </ErrorInfo>
      </Output>
    </UnitTestResult>
    <UnitTestResult executionId="8906c6f3-4a2a-4fe3-8f40-ecc4fbde533b" testId="0ba62294-c0c5-2415-33e0-915234705ac7" testName="Test_Live_Ef_Language_Country_Poco_to_Dto_NullableCountry" computerName="MICHAEL-PC" duration="00:00:00.0969558" startTime="2012-06-10T22:52:06.1490000+08:00" endTime="2012-06-10T22:52:06.2520000+08:00" testType="13cdc9d9-ddb5-4fa4-a97d-d965ccfc6d4b" outcome="Passed" testListId="8c84fa94-04c1-424b-9868-57a2d4851a1d" relativeResultsDirectory="8906c6f3-4a2a-4fe3-8f40-ecc4fbde533b">
    </UnitTestResult>
    <UnitTestResult executionId="a96fe658-108f-4cee-9095-821a74731ea4" testId="0d685c04-58ea-a98b-23f0-951633879e8a" testName="Test_nested_Live_Nh_Dto_to_Poco" computerName="MICHAEL-PC" duration="00:00:02.1275916" startTime="2012-06-10T22:52:06.2560000+08:00" endTime="2012-06-10T22:52:08.3870000+08:00" testType="13cdc9d9-ddb5-4fa4-a97d-d965ccfc6d4b" outcome="Passed" testListId="8c84fa94-04c1-424b-9868-57a2d4851a1d" relativeResultsDirectory="a96fe658-108f-4cee-9095-821a74731ea4">
    </UnitTestResult>
    <UnitTestResult executionId="88184999-d01d-404a-8452-ace221952fb4" testId="0fbef700-03bb-52e7-7fa3-3fe06f980c30" testName="Test_Live_NH_Language_Country" computerName="MICHAEL-PC" duration="00:00:00.7864899" startTime="2012-06-10T22:52:08.3920000+08:00" endTime="2012-06-10T22:52:09.1820000+08:00" testType="13cdc9d9-ddb5-4fa4-a97d-d965ccfc6d4b" outcome="Passed" testListId="8c84fa94-04c1-424b-9868-57a2d4851a1d" relativeResultsDirectory="88184999-d01d-404a-8452-ace221952fb4">
    </UnitTestResult>
    <UnitTestResult executionId="59084912-ff93-4375-bd7e-20f3d4855eb8" testId="1d6a957a-0b27-6297-ca14-3404fd6b8366" testName="Test_Live_Nh_Language_Country_Poco_to_Dto" computerName="MICHAEL-PC" duration="00:00:00.0503609" startTime="2012-06-10T22:52:09.1880000+08:00" endTime="2012-06-10T22:52:09.2440000+08:00" testType="13cdc9d9-ddb5-4fa4-a97d-d965ccfc6d4b" outcome="Passed" testListId="8c84fa94-04c1-424b-9868-57a2d4851a1d" relativeResultsDirectory="59084912-ff93-4375-bd7e-20f3d4855eb8">
    </UnitTestResult>
    <UnitTestResult executionId="5f3abb4a-8184-479f-a3d3-626fdee54508" testId="4794794d-9fdd-7db6-103b-b405f98bc982" testName="Test_Strongly_typed_mapper_for_Dto_To_Poco" computerName="MICHAEL-PC" duration="00:00:00.0035241" startTime="2012-06-10T22:52:09.2480000+08:00" endTime="2012-06-10T22:52:09.2550000+08:00" testType="13cdc9d9-ddb5-4fa4-a97d-d965ccfc6d4b" outcome="Passed" testListId="8c84fa94-04c1-424b-9868-57a2d4851a1d" relativeResultsDirectory="5f3abb4a-8184-479f-a3d3-626fdee54508">
    </UnitTestResult>
    <UnitTestResult executionId="67130305-57c1-4d52-b8ba-0b7a36fca157" testId="504ce877-e083-b887-b5e8-a14e1c067a2c" testName="Test_Live_NH_Poco_To_Dto" computerName="MICHAEL-PC" duration="00:00:00.0178740" startTime="2012-06-10T22:52:09.2580000+08:00" endTime="2012-06-10T22:52:09.2790000+08:00" testType="13cdc9d9-ddb5-4fa4-a97d-d965ccfc6d4b" outcome="Passed" testListId="8c84fa94-04c1-424b-9868-57a2d4851a1d" relativeResultsDirectory="67130305-57c1-4d52-b8ba-0b7a36fca157">
    </UnitTestResult>
    <UnitTestResult executionId="a8cd2895-e7b5-45e3-bb11-53f26984b40b" testId="54a8c533-17fa-1b67-b0e4-80569fa46822" testName="Test_Strongly_typed_Mapper_for_Poco_to_Dto" computerName="MICHAEL-PC" duration="00:00:00.0030115" startTime="2012-06-10T22:52:09.2840000+08:00" endTime="2012-06-10T22:52:09.2990000+08:00" testType="13cdc9d9-ddb5-4fa4-a97d-d965ccfc6d4b" outcome="Passed" testListId="8c84fa94-04c1-424b-9868-57a2d4851a1d" relativeResultsDirectory="a8cd2895-e7b5-45e3-bb11-53f26984b40b">
    </UnitTestResult>
    <UnitTestResult executionId="1790df76-e412-4e5a-af19-54bf00dab1ea" testId="5cba631f-b350-c9fc-48ed-945bf7159979" testName="Test_Dto_To_Live_Nh_Poco" computerName="MICHAEL-PC" duration="00:00:00.0330971" startTime="2012-06-10T22:52:09.3020000+08:00" endTime="2012-06-10T22:52:09.3490000+08:00" testType="13cdc9d9-ddb5-4fa4-a97d-d965ccfc6d4b" outcome="Passed" testListId="8c84fa94-04c1-424b-9868-57a2d4851a1d" relativeResultsDirectory="1790df76-e412-4e5a-af19-54bf00dab1ea">
    </UnitTestResult>
    <UnitTestResult executionId="4c83c64a-8107-4b42-bc7f-8ca0a1450572" testId="6032bfcb-ead9-6f8b-54e1-1894c4fa55ab" testName="Test_Live_Ef_Language_Country_Poco_to_Dto" computerName="MICHAEL-PC" duration="00:00:00.1474593" startTime="2012-06-10T22:52:09.3530000+08:00" endTime="2012-06-10T22:52:09.5040000+08:00" testType="13cdc9d9-ddb5-4fa4-a97d-d965ccfc6d4b" outcome="Passed" testListId="8c84fa94-04c1-424b-9868-57a2d4851a1d" relativeResultsDirectory="4c83c64a-8107-4b42-bc7f-8ca0a1450572">
    </UnitTestResult>
    <UnitTestResult executionId="1e95e072-7dc0-4dea-8209-52ea6b909712" testId="6a9476f7-86f9-8504-595a-f2251f9be6bf" testName="Test_Dto_To_Poco" computerName="MICHAEL-PC" duration="00:00:00.0031718" startTime="2012-06-10T22:52:09.5080000+08:00" endTime="2012-06-10T22:52:09.5140000+08:00" testType="13cdc9d9-ddb5-4fa4-a97d-d965ccfc6d4b" outcome="Passed" testListId="8c84fa94-04c1-424b-9868-57a2d4851a1d" relativeResultsDirectory="1e95e072-7dc0-4dea-8209-52ea6b909712">
    </UnitTestResult>
    <UnitTestResult executionId="7111d42e-973e-4644-884c-47e4ee904e9f" testId="71c37fa7-eb5a-3ce4-535c-1616d2d1517e" testName="Test_nested_Live_Ef_Dto_to_Poco" computerName="MICHAEL-PC" duration="00:00:00.0726386" startTime="2012-06-10T22:52:09.5180000+08:00" endTime="2012-06-10T22:52:09.5940000+08:00" testType="13cdc9d9-ddb5-4fa4-a97d-d965ccfc6d4b" outcome="Passed" testListId="8c84fa94-04c1-424b-9868-57a2d4851a1d" relativeResultsDirectory="7111d42e-973e-4644-884c-47e4ee904e9f">
    </UnitTestResult>
    <UnitTestResult executionId="88aa4ae0-d215-44fd-83a3-ca047b86491e" testId="868724cd-ee1a-d8c7-130f-18d9892c04d2" testName="Test_Live_Ef_Language_Country" computerName="MICHAEL-PC" duration="00:00:00.0135853" startTime="2012-06-10T22:52:09.5980000+08:00" endTime="2012-06-10T22:52:09.6160000+08:00" testType="13cdc9d9-ddb5-4fa4-a97d-d965ccfc6d4b" outcome="Passed" testListId="8c84fa94-04c1-424b-9868-57a2d4851a1d" relativeResultsDirectory="88aa4ae0-d215-44fd-83a3-ca047b86491e">
    </UnitTestResult>
    <UnitTestResult executionId="f0dc7847-9b91-47e4-a35b-e4e926390f58" testId="a7d2cb75-a038-21d3-5a24-3d064aab4870" testName="Test_nested" computerName="MICHAEL-PC" duration="00:00:00.0005461" startTime="2012-06-10T22:52:09.6190000+08:00" endTime="2012-06-10T22:52:09.6220000+08:00" testType="13cdc9d9-ddb5-4fa4-a97d-d965ccfc6d4b" outcome="Passed" testListId="8c84fa94-04c1-424b-9868-57a2d4851a1d" relativeResultsDirectory="f0dc7847-9b91-47e4-a35b-e4e926390f58">
    </UnitTestResult>
    <UnitTestResult executionId="9cd43e8c-e291-4665-a159-d535146c65fc" testId="c28ecea9-2bbb-9a85-15e6-7e296cbbdb71" testName="Test_Corner_Cases_on_Live_Ef_to_Poco" computerName="MICHAEL-PC" duration="00:00:00.0915460" startTime="2012-06-10T22:52:09.6260000+08:00" endTime="2012-06-10T22:52:09.7210000+08:00" testType="13cdc9d9-ddb5-4fa4-a97d-d965ccfc6d4b" outcome="Passed" testListId="8c84fa94-04c1-424b-9868-57a2d4851a1d" relativeResultsDirectory="9cd43e8c-e291-4665-a159-d535146c65fc">
    </UnitTestResult>
    <UnitTestResult executionId="e25f5068-3da8-4a94-aff1-31daf5b0e4d1" testId="e39ac0b9-7f42-f290-17ef-e8b3037f8a38" testName="Test_Poco_To_Dto" computerName="MICHAEL-PC" duration="00:00:00.0027908" startTime="2012-06-10T22:52:09.7250000+08:00" endTime="2012-06-10T22:52:09.7310000+08:00" testType="13cdc9d9-ddb5-4fa4-a97d-d965ccfc6d4b" outcome="Passed" testListId="8c84fa94-04c1-424b-9868-57a2d4851a1d" relativeResultsDirectory="e25f5068-3da8-4a94-aff1-31daf5b0e4d1">
    </UnitTestResult>
    <UnitTestResult executionId="bb70a1db-fa96-4faf-af35-74c649a849ef" testId="e79dc9e1-ed55-95b0-8016-10df46076ea1" testName="Test_Live_EF_Poco_To_Dto" computerName="MICHAEL-PC" duration="00:00:00.1074950" startTime="2012-06-10T22:52:09.7340000+08:00" endTime="2012-06-10T22:52:09.8450000+08:00" testType="13cdc9d9-ddb5-4fa4-a97d-d965ccfc6d4b" outcome="Passed" testListId="8c84fa94-04c1-424b-9868-57a2d4851a1d" relativeResultsDirectory="bb70a1db-fa96-4faf-af35-74c649a849ef">
    </UnitTestResult>
  </Results>
</TestRun>