<?xml version="1.0" encoding="UTF-8"?>
<TestRun id="fd3a26de-673f-4641-8e2b-05d4b8585a79" name="Michael@MICHAEL-PC 2012-06-10 22:58:38" runUser="Michael-PC\Michael" xmlns="http://microsoft.com/schemas/VisualStudio/TeamTest/2010">
  <TestSettings name="Local" id="397f7128-1790-459c-a965-4142d4897709">
    <Description>These are default test settings for a local test run.</Description>
    <Deployment enabled="false" runDeploymentRoot="Michael_MICHAEL-PC 2012-06-10 22_58_38">
      <DeploymentItem filename="C:\Users\Michael\_CODE\DitTO\packages\EntityFramework.4.3.1\lib\net40\EntityFramework.dll" />
      <DeploymentItem filename="C:\Users\Michael\_CODE\Ienablemuch.ToTheEfnhX\Ienablemuch.ToTheEfnhX.EntityFramework\bin\Release\Ienablemuch.ToTheEfnhX.EntityFramework.dll" />
      <DeploymentItem filename="C:\Users\Michael\_CODE\DitTO\packages\Iesi.Collections.3.2.0.4000\lib\Net35\Iesi.Collections.dll" />
      <DeploymentItem filename="C:\Users\Michael\_CODE\DitTO\DitTO\bin\Debug\Ienablemuch.DitTO.dll" />
      <DeploymentItem filename="C:\Users\Michael\_CODE\DitTO\packages\FluentNHibernate.1.3.0.727\lib\FluentNHibernate.dll" />
      <DeploymentItem filename="C:\Users\Michael\_CODE\Ienablemuch.ToTheEfnhX\Ienablemuch.ToTheEfnhX.NHibernate\bin\Release\Ienablemuch.ToTheEfnhX.NHibernate.dll" />
      <DeploymentItem filename="C:\Users\Michael\_CODE\Ienablemuch.ToTheEfnhX\Ienablemuch.ToTheEfnhX.EntityFramework\bin\Release\SystemLinqDynamic.dll" />
      <DeploymentItem filename="C:\Users\Michael\_CODE\DitTO\TheEntities\bin\Debug\TheEntities.dll" />
      <DeploymentItem filename="C:\Users\Michael\_CODE\Ienablemuch.ToTheEfnhX\Ienablemuch.ToTheEfnhX.EntityFramework\bin\Release\Ienablemuch.ToTheEfnhX.dll" />
      <DeploymentItem filename="C:\Users\Michael\_CODE\DitTO\packages\NHibernate.3.3.0.4000\lib\Net35\NHibernate.dll" />
      <DeploymentItem filename="C:\Users\Michael\_CODE\DitTO\Ienablemuch.DitTO.EntityFrameworkStubMaker\bin\Debug\Ienablemuch.DitTO.EntityFrameworkStubAssigner.dll" />
    </Deployment>
    <Execution>
      <TestTypeSpecific />
      <AgentRule name="Execution Agents">
      </AgentRule>
    </Execution>
  </TestSettings>
  <Times creation="2012-06-10T22:58:38.7720000+08:00" queuing="2012-06-10T22:58:38.8180000+08:00" start="2012-06-10T22:58:38.8300000+08:00" finish="2012-06-10T22:58:44.7750000+08:00" />
  <ResultSummary outcome="Failed">
    <Counters total="18" executed="18" passed="17" error="0" failed="1" timeout="0" aborted="0" inconclusive="0" passedButRunAborted="0" notRunnable="0" notExecuted="0" disconnected="0" warning="0" completed="0" inProgress="0" pending="0" />
  </ResultSummary>
  <TestDefinitions>
    <UnitTest name="Test_Dto_To_Poco" storage="c:\users\michael\_code\ditto\testditto\bin\debug\testditto.dll" id="6a9476f7-86f9-8504-595a-f2251f9be6bf">
      <Execution id="edbde620-0f83-4384-ad4a-07fd8dd0b41c" />
      <TestMethod codeBase="C:/Users/Michael/_CODE/DitTO/TestDitTO/bin/Debug/TestDitTO.DLL" adapterTypeName="Microsoft.VisualStudio.TestTools.TestTypes.Unit.UnitTestAdapter, Microsoft.VisualStudio.QualityTools.Tips.UnitTest.Adapter, Version=10.0.0.0, Culture=neutral, PublicKeyToken=b03f5f7f11d50a3a" className="TestDitTO.Tests, TestDitTO, Version=1.0.0.0, Culture=neutral, PublicKeyToken=null" name="Test_Dto_To_Poco" />
    </UnitTest>
    <UnitTest name="Test_Strongly_typed_mapper_for_Dto_To_Poco" storage="c:\users\michael\_code\ditto\testditto\bin\debug\testditto.dll" id="4794794d-9fdd-7db6-103b-b405f98bc982">
      <Execution id="7ebd603a-e782-4965-b6d2-01539af0f1a0" />
      <TestMethod codeBase="C:/Users/Michael/_CODE/DitTO/TestDitTO/bin/Debug/TestDitTO.DLL" adapterTypeName="Microsoft.VisualStudio.TestTools.TestTypes.Unit.UnitTestAdapter, Microsoft.VisualStudio.QualityTools.Tips.UnitTest.Adapter, Version=10.0.0.0, Culture=neutral, PublicKeyToken=b03f5f7f11d50a3a" className="TestDitTO.Tests, TestDitTO, Version=1.0.0.0, Culture=neutral, PublicKeyToken=null" name="Test_Strongly_typed_mapper_for_Dto_To_Poco" />
    </UnitTest>
    <UnitTest name="Test_Live_Ef_Language_Country" storage="c:\users\michael\_code\ditto\testditto\bin\debug\testditto.dll" id="868724cd-ee1a-d8c7-130f-18d9892c04d2">
      <Execution id="a7ce7ebf-4f12-4852-bf8e-05616ed1828b" />
      <TestMethod codeBase="C:/Users/Michael/_CODE/DitTO/TestDitTO/bin/Debug/TestDitTO.DLL" adapterTypeName="Microsoft.VisualStudio.TestTools.TestTypes.Unit.UnitTestAdapter, Microsoft.VisualStudio.QualityTools.Tips.UnitTest.Adapter, Version=10.0.0.0, Culture=neutral, PublicKeyToken=b03f5f7f11d50a3a" className="TestDitTO.Tests, TestDitTO, Version=1.0.0.0, Culture=neutral, PublicKeyToken=null" name="Test_Live_Ef_Language_Country" />
    </UnitTest>
    <UnitTest name="Test_Mapping_Corner_Cases" storage="c:\users\michael\_code\ditto\testditto\bin\debug\testditto.dll" id="03a43309-9383-a197-5846-15498a856f10">
      <Execution id="a2411756-2e93-499a-bf96-6b17dd932e3c" />
      <TestMethod codeBase="C:/Users/Michael/_CODE/DitTO/TestDitTO/bin/Debug/TestDitTO.DLL" adapterTypeName="Microsoft.VisualStudio.TestTools.TestTypes.Unit.UnitTestAdapter, Microsoft.VisualStudio.QualityTools.Tips.UnitTest.Adapter, Version=10.0.0.0, Culture=neutral, PublicKeyToken=b03f5f7f11d50a3a" className="TestDitTO.Tests, TestDitTO, Version=1.0.0.0, Culture=neutral, PublicKeyToken=null" name="Test_Mapping_Corner_Cases" />
    </UnitTest>
    <UnitTest name="Test_Live_Ef_Language_Country_Poco_to_Dto_NullableCountry" storage="c:\users\michael\_code\ditto\testditto\bin\debug\testditto.dll" id="0ba62294-c0c5-2415-33e0-915234705ac7">
      <Execution id="980e817f-c2f0-4035-b77f-afa8c073a125" />
      <TestMethod codeBase="C:/Users/Michael/_CODE/DitTO/TestDitTO/bin/Debug/TestDitTO.DLL" adapterTypeName="Microsoft.VisualStudio.TestTools.TestTypes.Unit.UnitTestAdapter, Microsoft.VisualStudio.QualityTools.Tips.UnitTest.Adapter, Version=10.0.0.0, Culture=neutral, PublicKeyToken=b03f5f7f11d50a3a" className="TestDitTO.Tests, TestDitTO, Version=1.0.0.0, Culture=neutral, PublicKeyToken=null" name="Test_Live_Ef_Language_Country_Poco_to_Dto_NullableCountry" />
    </UnitTest>
    <UnitTest name="Test_Live_EF_Poco_To_Dto" storage="c:\users\michael\_code\ditto\testditto\bin\debug\testditto.dll" id="e79dc9e1-ed55-95b0-8016-10df46076ea1">
      <Execution id="6d683c52-97a5-4dc3-964f-d34603070187" />
      <TestMethod codeBase="C:/Users/Michael/_CODE/DitTO/TestDitTO/bin/Debug/TestDitTO.DLL" adapterTypeName="Microsoft.VisualStudio.TestTools.TestTypes.Unit.UnitTestAdapter, Microsoft.VisualStudio.QualityTools.Tips.UnitTest.Adapter, Version=10.0.0.0, Culture=neutral, PublicKeyToken=b03f5f7f11d50a3a" className="TestDitTO.Tests, TestDitTO, Version=1.0.0.0, Culture=neutral, PublicKeyToken=null" name="Test_Live_EF_Poco_To_Dto" />
    </UnitTest>
    <UnitTest name="Test_nested_Live_Ef_Dto_to_Poco" storage="c:\users\michael\_code\ditto\testditto\bin\debug\testditto.dll" id="71c37fa7-eb5a-3ce4-535c-1616d2d1517e">
      <Execution id="88eee936-6928-422f-b0ad-d1fa2c14f552" />
      <TestMethod codeBase="C:/Users/Michael/_CODE/DitTO/TestDitTO/bin/Debug/TestDitTO.DLL" adapterTypeName="Microsoft.VisualStudio.TestTools.TestTypes.Unit.UnitTestAdapter, Microsoft.VisualStudio.QualityTools.Tips.UnitTest.Adapter, Version=10.0.0.0, Culture=neutral, PublicKeyToken=b03f5f7f11d50a3a" className="TestDitTO.Tests, TestDitTO, Version=1.0.0.0, Culture=neutral, PublicKeyToken=null" name="Test_nested_Live_Ef_Dto_to_Poco" />
    </UnitTest>
    <UnitTest name="Test_Live_Nh_Language_Country_Poco_to_Dto" storage="c:\users\michael\_code\ditto\testditto\bin\debug\testditto.dll" id="1d6a957a-0b27-6297-ca14-3404fd6b8366">
      <Execution id="b368b0c0-1aaf-4bc6-853c-23b03d8c488a" />
      <TestMethod codeBase="C:/Users/Michael/_CODE/DitTO/TestDitTO/bin/Debug/TestDitTO.DLL" adapterTypeName="Microsoft.VisualStudio.TestTools.TestTypes.Unit.UnitTestAdapter, Microsoft.VisualStudio.QualityTools.Tips.UnitTest.Adapter, Version=10.0.0.0, Culture=neutral, PublicKeyToken=b03f5f7f11d50a3a" className="TestDitTO.Tests, TestDitTO, Version=1.0.0.0, Culture=neutral, PublicKeyToken=null" name="Test_Live_Nh_Language_Country_Poco_to_Dto" />
    </UnitTest>
    <UnitTest name="Test_Dto_To_Live_Nh_Poco" storage="c:\users\michael\_code\ditto\testditto\bin\debug\testditto.dll" id="5cba631f-b350-c9fc-48ed-945bf7159979">
      <Execution id="41fb7f5c-0961-428e-87db-ad226078448b" />
      <TestMethod codeBase="C:/Users/Michael/_CODE/DitTO/TestDitTO/bin/Debug/TestDitTO.DLL" adapterTypeName="Microsoft.VisualStudio.TestTools.TestTypes.Unit.UnitTestAdapter, Microsoft.VisualStudio.QualityTools.Tips.UnitTest.Adapter, Version=10.0.0.0, Culture=neutral, PublicKeyToken=b03f5f7f11d50a3a" className="TestDitTO.Tests, TestDitTO, Version=1.0.0.0, Culture=neutral, PublicKeyToken=null" name="Test_Dto_To_Live_Nh_Poco" />
    </UnitTest>
    <UnitTest name="Test_Live_Ef_Language_Country_Poco_to_Dto" storage="c:\users\michael\_code\ditto\testditto\bin\debug\testditto.dll" id="6032bfcb-ead9-6f8b-54e1-1894c4fa55ab">
      <Execution id="a3ddde7b-ec8b-4096-a100-ba8f4bf2cacb" />
      <TestMethod codeBase="C:/Users/Michael/_CODE/DitTO/TestDitTO/bin/Debug/TestDitTO.DLL" adapterTypeName="Microsoft.VisualStudio.TestTools.TestTypes.Unit.UnitTestAdapter, Microsoft.VisualStudio.QualityTools.Tips.UnitTest.Adapter, Version=10.0.0.0, Culture=neutral, PublicKeyToken=b03f5f7f11d50a3a" className="TestDitTO.Tests, TestDitTO, Version=1.0.0.0, Culture=neutral, PublicKeyToken=null" name="Test_Live_Ef_Language_Country_Poco_to_Dto" />
    </UnitTest>
    <UnitTest name="Test_Corner_Cases_on_Live_Ef_to_Poco" storage="c:\users\michael\_code\ditto\testditto\bin\debug\testditto.dll" id="c28ecea9-2bbb-9a85-15e6-7e296cbbdb71">
      <Execution id="eff6659a-d1eb-4ae7-b142-8841ead5427d" />
      <TestMethod codeBase="C:/Users/Michael/_CODE/DitTO/TestDitTO/bin/Debug/TestDitTO.DLL" adapterTypeName="Microsoft.VisualStudio.TestTools.TestTypes.Unit.UnitTestAdapter, Microsoft.VisualStudio.QualityTools.Tips.UnitTest.Adapter, Version=10.0.0.0, Culture=neutral, PublicKeyToken=b03f5f7f11d50a3a" className="TestDitTO.Tests, TestDitTO, Version=1.0.0.0, Culture=neutral, PublicKeyToken=null" name="Test_Corner_Cases_on_Live_Ef_to_Poco" />
    </UnitTest>
    <UnitTest name="Test_Live_NH_Language_Country" storage="c:\users\michael\_code\ditto\testditto\bin\debug\testditto.dll" id="0fbef700-03bb-52e7-7fa3-3fe06f980c30">
      <Execution id="908f5d1b-76f8-47c5-a332-4142d1517097" />
      <TestMethod codeBase="C:/Users/Michael/_CODE/DitTO/TestDitTO/bin/Debug/TestDitTO.DLL" adapterTypeName="Microsoft.VisualStudio.TestTools.TestTypes.Unit.UnitTestAdapter, Microsoft.VisualStudio.QualityTools.Tips.UnitTest.Adapter, Version=10.0.0.0, Culture=neutral, PublicKeyToken=b03f5f7f11d50a3a" className="TestDitTO.Tests, TestDitTO, Version=1.0.0.0, Culture=neutral, PublicKeyToken=null" name="Test_Live_NH_Language_Country" />
    </UnitTest>
    <UnitTest name="Test_Live_NH_Poco_To_Dto" storage="c:\users\michael\_code\ditto\testditto\bin\debug\testditto.dll" id="504ce877-e083-b887-b5e8-a14e1c067a2c">
      <Execution id="becfac93-e0cc-4e4f-9176-9b6ab2a2cebe" />
      <TestMethod codeBase="C:/Users/Michael/_CODE/DitTO/TestDitTO/bin/Debug/TestDitTO.DLL" adapterTypeName="Microsoft.VisualStudio.TestTools.TestTypes.Unit.UnitTestAdapter, Microsoft.VisualStudio.QualityTools.Tips.UnitTest.Adapter, Version=10.0.0.0, Culture=neutral, PublicKeyToken=b03f5f7f11d50a3a" className="TestDitTO.Tests, TestDitTO, Version=1.0.0.0, Culture=neutral, PublicKeyToken=null" name="Test_Live_NH_Poco_To_Dto" />
    </UnitTest>
    <UnitTest name="Test_Dto_To_Live_Ef_Poco" storage="c:\users\michael\_code\ditto\testditto\bin\debug\testditto.dll" id="03a77bf7-0d03-4582-234d-239776031b7e">
      <Execution id="635cd233-bdb3-4a8a-8608-7f222dac2174" />
      <TestMethod codeBase="C:/Users/Michael/_CODE/DitTO/TestDitTO/bin/Debug/TestDitTO.DLL" adapterTypeName="Microsoft.VisualStudio.TestTools.TestTypes.Unit.UnitTestAdapter, Microsoft.VisualStudio.QualityTools.Tips.UnitTest.Adapter, Version=10.0.0.0, Culture=neutral, PublicKeyToken=b03f5f7f11d50a3a" className="TestDitTO.Tests, TestDitTO, Version=1.0.0.0, Culture=neutral, PublicKeyToken=null" name="Test_Dto_To_Live_Ef_Poco" />
    </UnitTest>
    <UnitTest name="Test_Poco_To_Dto" storage="c:\users\michael\_code\ditto\testditto\bin\debug\testditto.dll" id="e39ac0b9-7f42-f290-17ef-e8b3037f8a38">
      <Execution id="00dfc68a-bc30-49d3-b061-2a46faced273" />
      <TestMethod codeBase="C:/Users/Michael/_CODE/DitTO/TestDitTO/bin/Debug/TestDitTO.DLL" adapterTypeName="Microsoft.VisualStudio.TestTools.TestTypes.Unit.UnitTestAdapter, Microsoft.VisualStudio.QualityTools.Tips.UnitTest.Adapter, Version=10.0.0.0, Culture=neutral, PublicKeyToken=b03f5f7f11d50a3a" className="TestDitTO.Tests, TestDitTO, Version=1.0.0.0, Culture=neutral, PublicKeyToken=null" name="Test_Poco_To_Dto" />
    </UnitTest>
    <UnitTest name="Test_nested" storage="c:\users\michael\_code\ditto\testditto\bin\debug\testditto.dll" id="a7d2cb75-a038-21d3-5a24-3d064aab4870">
      <Execution id="b1440679-d6fe-4d60-a541-26b1900a2f48" />
      <TestMethod codeBase="C:/Users/Michael/_CODE/DitTO/TestDitTO/bin/Debug/TestDitTO.DLL" adapterTypeName="Microsoft.VisualStudio.TestTools.TestTypes.Unit.UnitTestAdapter, Microsoft.VisualStudio.QualityTools.Tips.UnitTest.Adapter, Version=10.0.0.0, Culture=neutral, PublicKeyToken=b03f5f7f11d50a3a" className="TestDitTO.Tests, TestDitTO, Version=1.0.0.0, Culture=neutral, PublicKeyToken=null" name="Test_nested" />
    </UnitTest>
    <UnitTest name="Test_Strongly_typed_Mapper_for_Poco_to_Dto" storage="c:\users\michael\_code\ditto\testditto\bin\debug\testditto.dll" id="54a8c533-17fa-1b67-b0e4-80569fa46822">
      <Execution id="fb1afeff-8942-4ee3-806e-786db69ea623" />
      <TestMethod codeBase="C:/Users/Michael/_CODE/DitTO/TestDitTO/bin/Debug/TestDitTO.DLL" adapterTypeName="Microsoft.VisualStudio.TestTools.TestTypes.Unit.UnitTestAdapter, Microsoft.VisualStudio.QualityTools.Tips.UnitTest.Adapter, Version=10.0.0.0, Culture=neutral, PublicKeyToken=b03f5f7f11d50a3a" className="TestDitTO.Tests, TestDitTO, Version=1.0.0.0, Culture=neutral, PublicKeyToken=null" name="Test_Strongly_typed_Mapper_for_Poco_to_Dto" />
    </UnitTest>
    <UnitTest name="Test_nested_Live_Nh_Dto_to_Poco" storage="c:\users\michael\_code\ditto\testditto\bin\debug\testditto.dll" id="0d685c04-58ea-a98b-23f0-951633879e8a">
      <Execution id="3879863e-d225-4cca-8d97-10a8d6e46bc0" />
      <TestMethod codeBase="C:/Users/Michael/_CODE/DitTO/TestDitTO/bin/Debug/TestDitTO.DLL" adapterTypeName="Microsoft.VisualStudio.TestTools.TestTypes.Unit.UnitTestAdapter, Microsoft.VisualStudio.QualityTools.Tips.UnitTest.Adapter, Version=10.0.0.0, Culture=neutral, PublicKeyToken=b03f5f7f11d50a3a" className="TestDitTO.Tests, TestDitTO, Version=1.0.0.0, Culture=neutral, PublicKeyToken=null" name="Test_nested_Live_Nh_Dto_to_Poco" />
    </UnitTest>
  </TestDefinitions>
  <TestLists>
    <TestList name="Results Not in a List" id="8c84fa94-04c1-424b-9868-57a2d4851a1d" />
    <TestList name="All Loaded Results" id="19431567-8539-422a-85d7-44ee4e166bda" />
  </TestLists>
  <TestEntries>
    <TestEntry testId="03a43309-9383-a197-5846-15498a856f10" executionId="a2411756-2e93-499a-bf96-6b17dd932e3c" testListId="8c84fa94-04c1-424b-9868-57a2d4851a1d" />
    <TestEntry testId="03a77bf7-0d03-4582-234d-239776031b7e" executionId="635cd233-bdb3-4a8a-8608-7f222dac2174" testListId="8c84fa94-04c1-424b-9868-57a2d4851a1d" />
    <TestEntry testId="0ba62294-c0c5-2415-33e0-915234705ac7" executionId="980e817f-c2f0-4035-b77f-afa8c073a125" testListId="8c84fa94-04c1-424b-9868-57a2d4851a1d" />
    <TestEntry testId="0d685c04-58ea-a98b-23f0-951633879e8a" executionId="3879863e-d225-4cca-8d97-10a8d6e46bc0" testListId="8c84fa94-04c1-424b-9868-57a2d4851a1d" />
    <TestEntry testId="0fbef700-03bb-52e7-7fa3-3fe06f980c30" executionId="908f5d1b-76f8-47c5-a332-4142d1517097" testListId="8c84fa94-04c1-424b-9868-57a2d4851a1d" />
    <TestEntry testId="1d6a957a-0b27-6297-ca14-3404fd6b8366" executionId="b368b0c0-1aaf-4bc6-853c-23b03d8c488a" testListId="8c84fa94-04c1-424b-9868-57a2d4851a1d" />
    <TestEntry testId="4794794d-9fdd-7db6-103b-b405f98bc982" executionId="7ebd603a-e782-4965-b6d2-01539af0f1a0" testListId="8c84fa94-04c1-424b-9868-57a2d4851a1d" />
    <TestEntry testId="504ce877-e083-b887-b5e8-a14e1c067a2c" executionId="becfac93-e0cc-4e4f-9176-9b6ab2a2cebe" testListId="8c84fa94-04c1-424b-9868-57a2d4851a1d" />
    <TestEntry testId="54a8c533-17fa-1b67-b0e4-80569fa46822" executionId="fb1afeff-8942-4ee3-806e-786db69ea623" testListId="8c84fa94-04c1-424b-9868-57a2d4851a1d" />
    <TestEntry testId="5cba631f-b350-c9fc-48ed-945bf7159979" executionId="41fb7f5c-0961-428e-87db-ad226078448b" testListId="8c84fa94-04c1-424b-9868-57a2d4851a1d" />
    <TestEntry testId="6032bfcb-ead9-6f8b-54e1-1894c4fa55ab" executionId="a3ddde7b-ec8b-4096-a100-ba8f4bf2cacb" testListId="8c84fa94-04c1-424b-9868-57a2d4851a1d" />
    <TestEntry testId="6a9476f7-86f9-8504-595a-f2251f9be6bf" executionId="edbde620-0f83-4384-ad4a-07fd8dd0b41c" testListId="8c84fa94-04c1-424b-9868-57a2d4851a1d" />
    <TestEntry testId="71c37fa7-eb5a-3ce4-535c-1616d2d1517e" executionId="88eee936-6928-422f-b0ad-d1fa2c14f552" testListId="8c84fa94-04c1-424b-9868-57a2d4851a1d" />
    <TestEntry testId="868724cd-ee1a-d8c7-130f-18d9892c04d2" executionId="a7ce7ebf-4f12-4852-bf8e-05616ed1828b" testListId="8c84fa94-04c1-424b-9868-57a2d4851a1d" />
    <TestEntry testId="a7d2cb75-a038-21d3-5a24-3d064aab4870" executionId="b1440679-d6fe-4d60-a541-26b1900a2f48" testListId="8c84fa94-04c1-424b-9868-57a2d4851a1d" />
    <TestEntry testId="c28ecea9-2bbb-9a85-15e6-7e296cbbdb71" executionId="eff6659a-d1eb-4ae7-b142-8841ead5427d" testListId="8c84fa94-04c1-424b-9868-57a2d4851a1d" />
    <TestEntry testId="e39ac0b9-7f42-f290-17ef-e8b3037f8a38" executionId="00dfc68a-bc30-49d3-b061-2a46faced273" testListId="8c84fa94-04c1-424b-9868-57a2d4851a1d" />
    <TestEntry testId="e79dc9e1-ed55-95b0-8016-10df46076ea1" executionId="6d683c52-97a5-4dc3-964f-d34603070187" testListId="8c84fa94-04c1-424b-9868-57a2d4851a1d" />
  </TestEntries>
  <Results>
    <UnitTestResult executionId="a2411756-2e93-499a-bf96-6b17dd932e3c" testId="03a43309-9383-a197-5846-15498a856f10" testName="Test_Mapping_Corner_Cases" computerName="MICHAEL-PC" duration="00:00:00.0443841" startTime="2012-06-10T22:58:38.8960000+08:00" endTime="2012-06-10T22:58:39.1860000+08:00" testType="13cdc9d9-ddb5-4fa4-a97d-d965ccfc6d4b" outcome="Passed" testListId="8c84fa94-04c1-424b-9868-57a2d4851a1d" relativeResultsDirectory="a2411756-2e93-499a-bf96-6b17dd932e3c">
    </UnitTestResult>
    <UnitTestResult executionId="635cd233-bdb3-4a8a-8608-7f222dac2174" testId="03a77bf7-0d03-4582-234d-239776031b7e" testName="Test_Dto_To_Live_Ef_Poco" computerName="MICHAEL-PC" duration="00:00:01.1829922" startTime="2012-06-10T22:58:39.1920000+08:00" endTime="2012-06-10T22:58:40.3850000+08:00" testType="13cdc9d9-ddb5-4fa4-a97d-d965ccfc6d4b" outcome="Failed" testListId="8c84fa94-04c1-424b-9868-57a2d4851a1d" relativeResultsDirectory="635cd233-bdb3-4a8a-8608-7f222dac2174">
      <Output>
        <ErrorInfo>
          <Message>Test method TestDitTO.Tests.Test_Dto_To_Live_Ef_Poco threw exception: 
System.Data.Entity.Infrastructure.DbUpdateException: An error occurred while updating the entries. See the inner exception for details. ---&gt; System.Data.UpdateException: An error occurred while updating the entries. See the inner exception for details. ---&gt; System.Data.SqlClient.SqlException: Cannot insert the value NULL into column 'CustomerName', table 'ObjectGraphDitTO.dbo.Customer'; column does not allow nulls. INSERT fails.
The statement has been terminated.</Message>
          <StackTrace>    at System.Data.SqlClient.SqlConnection.OnError(SqlException exception, Boolean breakConnection)
   at System.Data.SqlClient.SqlInternalConnection.OnError(SqlException exception, Boolean breakConnection)
   at System.Data.SqlClient.TdsParser.ThrowExceptionAndWarning()
   at System.Data.SqlClient.TdsParser.Run(RunBehavior runBehavior, SqlCommand cmdHandler, SqlDataReader dataStream, BulkCopySimpleResultSet bulkCopyHandler, TdsParserStateObject stateObj)
   at System.Data.SqlClient.SqlDataReader.ConsumeMetaData()
   at System.Data.SqlClient.SqlDataReader.get_MetaData()
   at System.Data.SqlClient.SqlCommand.FinishExecuteReader(SqlDataReader ds, RunBehavior runBehavior, String resetOptionsString)
   at System.Data.SqlClient.SqlCommand.RunExecuteReaderTds(CommandBehavior cmdBehavior, RunBehavior runBehavior, Boolean returnStream, Boolean async)
   at System.Data.SqlClient.SqlCommand.RunExecuteReader(CommandBehavior cmdBehavior, RunBehavior runBehavior, Boolean returnStream, String method, DbAsyncResult result)
   at System.Data.SqlClient.SqlCommand.RunExecuteReader(CommandBehavior cmdBehavior, RunBehavior runBehavior, Boolean returnStream, String method)
   at System.Data.SqlClient.SqlCommand.ExecuteReader(CommandBehavior behavior, String method)
   at System.Data.SqlClient.SqlCommand.ExecuteDbDataReader(CommandBehavior behavior)
   at System.Data.Common.DbCommand.ExecuteReader(CommandBehavior behavior)
   at System.Data.Mapping.Update.Internal.DynamicUpdateCommand.Execute(UpdateTranslator translator, EntityConnection connection, Dictionary`2 identifierValues, List`1 generatedValues)
   at System.Data.Mapping.Update.Internal.UpdateTranslator.Update(IEntityStateManager stateManager, IEntityAdapter adapter)
 --- End of inner exception stack trace ---
    at System.Data.Mapping.Update.Internal.UpdateTranslator.Update(IEntityStateManager stateManager, IEntityAdapter adapter)
   at System.Data.EntityClient.EntityAdapter.Update(IEntityStateManager entityCache)
   at System.Data.Objects.ObjectContext.SaveChanges(SaveOptions options)
   at System.Data.Entity.Internal.InternalContext.SaveChanges()
 --- End of inner exception stack trace ---
    at System.Data.Entity.Internal.InternalContext.SaveChanges()
   at System.Data.Entity.Internal.LazyInternalContext.SaveChanges()
   at System.Data.Entity.DbContext.SaveChanges()
   at Ienablemuch.ToTheEfnhX.EntityFramework.Repository`1.Save(TEnt ent) in C:\Users\Michael\_CODE\Ienablemuch.ToTheEfnhX\Ienablemuch.ToTheEfnhX.EntityFramework\EfRepository.cs:line 158
   at TestDitTO.Tests.Test_Dto_To_Live_Ef_Poco() in C:\Users\Michael\_CODE\DitTO\TestDitTO\Tests.cs:line 330
</StackTrace>
        </ErrorInfo>
      </Output>
    </UnitTestResult>
    <UnitTestResult executionId="980e817f-c2f0-4035-b77f-afa8c073a125" testId="0ba62294-c0c5-2415-33e0-915234705ac7" testName="Test_Live_Ef_Language_Country_Poco_to_Dto_NullableCountry" computerName="MICHAEL-PC" duration="00:00:00.1166459" startTime="2012-06-10T22:58:40.4000000+08:00" endTime="2012-06-10T22:58:40.5240000+08:00" testType="13cdc9d9-ddb5-4fa4-a97d-d965ccfc6d4b" outcome="Passed" testListId="8c84fa94-04c1-424b-9868-57a2d4851a1d" relativeResultsDirectory="980e817f-c2f0-4035-b77f-afa8c073a125">
    </UnitTestResult>
    <UnitTestResult executionId="3879863e-d225-4cca-8d97-10a8d6e46bc0" testId="0d685c04-58ea-a98b-23f0-951633879e8a" testName="Test_nested_Live_Nh_Dto_to_Poco" computerName="MICHAEL-PC" duration="00:00:02.0912032" startTime="2012-06-10T22:58:40.5280000+08:00" endTime="2012-06-10T22:58:42.6630000+08:00" testType="13cdc9d9-ddb5-4fa4-a97d-d965ccfc6d4b" outcome="Passed" testListId="8c84fa94-04c1-424b-9868-57a2d4851a1d" relativeResultsDirectory="3879863e-d225-4cca-8d97-10a8d6e46bc0">
    </UnitTestResult>
    <UnitTestResult executionId="908f5d1b-76f8-47c5-a332-4142d1517097" testId="0fbef700-03bb-52e7-7fa3-3fe06f980c30" testName="Test_Live_NH_Language_Country" computerName="MICHAEL-PC" duration="00:00:00.7852004" startTime="2012-06-10T22:58:42.6680000+08:00" endTime="2012-06-10T22:58:43.4600000+08:00" testType="13cdc9d9-ddb5-4fa4-a97d-d965ccfc6d4b" outcome="Passed" testListId="8c84fa94-04c1-424b-9868-57a2d4851a1d" relativeResultsDirectory="908f5d1b-76f8-47c5-a332-4142d1517097">
    </UnitTestResult>
    <UnitTestResult executionId="b368b0c0-1aaf-4bc6-853c-23b03d8c488a" testId="1d6a957a-0b27-6297-ca14-3404fd6b8366" testName="Test_Live_Nh_Language_Country_Poco_to_Dto" computerName="MICHAEL-PC" duration="00:00:00.0640085" startTime="2012-06-10T22:58:43.4760000+08:00" endTime="2012-06-10T22:58:43.5530000+08:00" testType="13cdc9d9-ddb5-4fa4-a97d-d965ccfc6d4b" outcome="Passed" testListId="8c84fa94-04c1-424b-9868-57a2d4851a1d" relativeResultsDirectory="b368b0c0-1aaf-4bc6-853c-23b03d8c488a">
    </UnitTestResult>
    <UnitTestResult executionId="7ebd603a-e782-4965-b6d2-01539af0f1a0" testId="4794794d-9fdd-7db6-103b-b405f98bc982" testName="Test_Strongly_typed_mapper_for_Dto_To_Poco" computerName="MICHAEL-PC" duration="00:00:00.0035236" startTime="2012-06-10T22:58:43.5560000+08:00" endTime="2012-06-10T22:58:43.5630000+08:00" testType="13cdc9d9-ddb5-4fa4-a97d-d965ccfc6d4b" outcome="Passed" testListId="8c84fa94-04c1-424b-9868-57a2d4851a1d" relativeResultsDirectory="7ebd603a-e782-4965-b6d2-01539af0f1a0">
    </UnitTestResult>
    <UnitTestResult executionId="becfac93-e0cc-4e4f-9176-9b6ab2a2cebe" testId="504ce877-e083-b887-b5e8-a14e1c067a2c" testName="Test_Live_NH_Poco_To_Dto" computerName="MICHAEL-PC" duration="00:00:00.0167730" startTime="2012-06-10T22:58:43.5660000+08:00" endTime="2012-06-10T22:58:43.5870000+08:00" testType="13cdc9d9-ddb5-4fa4-a97d-d965ccfc6d4b" outcome="Passed" testListId="8c84fa94-04c1-424b-9868-57a2d4851a1d" relativeResultsDirectory="becfac93-e0cc-4e4f-9176-9b6ab2a2cebe">
    </UnitTestResult>
    <UnitTestResult executionId="fb1afeff-8942-4ee3-806e-786db69ea623" testId="54a8c533-17fa-1b67-b0e4-80569fa46822" testName="Test_Strongly_typed_Mapper_for_Poco_to_Dto" computerName="MICHAEL-PC" duration="00:00:00.0030160" startTime="2012-06-10T22:58:43.5900000+08:00" endTime="2012-06-10T22:58:43.5970000+08:00" testType="13cdc9d9-ddb5-4fa4-a97d-d965ccfc6d4b" outcome="Passed" testListId="8c84fa94-04c1-424b-9868-57a2d4851a1d" relativeResultsDirectory="fb1afeff-8942-4ee3-806e-786db69ea623">
    </UnitTestResult>
    <UnitTestResult executionId="41fb7f5c-0961-428e-87db-ad226078448b" testId="5cba631f-b350-c9fc-48ed-945bf7159979" testName="Test_Dto_To_Live_Nh_Poco" computerName="MICHAEL-PC" duration="00:00:00.0294794" startTime="2012-06-10T22:58:43.6000000+08:00" endTime="2012-06-10T22:58:43.6330000+08:00" testType="13cdc9d9-ddb5-4fa4-a97d-d965ccfc6d4b" outcome="Passed" testListId="8c84fa94-04c1-424b-9868-57a2d4851a1d" relativeResultsDirectory="41fb7f5c-0961-428e-87db-ad226078448b">
    </UnitTestResult>
    <UnitTestResult executionId="a3ddde7b-ec8b-4096-a100-ba8f4bf2cacb" testId="6032bfcb-ead9-6f8b-54e1-1894c4fa55ab" testName="Test_Live_Ef_Language_Country_Poco_to_Dto" computerName="MICHAEL-PC" duration="00:00:00.1498198" startTime="2012-06-10T22:58:43.6370000+08:00" endTime="2012-06-10T22:58:43.7900000+08:00" testType="13cdc9d9-ddb5-4fa4-a97d-d965ccfc6d4b" outcome="Passed" testListId="8c84fa94-04c1-424b-9868-57a2d4851a1d" relativeResultsDirectory="a3ddde7b-ec8b-4096-a100-ba8f4bf2cacb">
    </UnitTestResult>
    <UnitTestResult executionId="edbde620-0f83-4384-ad4a-07fd8dd0b41c" testId="6a9476f7-86f9-8504-595a-f2251f9be6bf" testName="Test_Dto_To_Poco" computerName="MICHAEL-PC" duration="00:00:00.0041043" startTime="2012-06-10T22:58:43.8040000+08:00" endTime="2012-06-10T22:58:43.8120000+08:00" testType="13cdc9d9-ddb5-4fa4-a97d-d965ccfc6d4b" outcome="Passed" testListId="8c84fa94-04c1-424b-9868-57a2d4851a1d" relativeResultsDirectory="edbde620-0f83-4384-ad4a-07fd8dd0b41c">
    </UnitTestResult>
    <UnitTestResult executionId="88eee936-6928-422f-b0ad-d1fa2c14f552" testId="71c37fa7-eb5a-3ce4-535c-1616d2d1517e" testName="Test_nested_Live_Ef_Dto_to_Poco" computerName="MICHAEL-PC" duration="00:00:00.1022302" startTime="2012-06-10T22:58:43.8210000+08:00" endTime="2012-06-10T22:58:43.9280000+08:00" testType="13cdc9d9-ddb5-4fa4-a97d-d965ccfc6d4b" outcome="Passed" testListId="8c84fa94-04c1-424b-9868-57a2d4851a1d" relativeResultsDirectory="88eee936-6928-422f-b0ad-d1fa2c14f552">
    </UnitTestResult>
    <UnitTestResult executionId="a7ce7ebf-4f12-4852-bf8e-05616ed1828b" testId="868724cd-ee1a-d8c7-130f-18d9892c04d2" testName="Test_Live_Ef_Language_Country" computerName="MICHAEL-PC" duration="00:00:00.0135063" startTime="2012-06-10T22:58:43.9330000+08:00" endTime="2012-06-10T22:58:43.9520000+08:00" testType="13cdc9d9-ddb5-4fa4-a97d-d965ccfc6d4b" outcome="Passed" testListId="8c84fa94-04c1-424b-9868-57a2d4851a1d" relativeResultsDirectory="a7ce7ebf-4f12-4852-bf8e-05616ed1828b">
    </UnitTestResult>
    <UnitTestResult executionId="b1440679-d6fe-4d60-a541-26b1900a2f48" testId="a7d2cb75-a038-21d3-5a24-3d064aab4870" testName="Test_nested" computerName="MICHAEL-PC" duration="00:00:00.0005825" startTime="2012-06-10T22:58:43.9550000+08:00" endTime="2012-06-10T22:58:43.9600000+08:00" testType="13cdc9d9-ddb5-4fa4-a97d-d965ccfc6d4b" outcome="Passed" testListId="8c84fa94-04c1-424b-9868-57a2d4851a1d" relativeResultsDirectory="b1440679-d6fe-4d60-a541-26b1900a2f48">
    </UnitTestResult>
    <UnitTestResult executionId="eff6659a-d1eb-4ae7-b142-8841ead5427d" testId="c28ecea9-2bbb-9a85-15e6-7e296cbbdb71" testName="Test_Corner_Cases_on_Live_Ef_to_Poco" computerName="MICHAEL-PC" duration="00:00:00.1134482" startTime="2012-06-10T22:58:43.9640000+08:00" endTime="2012-06-10T22:58:44.0800000+08:00" testType="13cdc9d9-ddb5-4fa4-a97d-d965ccfc6d4b" outcome="Passed" testListId="8c84fa94-04c1-424b-9868-57a2d4851a1d" relativeResultsDirectory="eff6659a-d1eb-4ae7-b142-8841ead5427d">
    </UnitTestResult>
    <UnitTestResult executionId="00dfc68a-bc30-49d3-b061-2a46faced273" testId="e39ac0b9-7f42-f290-17ef-e8b3037f8a38" testName="Test_Poco_To_Dto" computerName="MICHAEL-PC" duration="00:00:00.0033625" startTime="2012-06-10T22:58:44.0840000+08:00" endTime="2012-06-10T22:58:44.0910000+08:00" testType="13cdc9d9-ddb5-4fa4-a97d-d965ccfc6d4b" outcome="Passed" testListId="8c84fa94-04c1-424b-9868-57a2d4851a1d" relativeResultsDirectory="00dfc68a-bc30-49d3-b061-2a46faced273">
    </UnitTestResult>
    <UnitTestResult executionId="6d683c52-97a5-4dc3-964f-d34603070187" testId="e79dc9e1-ed55-95b0-8016-10df46076ea1" testName="Test_Live_EF_Poco_To_Dto" computerName="MICHAEL-PC" duration="00:00:00.1071518" startTime="2012-06-10T22:58:44.0950000+08:00" endTime="2012-06-10T22:58:44.2070000+08:00" testType="13cdc9d9-ddb5-4fa4-a97d-d965ccfc6d4b" outcome="Passed" testListId="8c84fa94-04c1-424b-9868-57a2d4851a1d" relativeResultsDirectory="6d683c52-97a5-4dc3-964f-d34603070187">
    </UnitTestResult>
  </Results>
</TestRun>