<?xml version="1.0" encoding="UTF-8"?>
<TestRun id="894400dc-6ce3-493b-9b61-602de28eb6c4" name="Michael@MICHAEL-PC 2012-06-09 10:15:28" runUser="Michael-PC\Michael" xmlns="http://microsoft.com/schemas/VisualStudio/TeamTest/2010">
  <TestSettings name="Local" id="397f7128-1790-459c-a965-4142d4897709">
    <Description>These are default test settings for a local test run.</Description>
    <Deployment userDeploymentRoot="C:\Users\Michael\_CODE\DitTO\TestResults" useDefaultDeploymentRoot="false" enabled="false" runDeploymentRoot="Michael_MICHAEL-PC 2012-06-09 10_15_28">
      <DeploymentItem filename="C:\Users\Michael\_CODE\DitTO\packages\EntityFramework.4.3.1\lib\net40\EntityFramework.dll" />
      <DeploymentItem filename="C:\Users\Michael\_CODE\Ienablemuch.ToTheEfnhX\Ienablemuch.ToTheEfnhX.EntityFramework\bin\Release\Ienablemuch.ToTheEfnhX.EntityFramework.dll" />
      <DeploymentItem filename="C:\Users\Michael\_CODE\DitTO\packages\Iesi.Collections.3.2.0.4000\lib\Net35\Iesi.Collections.dll" />
      <DeploymentItem filename="C:\Users\Michael\_CODE\DitTO\DitTO\bin\Debug\Ienablemuch.DitTO.dll" />
      <DeploymentItem filename="C:\Users\Michael\_CODE\DitTO\packages\FluentNHibernate.1.3.0.727\lib\FluentNHibernate.dll" />
      <DeploymentItem filename="C:\Users\Michael\_CODE\DitTO\packages\NHibernate.3.3.0.4000\lib\Net35\NHibernate.dll" />
      <DeploymentItem filename="C:\Users\Michael\_CODE\Ienablemuch.ToTheEfnhX\Ienablemuch.ToTheEfnhX.EntityFramework\bin\Release\SystemLinqDynamic.dll" />
      <DeploymentItem filename="C:\Users\Michael\_CODE\DitTO\TheEntities\bin\Debug\TheEntities.dll" />
      <DeploymentItem filename="C:\Users\Michael\_CODE\Ienablemuch.ToTheEfnhX\Ienablemuch.ToTheEfnhX.EntityFramework\bin\Release\Ienablemuch.ToTheEfnhX.dll" />
      <DeploymentItem filename="C:\Users\Michael\_CODE\DitTO\Ienablemuch.DitTO.EntityFrameworkStubMaker\bin\Debug\Ienablemuch.DitTO.EntityFrameworkStubAssigner.dll" />
    </Deployment>
    <Execution>
      <TestTypeSpecific />
      <AgentRule name="Execution Agents">
      </AgentRule>
    </Execution>
  </TestSettings>
  <Times creation="2012-06-09T10:15:28.9950000+08:00" queuing="2012-06-09T10:15:29.0390000+08:00" start="2012-06-09T10:15:29.0590000+08:00" finish="2012-06-09T10:15:30.6150000+08:00" />
  <ResultSummary outcome="Completed">
    <Counters total="1" executed="1" passed="1" error="0" failed="0" timeout="0" aborted="0" inconclusive="0" passedButRunAborted="0" notRunnable="0" notExecuted="0" disconnected="0" warning="0" completed="0" inProgress="0" pending="0" />
  </ResultSummary>
  <TestDefinitions>
    <UnitTest name="Test_Live_Ef_to_Poco_Get" storage="c:\users\michael\_code\ditto\testditto\bin\debug\testditto.dll" id="b6cff934-6c1b-acff-abf7-abfad91f450a">
      <Execution id="183154a0-5750-4fe8-8075-5df1d6fe35ba" />
      <TestMethod codeBase="C:/Users/Michael/_CODE/DitTO/TestDitTO/bin/Debug/TestDitTO.DLL" adapterTypeName="Microsoft.VisualStudio.TestTools.TestTypes.Unit.UnitTestAdapter, Microsoft.VisualStudio.QualityTools.Tips.UnitTest.Adapter, Version=10.0.0.0, Culture=neutral, PublicKeyToken=b03f5f7f11d50a3a" className="TestDitTO.Tests, TestDitTO, Version=1.0.0.0, Culture=neutral, PublicKeyToken=null" name="Test_Live_Ef_to_Poco_Get" />
    </UnitTest>
  </TestDefinitions>
  <TestLists>
    <TestList name="Results Not in a List" id="8c84fa94-04c1-424b-9868-57a2d4851a1d" />
    <TestList name="All Loaded Results" id="19431567-8539-422a-85d7-44ee4e166bda" />
  </TestLists>
  <TestEntries>
    <TestEntry testId="b6cff934-6c1b-acff-abf7-abfad91f450a" executionId="183154a0-5750-4fe8-8075-5df1d6fe35ba" testListId="8c84fa94-04c1-424b-9868-57a2d4851a1d" />
  </TestEntries>
  <Results>
    <UnitTestResult executionId="183154a0-5750-4fe8-8075-5df1d6fe35ba" testId="b6cff934-6c1b-acff-abf7-abfad91f450a" testName="Test_Live_Ef_to_Poco_Get" computerName="MICHAEL-PC" duration="00:00:01.2420920" startTime="2012-06-09T10:15:29.0960000+08:00" endTime="2012-06-09T10:15:30.5930000+08:00" testType="13cdc9d9-ddb5-4fa4-a97d-d965ccfc6d4b" outcome="Passed" testListId="8c84fa94-04c1-424b-9868-57a2d4851a1d" relativeResultsDirectory="183154a0-5750-4fe8-8075-5df1d6fe35ba">
      <Output>
        <DebugTrace>Customer
LanguageId
LanguageName
LanguageId
LanguageName
OrderLines
Order
Product
Freebie
Comments
OrderLineId
Quantity
Price
Amount
Order
Product
Freebie
Comments
RelationshipManager
CommentId
TheComment
OrderLine
OrderLine
RelationshipManager
CommentId
TheComment
OrderLineId
Quantity
Price
Amount
Order
Product
Freebie
Comments
OrderLineId
Quantity
Price
Amount
OrderId
OrderDescription
OrderDate
</DebugTrace>
      </Output>
    </UnitTestResult>
  </Results>
</TestRun>