<?xml version="1.0" encoding="UTF-8"?>
<TestRun id="fbab0988-7e45-4217-990f-eda5474f32be" name="Michael@MICHAEL-PC 2012-06-03 14:55:04" runUser="Michael-PC\Michael" xmlns="http://microsoft.com/schemas/VisualStudio/TeamTest/2010">
  <TestSettings name="Local" id="397f7128-1790-459c-a965-4142d4897709">
    <Description>These are default test settings for a local test run.</Description>
    <Deployment userDeploymentRoot="C:\Users\Michael\_CODE\DitTO\TestResults" useDefaultDeploymentRoot="false" enabled="false" runDeploymentRoot="Michael_MICHAEL-PC 2012-06-03 14_55_04">
      <DeploymentItem filename="C:\Users\Michael\_CODE\DitTO\packages\EntityFramework.4.3.1\lib\net40\EntityFramework.dll" />
      <DeploymentItem filename="C:\Users\Michael\_CODE\Ienablemuch.ToTheEfnhX\Ienablemuch.ToTheEfnhX.EntityFramework\bin\Release\Ienablemuch.ToTheEfnhX.EntityFramework.dll" />
      <DeploymentItem filename="C:\Users\Michael\_CODE\DitTO\packages\Iesi.Collections.3.2.0.4000\lib\Net35\Iesi.Collections.dll" />
      <DeploymentItem filename="C:\Users\Michael\_CODE\DitTO\DitTO\bin\Debug\Ienablemuch.DitTO.dll" />
      <DeploymentItem filename="C:\Users\Michael\_CODE\DitTO\packages\FluentNHibernate.1.3.0.727\lib\FluentNHibernate.dll" />
      <DeploymentItem filename="C:\Users\Michael\_CODE\DitTO\packages\NHibernate.3.3.0.4000\lib\Net35\NHibernate.dll" />
      <DeploymentItem filename="C:\Users\Michael\_CODE\Ienablemuch.ToTheEfnhX\Ienablemuch.ToTheEfnhX.EntityFramework\bin\Release\SystemLinqDynamic.dll" />
      <DeploymentItem filename="C:\Users\Michael\_CODE\DitTO\TheEntities\bin\Debug\TheEntities.dll" />
      <DeploymentItem filename="C:\Users\Michael\_CODE\Ienablemuch.ToTheEfnhX\Ienablemuch.ToTheEfnhX.EntityFramework\bin\Release\Ienablemuch.ToTheEfnhX.dll" />
      <DeploymentItem filename="C:\Users\Michael\_CODE\DitTO\Ienablemuch.DitTO.EntityFrameworkStubMaker\bin\Debug\Ienablemuch.DitTO.EntityFrameworkStubAssigner.dll" />
    </Deployment>
    <Execution>
      <TestTypeSpecific />
      <AgentRule name="Execution Agents">
      </AgentRule>
    </Execution>
  </TestSettings>
  <Times creation="2012-06-03T14:55:04.8090000+08:00" queuing="2012-06-03T14:55:04.8490000+08:00" start="2012-06-03T14:55:04.8670000+08:00" finish="2012-06-03T14:55:06.2850000+08:00" />
  <ResultSummary outcome="Failed">
    <Counters total="1" executed="1" error="0" failed="1" timeout="0" aborted="0" inconclusive="0" passedButRunAborted="0" notRunnable="0" notExecuted="0" disconnected="0" warning="0" passed="0" completed="0" inProgress="0" pending="0" />
  </ResultSummary>
  <TestDefinitions>
    <UnitTest name="Test_Live_Poco_To_Dto" storage="c:\users\michael\_code\ditto\testditto\bin\debug\testditto.dll" id="3f20ef7e-c5dc-c97c-b968-9597f0c16966">
      <Execution id="2204f7b7-282b-4fdc-8287-d354b7984864" />
      <TestMethod codeBase="C:/Users/Michael/_CODE/DitTO/TestDitTO/bin/Debug/TestDitTO.DLL" adapterTypeName="Microsoft.VisualStudio.TestTools.TestTypes.Unit.UnitTestAdapter, Microsoft.VisualStudio.QualityTools.Tips.UnitTest.Adapter, Version=10.0.0.0, Culture=neutral, PublicKeyToken=b03f5f7f11d50a3a" className="TestDitTO.Tests, TestDitTO, Version=1.0.0.0, Culture=neutral, PublicKeyToken=null" name="Test_Live_Poco_To_Dto" />
    </UnitTest>
  </TestDefinitions>
  <TestLists>
    <TestList name="Results Not in a List" id="8c84fa94-04c1-424b-9868-57a2d4851a1d" />
    <TestList name="All Loaded Results" id="19431567-8539-422a-85d7-44ee4e166bda" />
  </TestLists>
  <TestEntries>
    <TestEntry testId="3f20ef7e-c5dc-c97c-b968-9597f0c16966" executionId="2204f7b7-282b-4fdc-8287-d354b7984864" testListId="8c84fa94-04c1-424b-9868-57a2d4851a1d" />
  </TestEntries>
  <Results>
    <UnitTestResult executionId="2204f7b7-282b-4fdc-8287-d354b7984864" testId="3f20ef7e-c5dc-c97c-b968-9597f0c16966" testName="Test_Live_Poco_To_Dto" computerName="MICHAEL-PC" duration="00:00:01.1052108" startTime="2012-06-03T14:55:04.9050000+08:00" endTime="2012-06-03T14:55:06.2610000+08:00" testType="13cdc9d9-ddb5-4fa4-a97d-d965ccfc6d4b" outcome="Failed" testListId="8c84fa94-04c1-424b-9868-57a2d4851a1d" relativeResultsDirectory="2204f7b7-282b-4fdc-8287-d354b7984864">
      <Output>
        <ErrorInfo>
          <Message>Test method TestDitTO.Tests.Test_Live_Poco_To_Dto threw exception: 
FluentNHibernate.Cfg.FluentConfigurationException: An invalid or incomplete configuration was used while creating a SessionFactory. Check PotentialReasons collection, and InnerException for more detail.

 ---&gt; FluentNHibernate.Cfg.FluentConfigurationException: An invalid or incomplete configuration was used while creating a SessionFactory. Check PotentialReasons collection, and InnerException for more detail.

 ---&gt; System.NullReferenceException: Object reference not set to an instance of an object.</Message>
          <StackTrace>    at FluentNHibernate.Conventions.Inspections.ElementInspector.get_StringIdentifierForModel()
   at TestDitTO.NhDbMapper.ForeignKeyNameConvention.Apply(IOneToManyCollectionInstance instance) in C:\Users\Michael\_CODE\DitTO\TestDitTO\NhDbMapper.cs:line 122
   at FluentNHibernate.Visitors.ConventionVisitor.Apply[TInspector,TInstance](IEnumerable conventions, TInstance instance)
   at FluentNHibernate.Visitors.ConventionVisitor.ProcessCollection(CollectionMapping mapping)
   at FluentNHibernate.MappingModel.Collections.CollectionMapping.AcceptVisitor(IMappingModelVisitor visitor)
   at FluentNHibernate.Visitors.DefaultMappingModelVisitor.Visit(CollectionMapping collectionMapping)
   at FluentNHibernate.MappingModel.MappedMembers.AcceptVisitor(IMappingModelVisitor visitor)
   at FluentNHibernate.MappingModel.ClassBased.ClassMappingBase.AcceptVisitor(IMappingModelVisitor visitor)
   at FluentNHibernate.MappingModel.ClassBased.ClassMapping.AcceptVisitor(IMappingModelVisitor visitor)
   at FluentNHibernate.Visitors.DefaultMappingModelVisitor.Visit(ClassMapping classMapping)
   at FluentNHibernate.MappingModel.HibernateMapping.AcceptVisitor(IMappingModelVisitor visitor)
   at FluentNHibernate.Visitors.DefaultMappingModelVisitor.&lt;Visit&gt;b__0(HibernateMapping x)
   at FluentNHibernate.Utils.CollectionExtensions.Each[T](IEnumerable`1 enumerable, Action`1 each)
   at FluentNHibernate.Visitors.DefaultMappingModelVisitor.Visit(IEnumerable`1 mappings)
   at FluentNHibernate.PersistenceModel.ApplyVisitors(IEnumerable`1 mappings)
   at FluentNHibernate.PersistenceModel.BuildMappings()
   at FluentNHibernate.Automapping.AutoPersistenceModel.BuildMappings()
   at FluentNHibernate.PersistenceModel.EnsureMappingsBuilt()
   at FluentNHibernate.PersistenceModel.Configure(Configuration cfg)
   at FluentNHibernate.Automapping.AutoPersistenceModel.Configure(Configuration configuration)
   at FluentNHibernate.Cfg.AutoMappingsContainer.Apply(Configuration cfg, PersistenceModel model)
   at FluentNHibernate.Cfg.MappingConfiguration.Apply(Configuration cfg)
   at FluentNHibernate.Cfg.FluentConfiguration.BuildConfiguration()
 --- End of inner exception stack trace ---
    at FluentNHibernate.Cfg.FluentConfiguration.BuildConfiguration()
   at FluentNHibernate.Cfg.FluentConfiguration.BuildSessionFactory()
 --- End of inner exception stack trace ---
    at FluentNHibernate.Cfg.FluentConfiguration.BuildSessionFactory()
   at TestDitTO.NhDbMapper.GetSessionFactory(String connectionString) in C:\Users\Michael\_CODE\DitTO\TestDitTO\NhDbMapper.cs:line 99
   at TestDitTO.NhDbMapper.GetSession(String connectionString) in C:\Users\Michael\_CODE\DitTO\TestDitTO\NhDbMapper.cs:line 24
   at TestDitTO.Tests.Test_Live_Poco_To_Dto() in C:\Users\Michael\_CODE\DitTO\TestDitTO\Tests.cs:line 150
</StackTrace>
        </ErrorInfo>
      </Output>
    </UnitTestResult>
  </Results>
</TestRun>