<?xml version="1.0" encoding="UTF-8"?>
<TestRun id="9b3d1d55-845d-4874-8e6f-c8b6bce9b9ec" name="Michael@MICHAEL-PC 2012-06-07 09:40:30" runUser="Michael-PC\Michael" xmlns="http://microsoft.com/schemas/VisualStudio/TeamTest/2010">
  <TestSettings name="Local" id="397f7128-1790-459c-a965-4142d4897709">
    <Description>These are default test settings for a local test run.</Description>
    <Deployment userDeploymentRoot="C:\Users\Michael\_CODE\DitTO\TestResults" useDefaultDeploymentRoot="false" enabled="false" runDeploymentRoot="Michael_MICHAEL-PC 2012-06-07 09_40_30">
      <DeploymentItem filename="C:\Users\Michael\_CODE\DitTO\packages\EntityFramework.4.3.1\lib\net40\EntityFramework.dll" />
      <DeploymentItem filename="C:\Users\Michael\_CODE\Ienablemuch.ToTheEfnhX\Ienablemuch.ToTheEfnhX.EntityFramework\bin\Release\Ienablemuch.ToTheEfnhX.EntityFramework.dll" />
      <DeploymentItem filename="C:\Users\Michael\_CODE\DitTO\packages\Iesi.Collections.3.2.0.4000\lib\Net35\Iesi.Collections.dll" />
      <DeploymentItem filename="C:\Users\Michael\_CODE\DitTO\DitTO\bin\Debug\Ienablemuch.DitTO.dll" />
      <DeploymentItem filename="C:\Users\Michael\_CODE\DitTO\packages\FluentNHibernate.1.3.0.727\lib\FluentNHibernate.dll" />
      <DeploymentItem filename="C:\Users\Michael\_CODE\DitTO\packages\NHibernate.3.3.0.4000\lib\Net35\NHibernate.dll" />
      <DeploymentItem filename="C:\Users\Michael\_CODE\Ienablemuch.ToTheEfnhX\Ienablemuch.ToTheEfnhX.EntityFramework\bin\Release\SystemLinqDynamic.dll" />
      <DeploymentItem filename="C:\Users\Michael\_CODE\DitTO\TheEntities\bin\Debug\TheEntities.dll" />
      <DeploymentItem filename="C:\Users\Michael\_CODE\Ienablemuch.ToTheEfnhX\Ienablemuch.ToTheEfnhX.EntityFramework\bin\Release\Ienablemuch.ToTheEfnhX.dll" />
      <DeploymentItem filename="C:\Users\Michael\_CODE\DitTO\Ienablemuch.DitTO.EntityFrameworkStubMaker\bin\Debug\Ienablemuch.DitTO.EntityFrameworkStubAssigner.dll" />
    </Deployment>
    <Execution>
      <TestTypeSpecific />
      <AgentRule name="Execution Agents">
      </AgentRule>
    </Execution>
  </TestSettings>
  <Times creation="2012-06-07T09:40:30.0350000+08:00" queuing="2012-06-07T09:40:30.0750000+08:00" start="2012-06-07T09:40:30.0970000+08:00" finish="2012-06-07T09:40:31.5730000+08:00" />
  <ResultSummary outcome="Failed">
    <Counters total="2" executed="2" error="0" failed="2" timeout="0" aborted="0" inconclusive="0" passedButRunAborted="0" notRunnable="0" notExecuted="0" disconnected="0" warning="0" passed="0" completed="0" inProgress="0" pending="0" />
  </ResultSummary>
  <TestDefinitions>
    <UnitTest name="Test_nested_Live_Ef_Dto_to_Poco" storage="c:\users\michael\_code\ditto\testditto\bin\debug\testditto.dll" id="71c37fa7-eb5a-3ce4-535c-1616d2d1517e">
      <Execution id="d1f583fb-8dd4-423f-a1fc-8cc365a55c19" />
      <TestMethod codeBase="C:/Users/Michael/_CODE/DitTO/TestDitTO/bin/Debug/TestDitTO.DLL" adapterTypeName="Microsoft.VisualStudio.TestTools.TestTypes.Unit.UnitTestAdapter, Microsoft.VisualStudio.QualityTools.Tips.UnitTest.Adapter, Version=10.0.0.0, Culture=neutral, PublicKeyToken=b03f5f7f11d50a3a" className="TestDitTO.Tests, TestDitTO, Version=1.0.0.0, Culture=neutral, PublicKeyToken=null" name="Test_nested_Live_Ef_Dto_to_Poco" />
    </UnitTest>
    <UnitTest name="Test_Dto_To_Live_Ef_Poco" storage="c:\users\michael\_code\ditto\testditto\bin\debug\testditto.dll" id="03a77bf7-0d03-4582-234d-239776031b7e">
      <Execution id="2e80411e-8429-4d3e-a417-864796e73560" />
      <TestMethod codeBase="C:/Users/Michael/_CODE/DitTO/TestDitTO/bin/Debug/TestDitTO.DLL" adapterTypeName="Microsoft.VisualStudio.TestTools.TestTypes.Unit.UnitTestAdapter, Microsoft.VisualStudio.QualityTools.Tips.UnitTest.Adapter, Version=10.0.0.0, Culture=neutral, PublicKeyToken=b03f5f7f11d50a3a" className="TestDitTO.Tests, TestDitTO, Version=1.0.0.0, Culture=neutral, PublicKeyToken=null" name="Test_Dto_To_Live_Ef_Poco" />
    </UnitTest>
  </TestDefinitions>
  <TestLists>
    <TestList name="Results Not in a List" id="8c84fa94-04c1-424b-9868-57a2d4851a1d" />
    <TestList name="All Loaded Results" id="19431567-8539-422a-85d7-44ee4e166bda" />
  </TestLists>
  <TestEntries>
    <TestEntry testId="03a77bf7-0d03-4582-234d-239776031b7e" executionId="2e80411e-8429-4d3e-a417-864796e73560" testListId="8c84fa94-04c1-424b-9868-57a2d4851a1d" />
    <TestEntry testId="71c37fa7-eb5a-3ce4-535c-1616d2d1517e" executionId="d1f583fb-8dd4-423f-a1fc-8cc365a55c19" testListId="8c84fa94-04c1-424b-9868-57a2d4851a1d" />
  </TestEntries>
  <Results>
    <UnitTestResult executionId="2e80411e-8429-4d3e-a417-864796e73560" testId="03a77bf7-0d03-4582-234d-239776031b7e" testName="Test_Dto_To_Live_Ef_Poco" computerName="MICHAEL-PC" duration="00:00:01.0444332" startTime="2012-06-07T09:40:30.1010000+08:00" endTime="2012-06-07T09:40:31.3900000+08:00" testType="13cdc9d9-ddb5-4fa4-a97d-d965ccfc6d4b" outcome="Failed" testListId="8c84fa94-04c1-424b-9868-57a2d4851a1d" relativeResultsDirectory="2e80411e-8429-4d3e-a417-864796e73560">
      <Output>
        <ErrorInfo>
          <Message>Test method TestDitTO.Tests.Test_Dto_To_Live_Ef_Poco threw exception: 
System.Exception: 0</Message>
          <StackTrace>    at Ienablemuch.ToTheEfnhX.EntityFramework.EfRepository`1.Merge(TEnt ent, Byte[] version) in C:\Users\Michael\_CODE\Ienablemuch.ToTheEfnhX\Ienablemuch.ToTheEfnhX.EntityFramework\EfRepository.cs:line 330
   at TestDitTO.Tests.Test_Dto_To_Live_Ef_Poco() in C:\Users\Michael\_CODE\DitTO\TestDitTO\Tests.cs:line 326
</StackTrace>
        </ErrorInfo>
      </Output>
    </UnitTestResult>
    <UnitTestResult executionId="d1f583fb-8dd4-423f-a1fc-8cc365a55c19" testId="71c37fa7-eb5a-3ce4-535c-1616d2d1517e" testName="Test_nested_Live_Ef_Dto_to_Poco" computerName="MICHAEL-PC" duration="00:00:00.0078504" startTime="2012-06-07T09:40:31.3990000+08:00" endTime="2012-06-07T09:40:31.4110000+08:00" testType="13cdc9d9-ddb5-4fa4-a97d-d965ccfc6d4b" outcome="Failed" testListId="8c84fa94-04c1-424b-9868-57a2d4851a1d" relativeResultsDirectory="d1f583fb-8dd4-423f-a1fc-8cc365a55c19">
      <Output>
        <ErrorInfo>
          <Message>Test method TestDitTO.Tests.Test_nested_Live_Ef_Dto_to_Poco threw exception: 
System.Exception: 0</Message>
          <StackTrace>    at Ienablemuch.ToTheEfnhX.EntityFramework.EfRepository`1.Merge(TEnt ent, Byte[] version) in C:\Users\Michael\_CODE\Ienablemuch.ToTheEfnhX\Ienablemuch.ToTheEfnhX.EntityFramework\EfRepository.cs:line 330
   at TestDitTO.Tests.Test_nested_Live_Ef_Dto_to_Poco() in C:\Users\Michael\_CODE\DitTO\TestDitTO\Tests.cs:line 728
</StackTrace>
        </ErrorInfo>
      </Output>
    </UnitTestResult>
  </Results>
</TestRun>