<?xml version="1.0" encoding="UTF-8"?>
<TestRun id="f1c4dc87-72fb-4434-85b7-1c88dafa03af" name="Michael@MICHAEL-PC 2012-06-09 12:01:07" runUser="Michael-PC\Michael" xmlns="http://microsoft.com/schemas/VisualStudio/TeamTest/2010">
  <TestSettings name="Local" id="397f7128-1790-459c-a965-4142d4897709">
    <Description>These are default test settings for a local test run.</Description>
    <Deployment userDeploymentRoot="C:\Users\Michael\_CODE\DitTO\TestResults" useDefaultDeploymentRoot="false" enabled="false" runDeploymentRoot="Michael_MICHAEL-PC 2012-06-09 12_01_07">
      <DeploymentItem filename="C:\Users\Michael\_CODE\DitTO\packages\EntityFramework.4.3.1\lib\net40\EntityFramework.dll" />
      <DeploymentItem filename="C:\Users\Michael\_CODE\Ienablemuch.ToTheEfnhX\Ienablemuch.ToTheEfnhX.EntityFramework\bin\Release\Ienablemuch.ToTheEfnhX.EntityFramework.dll" />
      <DeploymentItem filename="C:\Users\Michael\_CODE\DitTO\packages\Iesi.Collections.3.2.0.4000\lib\Net35\Iesi.Collections.dll" />
      <DeploymentItem filename="C:\Users\Michael\_CODE\DitTO\DitTO\bin\Debug\Ienablemuch.DitTO.dll" />
      <DeploymentItem filename="C:\Users\Michael\_CODE\DitTO\packages\FluentNHibernate.1.3.0.727\lib\FluentNHibernate.dll" />
      <DeploymentItem filename="C:\Users\Michael\_CODE\DitTO\packages\NHibernate.3.3.0.4000\lib\Net35\NHibernate.dll" />
      <DeploymentItem filename="C:\Users\Michael\_CODE\Ienablemuch.ToTheEfnhX\Ienablemuch.ToTheEfnhX.EntityFramework\bin\Release\SystemLinqDynamic.dll" />
      <DeploymentItem filename="C:\Users\Michael\_CODE\DitTO\TheEntities\bin\Debug\TheEntities.dll" />
      <DeploymentItem filename="C:\Users\Michael\_CODE\Ienablemuch.ToTheEfnhX\Ienablemuch.ToTheEfnhX.EntityFramework\bin\Release\Ienablemuch.ToTheEfnhX.dll" />
      <DeploymentItem filename="C:\Users\Michael\_CODE\DitTO\Ienablemuch.DitTO.EntityFrameworkStubMaker\bin\Debug\Ienablemuch.DitTO.EntityFrameworkStubAssigner.dll" />
    </Deployment>
    <Execution>
      <TestTypeSpecific />
      <AgentRule name="Execution Agents">
      </AgentRule>
    </Execution>
  </TestSettings>
  <Times creation="2012-06-09T12:01:07.5440000+08:00" queuing="2012-06-09T12:01:07.5830000+08:00" start="2012-06-09T12:01:07.6270000+08:00" finish="2012-06-09T12:01:08.1770000+08:00" />
  <ResultSummary outcome="Failed">
    <Counters total="1" executed="1" error="0" failed="1" timeout="0" aborted="0" inconclusive="0" passedButRunAborted="0" notRunnable="0" notExecuted="0" disconnected="0" warning="0" passed="0" completed="0" inProgress="0" pending="0" />
  </ResultSummary>
  <TestDefinitions>
    <UnitTest name="Test_Corner_Cases_Mapping" storage="c:\users\michael\_code\ditto\testditto\bin\debug\testditto.dll" id="5bc022a0-b8fe-f6b6-33a0-7250f44b6f59">
      <Execution id="09f24308-6100-4475-b1bd-30383478c1c5" />
      <TestMethod codeBase="C:/Users/Michael/_CODE/DitTO/TestDitTO/bin/Debug/TestDitTO.DLL" adapterTypeName="Microsoft.VisualStudio.TestTools.TestTypes.Unit.UnitTestAdapter, Microsoft.VisualStudio.QualityTools.Tips.UnitTest.Adapter, Version=10.0.0.0, Culture=neutral, PublicKeyToken=b03f5f7f11d50a3a" className="TestDitTO.Tests, TestDitTO, Version=1.0.0.0, Culture=neutral, PublicKeyToken=null" name="Test_Corner_Cases_Mapping" />
    </UnitTest>
  </TestDefinitions>
  <TestLists>
    <TestList name="Results Not in a List" id="8c84fa94-04c1-424b-9868-57a2d4851a1d" />
    <TestList name="All Loaded Results" id="19431567-8539-422a-85d7-44ee4e166bda" />
  </TestLists>
  <TestEntries>
    <TestEntry testId="5bc022a0-b8fe-f6b6-33a0-7250f44b6f59" executionId="09f24308-6100-4475-b1bd-30383478c1c5" testListId="8c84fa94-04c1-424b-9868-57a2d4851a1d" />
  </TestEntries>
  <Results>
    <UnitTestResult executionId="09f24308-6100-4475-b1bd-30383478c1c5" testId="5bc022a0-b8fe-f6b6-33a0-7250f44b6f59" testName="Test_Corner_Cases_Mapping" computerName="MICHAEL-PC" duration="00:00:00.0669191" startTime="2012-06-09T12:01:07.6540000+08:00" endTime="2012-06-09T12:01:07.9580000+08:00" testType="13cdc9d9-ddb5-4fa4-a97d-d965ccfc6d4b" outcome="Failed" testListId="8c84fa94-04c1-424b-9868-57a2d4851a1d" relativeResultsDirectory="09f24308-6100-4475-b1bd-30383478c1c5">
      <Output>
        <ErrorInfo>
          <Message>Assert.AreEqual failed. Expected:&lt;11/5/1976 12:00:00 AM&gt;. Actual:&lt;1/1/0001 12:00:00 AM&gt;. </Message>
          <StackTrace>   at TestDitTO.Tests.Test_Corner_Cases_Mapping() in C:\Users\Michael\_CODE\DitTO\TestDitTO\Tests.cs:line 852
</StackTrace>
        </ErrorInfo>
      </Output>
    </UnitTestResult>
  </Results>
</TestRun>